{"E:\\Git\\karaoke\\front\\src\\pages\\Karaoke\\index.jsx": {"path":"E:\\Git\\karaoke\\front\\src\\pages\\Karaoke\\index.jsx","statementMap":{"0":{"start":{"line":41,"column":6},"end":{"line":49,"column":null}},"1":{"start":{"line":42,"column":2},"end":{"line":48,"column":null}},"2":{"start":{"line":51,"column":21},"end":{"line":51,"column":35}},"3":{"start":{"line":52,"column":56},"end":{"line":52,"column":null}},"4":{"start":{"line":53,"column":33},"end":{"line":53,"column":null}},"5":{"start":{"line":60,"column":6},"end":{"line":60,"column":15}},"6":{"start":{"line":61,"column":19},"end":{"line":61,"column":31}},"7":{"start":{"line":62,"column":19},"end":{"line":62,"column":31}},"8":{"start":{"line":63,"column":45},"end":{"line":67,"column":null}},"9":{"start":{"line":68,"column":17},"end":{"line":68,"column":null}},"10":{"start":{"line":69,"column":15},"end":{"line":71,"column":null}},"11":{"start":{"line":70,"column":32},"end":{"line":70,"column":47}},"12":{"start":{"line":71,"column":32},"end":{"line":71,"column":51}},"13":{"start":{"line":76,"column":6},"end":{"line":76,"column":null}},"14":{"start":{"line":77,"column":26},"end":{"line":77,"column":null}},"15":{"start":{"line":78,"column":20},"end":{"line":78,"column":null}},"16":{"start":{"line":79,"column":19},"end":{"line":79,"column":null}},"17":{"start":{"line":80,"column":25},"end":{"line":80,"column":null}},"18":{"start":{"line":81,"column":29},"end":{"line":81,"column":null}},"19":{"start":{"line":82,"column":32},"end":{"line":82,"column":null}},"20":{"start":{"line":83,"column":32},"end":{"line":83,"column":null}},"21":{"start":{"line":84,"column":30},"end":{"line":84,"column":null}},"22":{"start":{"line":85,"column":23},"end":{"line":85,"column":null}},"23":{"start":{"line":86,"column":36},"end":{"line":86,"column":null}},"24":{"start":{"line":87,"column":40},"end":{"line":87,"column":null}},"25":{"start":{"line":88,"column":34},"end":{"line":88,"column":null}},"26":{"start":{"line":108,"column":6},"end":{"line":108,"column":28}},"27":{"start":{"line":114,"column":54},"end":{"line":114,"column":null}},"28":{"start":{"line":115,"column":56},"end":{"line":115,"column":null}},"29":{"start":{"line":116,"column":33},"end":{"line":116,"column":null}},"30":{"start":{"line":117,"column":36},"end":{"line":128,"column":null}},"31":{"start":{"line":118,"column":4},"end":{"line":125,"column":null}},"32":{"start":{"line":119,"column":6},"end":{"line":123,"column":null}},"33":{"start":{"line":120,"column":21},"end":{"line":120,"column":null}},"34":{"start":{"line":121,"column":8},"end":{"line":121,"column":null}},"35":{"start":{"line":122,"column":8},"end":{"line":122,"column":null}},"36":{"start":{"line":124,"column":6},"end":{"line":124,"column":null}},"37":{"start":{"line":126,"column":4},"end":{"line":126,"column":null}},"38":{"start":{"line":127,"column":4},"end":{"line":127,"column":null}},"39":{"start":{"line":129,"column":46},"end":{"line":129,"column":null}},"40":{"start":{"line":130,"column":2},"end":{"line":135,"column":null}},"41":{"start":{"line":133,"column":4},"end":{"line":133,"column":null}},"42":{"start":{"line":134,"column":4},"end":{"line":134,"column":null}},"43":{"start":{"line":134,"column":17},"end":{"line":134,"column":null}},"44":{"start":{"line":136,"column":56},"end":{"line":136,"column":null}},"45":{"start":{"line":137,"column":29},"end":{"line":137,"column":null}},"46":{"start":{"line":138,"column":44},"end":{"line":138,"column":null}},"47":{"start":{"line":139,"column":52},"end":{"line":139,"column":null}},"48":{"start":{"line":141,"column":4},"end":{"line":141,"column":null}},"49":{"start":{"line":142,"column":29},"end":{"line":142,"column":null}},"50":{"start":{"line":144,"column":4},"end":{"line":146,"column":null}},"51":{"start":{"line":147,"column":2},"end":{"line":155,"column":null}},"52":{"start":{"line":148,"column":4},"end":{"line":148,"column":null}},"53":{"start":{"line":148,"column":29},"end":{"line":148,"column":null}},"54":{"start":{"line":153,"column":18},"end":{"line":153,"column":null}},"55":{"start":{"line":153,"column":42},"end":{"line":153,"column":73}},"56":{"start":{"line":154,"column":4},"end":{"line":154,"column":null}},"57":{"start":{"line":154,"column":17},"end":{"line":154,"column":null}},"58":{"start":{"line":156,"column":29},"end":{"line":165,"column":null}},"59":{"start":{"line":157,"column":4},"end":{"line":157,"column":null}},"60":{"start":{"line":158,"column":4},"end":{"line":160,"column":null}},"61":{"start":{"line":159,"column":6},"end":{"line":159,"column":null}},"62":{"start":{"line":161,"column":4},"end":{"line":164,"column":null}},"63":{"start":{"line":162,"column":6},"end":{"line":162,"column":null}},"64":{"start":{"line":163,"column":6},"end":{"line":163,"column":null}},"65":{"start":{"line":166,"column":2},"end":{"line":173,"column":null}},"66":{"start":{"line":167,"column":4},"end":{"line":167,"column":null}},"67":{"start":{"line":168,"column":4},"end":{"line":172,"column":null}},"68":{"start":{"line":169,"column":6},"end":{"line":171,"column":null}},"69":{"start":{"line":170,"column":8},"end":{"line":170,"column":null}},"70":{"start":{"line":174,"column":25},"end":{"line":174,"column":null}},"71":{"start":{"line":175,"column":22},"end":{"line":175,"column":null}},"72":{"start":{"line":176,"column":28},"end":{"line":176,"column":null}},"73":{"start":{"line":177,"column":27},"end":{"line":177,"column":null}},"74":{"start":{"line":178,"column":2},"end":{"line":178,"column":null}},"75":{"start":{"line":179,"column":2},"end":{"line":179,"column":null}},"76":{"start":{"line":180,"column":40},"end":{"line":184,"column":null}},"77":{"start":{"line":181,"column":10},"end":{"line":181,"column":null}},"78":{"start":{"line":185,"column":34},"end":{"line":189,"column":null}},"79":{"start":{"line":186,"column":10},"end":{"line":186,"column":null}},"80":{"start":{"line":190,"column":27},"end":{"line":194,"column":null}},"81":{"start":{"line":191,"column":10},"end":{"line":191,"column":null}},"82":{"start":{"line":195,"column":26},"end":{"line":195,"column":null}},"83":{"start":{"line":196,"column":29},"end":{"line":199,"column":null}},"84":{"start":{"line":205,"column":6},"end":{"line":205,"column":null}},"85":{"start":{"line":206,"column":2},"end":{"line":209,"column":null}},"86":{"start":{"line":207,"column":4},"end":{"line":207,"column":null}},"87":{"start":{"line":207,"column":26},"end":{"line":207,"column":null}},"88":{"start":{"line":208,"column":4},"end":{"line":208,"column":null}},"89":{"start":{"line":216,"column":6},"end":{"line":216,"column":null}},"90":{"start":{"line":217,"column":53},"end":{"line":217,"column":null}},"91":{"start":{"line":218,"column":2},"end":{"line":229,"column":null}},"92":{"start":{"line":230,"column":2},"end":{"line":235,"column":null}},"93":{"start":{"line":231,"column":4},"end":{"line":231,"column":null}},"94":{"start":{"line":232,"column":4},"end":{"line":232,"column":null}},"95":{"start":{"line":233,"column":4},"end":{"line":233,"column":null}},"96":{"start":{"line":234,"column":4},"end":{"line":234,"column":null}},"97":{"start":{"line":239,"column":18},"end":{"line":239,"column":null}},"98":{"start":{"line":240,"column":17},"end":{"line":246,"column":null}},"99":{"start":{"line":242,"column":6},"end":{"line":244,"column":null}},"100":{"start":{"line":247,"column":16},"end":{"line":255,"column":null}},"101":{"start":{"line":249,"column":6},"end":{"line":253,"column":null}},"102":{"start":{"line":257,"column":4},"end":{"line":262,"column":null}},"103":{"start":{"line":263,"column":25},"end":{"line":263,"column":null}},"104":{"start":{"line":268,"column":20},"end":{"line":268,"column":null}},"105":{"start":{"line":269,"column":50},"end":{"line":272,"column":null}},"106":{"start":{"line":273,"column":53},"end":{"line":296,"column":null}},"107":{"start":{"line":298,"column":4},"end":{"line":303,"column":null}},"108":{"start":{"line":305,"column":4},"end":{"line":330,"column":null}},"109":{"start":{"line":331,"column":23},"end":{"line":337,"column":null}},"110":{"start":{"line":333,"column":6},"end":{"line":335,"column":null}},"111":{"start":{"line":334,"column":8},"end":{"line":334,"column":null}},"112":{"start":{"line":338,"column":27},"end":{"line":363,"column":null}},"113":{"start":{"line":339,"column":18},"end":{"line":339,"column":null}},"114":{"start":{"line":340,"column":4},"end":{"line":362,"column":null}},"115":{"start":{"line":342,"column":8},"end":{"line":342,"column":null}},"116":{"start":{"line":342,"column":37},"end":{"line":342,"column":null}},"117":{"start":{"line":343,"column":8},"end":{"line":343,"column":null}},"118":{"start":{"line":344,"column":8},"end":{"line":360,"column":null}},"119":{"start":{"line":345,"column":24},"end":{"line":345,"column":null}},"120":{"start":{"line":346,"column":16},"end":{"line":352,"column":null}},"121":{"start":{"line":347,"column":12},"end":{"line":347,"column":null}},"122":{"start":{"line":347,"column":25},"end":{"line":347,"column":null}},"123":{"start":{"line":348,"column":12},"end":{"line":348,"column":null}},"124":{"start":{"line":349,"column":12},"end":{"line":349,"column":null}},"125":{"start":{"line":350,"column":12},"end":{"line":350,"column":null}},"126":{"start":{"line":351,"column":12},"end":{"line":351,"column":null}},"127":{"start":{"line":353,"column":10},"end":{"line":355,"column":null}},"128":{"start":{"line":356,"column":10},"end":{"line":358,"column":null}},"129":{"start":{"line":359,"column":10},"end":{"line":359,"column":null}},"130":{"start":{"line":364,"column":29},"end":{"line":397,"column":null}},"131":{"start":{"line":366,"column":6},"end":{"line":366,"column":null}},"132":{"start":{"line":366,"column":38},"end":{"line":366,"column":null}},"133":{"start":{"line":367,"column":6},"end":{"line":367,"column":null}},"134":{"start":{"line":368,"column":6},"end":{"line":368,"column":null}},"135":{"start":{"line":369,"column":6},"end":{"line":369,"column":null}},"136":{"start":{"line":370,"column":6},"end":{"line":370,"column":null}},"137":{"start":{"line":371,"column":6},"end":{"line":371,"column":null}},"138":{"start":{"line":372,"column":6},"end":{"line":372,"column":null}},"139":{"start":{"line":373,"column":26},"end":{"line":375,"column":null}},"140":{"start":{"line":375,"column":21},"end":{"line":375,"column":26}},"141":{"start":{"line":376,"column":6},"end":{"line":393,"column":null}},"142":{"start":{"line":377,"column":8},"end":{"line":377,"column":null}},"143":{"start":{"line":378,"column":8},"end":{"line":378,"column":null}},"144":{"start":{"line":379,"column":8},"end":{"line":379,"column":null}},"145":{"start":{"line":380,"column":8},"end":{"line":380,"column":null}},"146":{"start":{"line":381,"column":8},"end":{"line":381,"column":null}},"147":{"start":{"line":382,"column":8},"end":{"line":382,"column":null}},"148":{"start":{"line":383,"column":8},"end":{"line":383,"column":null}},"149":{"start":{"line":385,"column":8},"end":{"line":385,"column":null}},"150":{"start":{"line":386,"column":8},"end":{"line":386,"column":null}},"151":{"start":{"line":388,"column":8},"end":{"line":388,"column":null}},"152":{"start":{"line":389,"column":8},"end":{"line":389,"column":null}},"153":{"start":{"line":390,"column":8},"end":{"line":390,"column":null}},"154":{"start":{"line":391,"column":8},"end":{"line":391,"column":null}},"155":{"start":{"line":392,"column":8},"end":{"line":392,"column":null}},"156":{"start":{"line":394,"column":6},"end":{"line":394,"column":null}},"157":{"start":{"line":398,"column":29},"end":{"line":420,"column":null}},"158":{"start":{"line":399,"column":4},"end":{"line":399,"column":null}},"159":{"start":{"line":400,"column":4},"end":{"line":402,"column":null}},"160":{"start":{"line":403,"column":4},"end":{"line":412,"column":null}},"161":{"start":{"line":405,"column":24},"end":{"line":407,"column":null}},"162":{"start":{"line":408,"column":8},"end":{"line":408,"column":null}},"163":{"start":{"line":408,"column":21},"end":{"line":408,"column":null}},"164":{"start":{"line":409,"column":8},"end":{"line":409,"column":null}},"165":{"start":{"line":411,"column":12},"end":{"line":411,"column":null}},"166":{"start":{"line":421,"column":27},"end":{"line":455,"column":null}},"167":{"start":{"line":422,"column":4},"end":{"line":436,"column":null}},"168":{"start":{"line":423,"column":21},"end":{"line":425,"column":null}},"169":{"start":{"line":426,"column":6},"end":{"line":434,"column":null}},"170":{"start":{"line":429,"column":8},"end":{"line":429,"column":null}},"171":{"start":{"line":430,"column":8},"end":{"line":433,"column":null}},"172":{"start":{"line":435,"column":6},"end":{"line":435,"column":null}},"173":{"start":{"line":439,"column":4},"end":{"line":446,"column":null}},"174":{"start":{"line":440,"column":6},"end":{"line":442,"column":null}},"175":{"start":{"line":443,"column":6},"end":{"line":445,"column":null}},"176":{"start":{"line":447,"column":4},"end":{"line":447,"column":null}},"177":{"start":{"line":456,"column":40},"end":{"line":467,"column":null}},"178":{"start":{"line":458,"column":6},"end":{"line":464,"column":null}},"179":{"start":{"line":468,"column":21},"end":{"line":497,"column":null}},"180":{"start":{"line":469,"column":4},"end":{"line":469,"column":null}},"181":{"start":{"line":469,"column":36},"end":{"line":469,"column":null}},"182":{"start":{"line":470,"column":4},"end":{"line":470,"column":null}},"183":{"start":{"line":471,"column":4},"end":{"line":471,"column":null}},"184":{"start":{"line":472,"column":4},"end":{"line":472,"column":null}},"185":{"start":{"line":473,"column":4},"end":{"line":473,"column":null}},"186":{"start":{"line":474,"column":4},"end":{"line":474,"column":null}},"187":{"start":{"line":475,"column":4},"end":{"line":475,"column":null}},"188":{"start":{"line":480,"column":4},"end":{"line":480,"column":null}},"189":{"start":{"line":481,"column":20},"end":{"line":481,"column":null}},"190":{"start":{"line":482,"column":4},"end":{"line":482,"column":null}},"191":{"start":{"line":482,"column":17},"end":{"line":482,"column":null}},"192":{"start":{"line":483,"column":23},"end":{"line":483,"column":null}},"193":{"start":{"line":488,"column":4},"end":{"line":488,"column":null}},"194":{"start":{"line":489,"column":4},"end":{"line":489,"column":null}},"195":{"start":{"line":495,"column":4},"end":{"line":495,"column":null}},"196":{"start":{"line":496,"column":4},"end":{"line":496,"column":null}},"197":{"start":{"line":498,"column":2},"end":{"line":531,"column":null}},"198":{"start":{"line":499,"column":4},"end":{"line":505,"column":null}},"199":{"start":{"line":504,"column":6},"end":{"line":504,"column":null}},"200":{"start":{"line":506,"column":20},"end":{"line":506,"column":null}},"201":{"start":{"line":507,"column":19},"end":{"line":507,"column":null}},"202":{"start":{"line":508,"column":18},"end":{"line":508,"column":null}},"203":{"start":{"line":509,"column":10},"end":{"line":525,"column":null}},"204":{"start":{"line":510,"column":6},"end":{"line":510,"column":null}},"205":{"start":{"line":510,"column":21},"end":{"line":510,"column":null}},"206":{"start":{"line":511,"column":6},"end":{"line":516,"column":null}},"207":{"start":{"line":512,"column":8},"end":{"line":512,"column":null}},"208":{"start":{"line":513,"column":8},"end":{"line":513,"column":null}},"209":{"start":{"line":514,"column":8},"end":{"line":514,"column":null}},"210":{"start":{"line":515,"column":8},"end":{"line":515,"column":null}},"211":{"start":{"line":517,"column":6},"end":{"line":517,"column":null}},"212":{"start":{"line":518,"column":6},"end":{"line":524,"column":null}},"213":{"start":{"line":519,"column":8},"end":{"line":519,"column":null}},"214":{"start":{"line":521,"column":8},"end":{"line":521,"column":null}},"215":{"start":{"line":522,"column":8},"end":{"line":522,"column":null}},"216":{"start":{"line":523,"column":8},"end":{"line":523,"column":null}},"217":{"start":{"line":526,"column":4},"end":{"line":526,"column":null}},"218":{"start":{"line":527,"column":4},"end":{"line":530,"column":null}},"219":{"start":{"line":528,"column":6},"end":{"line":528,"column":null}},"220":{"start":{"line":529,"column":6},"end":{"line":529,"column":null}},"221":{"start":{"line":529,"column":19},"end":{"line":529,"column":null}},"222":{"start":{"line":532,"column":2},"end":{"line":532,"column":null}},"223":{"start":{"line":532,"column":35},"end":{"line":532,"column":null}},"224":{"start":{"line":533,"column":2},"end":{"line":540,"column":null}},"225":{"start":{"line":541,"column":2},"end":{"line":541,"column":null}},"226":{"start":{"line":542,"column":2},"end":{"line":551,"column":null}},"227":{"start":{"line":543,"column":4},"end":{"line":549,"column":null}},"228":{"start":{"line":552,"column":2},"end":{"line":558,"column":null}},"229":{"start":{"line":553,"column":4},"end":{"line":556,"column":null}},"230":{"start":{"line":559,"column":2},"end":{"line":573,"column":null}},"231":{"start":{"line":560,"column":4},"end":{"line":571,"column":null}},"232":{"start":{"line":574,"column":2},"end":{"line":584,"column":null}},"233":{"start":{"line":575,"column":4},"end":{"line":582,"column":null}},"234":{"start":{"line":585,"column":2},"end":{"line":593,"column":null}},"235":{"start":{"line":586,"column":4},"end":{"line":591,"column":null}},"236":{"start":{"line":594,"column":2},"end":{"line":605,"column":null}},"237":{"start":{"line":595,"column":4},"end":{"line":603,"column":null}},"238":{"start":{"line":606,"column":23},"end":{"line":606,"column":null}},"239":{"start":{"line":608,"column":4},"end":{"line":608,"column":null}},"240":{"start":{"line":609,"column":23},"end":{"line":609,"column":null}},"241":{"start":{"line":610,"column":21},"end":{"line":612,"column":null}},"242":{"start":{"line":613,"column":8},"end":{"line":616,"column":null}},"243":{"start":{"line":614,"column":22},"end":{"line":614,"column":null}},"244":{"start":{"line":615,"column":4},"end":{"line":615,"column":null}},"245":{"start":{"line":617,"column":8},"end":{"line":630,"column":null}},"246":{"start":{"line":618,"column":4},"end":{"line":618,"column":null}},"247":{"start":{"line":619,"column":4},"end":{"line":624,"column":null}},"248":{"start":{"line":619,"column":39},"end":{"line":624,"column":6}},"249":{"start":{"line":625,"column":4},"end":{"line":629,"column":null}},"250":{"start":{"line":631,"column":2},"end":{"line":830,"column":null}},"251":{"start":{"line":636,"column":8},"end":{"line":636,"column":null}},"252":{"start":{"line":636,"column":32},"end":{"line":636,"column":null}},"253":{"start":{"line":637,"column":8},"end":{"line":637,"column":null}},"254":{"start":{"line":638,"column":8},"end":{"line":638,"column":null}},"255":{"start":{"line":663,"column":12},"end":{"line":663,"column":null}},"256":{"start":{"line":664,"column":12},"end":{"line":664,"column":null}},"257":{"start":{"line":667,"column":12},"end":{"line":667,"column":null}},"258":{"start":{"line":668,"column":12},"end":{"line":668,"column":null}},"259":{"start":{"line":671,"column":12},"end":{"line":671,"column":null}},"260":{"start":{"line":672,"column":12},"end":{"line":672,"column":null}},"261":{"start":{"line":770,"column":10},"end":{"line":772,"column":null}},"262":{"start":{"line":776,"column":10},"end":{"line":776,"column":null}},"263":{"start":{"line":777,"column":10},"end":{"line":780,"column":null}},"264":{"start":{"line":777,"column":45},"end":{"line":780,"column":12}},"265":{"start":{"line":781,"column":10},"end":{"line":783,"column":null}},"266":{"start":{"line":795,"column":29},"end":{"line":795,"column":null}},"267":{"start":{"line":795,"column":53},"end":{"line":795,"column":59}},"268":{"start":{"line":797,"column":30},"end":{"line":797,"column":null}},"269":{"start":{"line":797,"column":55},"end":{"line":797,"column":61}},"270":{"start":{"line":806,"column":25},"end":{"line":808,"column":null}},"271":{"start":{"line":809,"column":10},"end":{"line":826,"column":null}},"272":{"start":{"line":810,"column":28},"end":{"line":810,"column":null}},"273":{"start":{"line":811,"column":12},"end":{"line":811,"column":null}},"274":{"start":{"line":812,"column":12},"end":{"line":816,"column":null}},"275":{"start":{"line":818,"column":12},"end":{"line":825,"column":null}}},"fnMap":{"0":{"name":"(anonymous_0)","decl":{"start":{"line":41,"column":6},"end":{"line":41,"column":32}},"loc":{"start":{"line":41,"column":44},"end":{"line":49,"column":null}},"line":41},"1":{"name":"Karaoke","decl":{"start":{"line":50,"column":24},"end":{"line":50,"column":32}},"loc":{"start":{"line":50,"column":55},"end":{"line":832,"column":null}},"line":50},"2":{"name":"(anonymous_2)","decl":{"start":{"line":70,"column":20},"end":{"line":70,"column":26}},"loc":{"start":{"line":70,"column":32},"end":{"line":70,"column":47}},"line":70},"3":{"name":"(anonymous_3)","decl":{"start":{"line":71,"column":20},"end":{"line":71,"column":26}},"loc":{"start":{"line":71,"column":32},"end":{"line":71,"column":51}},"line":71},"4":{"name":"(anonymous_4)","decl":{"start":{"line":117,"column":36},"end":{"line":117,"column":49}},"loc":{"start":{"line":117,"column":59},"end":{"line":128,"column":5}},"line":117},"5":{"name":"(anonymous_5)","decl":{"start":{"line":119,"column":6},"end":{"line":119,"column":30}},"loc":{"start":{"line":119,"column":43},"end":{"line":123,"column":7}},"line":119},"6":{"name":"(anonymous_6)","decl":{"start":{"line":130,"column":2},"end":{"line":130,"column":18}},"loc":{"start":{"line":130,"column":18},"end":{"line":135,"column":5}},"line":130},"7":{"name":"(anonymous_7)","decl":{"start":{"line":134,"column":4},"end":{"line":134,"column":17}},"loc":{"start":{"line":134,"column":17},"end":{"line":134,"column":null}},"line":134},"8":{"name":"(anonymous_8)","decl":{"start":{"line":147,"column":2},"end":{"line":147,"column":18}},"loc":{"start":{"line":147,"column":18},"end":{"line":155,"column":5}},"line":147},"9":{"name":"(anonymous_9)","decl":{"start":{"line":153,"column":25},"end":{"line":153,"column":42}},"loc":{"start":{"line":153,"column":42},"end":{"line":153,"column":73}},"line":153},"10":{"name":"(anonymous_10)","decl":{"start":{"line":154,"column":4},"end":{"line":154,"column":17}},"loc":{"start":{"line":154,"column":17},"end":{"line":154,"column":null}},"line":154},"11":{"name":"(anonymous_11)","decl":{"start":{"line":156,"column":29},"end":{"line":156,"column":47}},"loc":{"start":{"line":156,"column":47},"end":{"line":165,"column":5}},"line":156},"12":{"name":"(anonymous_12)","decl":{"start":{"line":161,"column":41},"end":{"line":161,"column":58}},"loc":{"start":{"line":161,"column":58},"end":{"line":164,"column":7}},"line":161},"13":{"name":"(anonymous_13)","decl":{"start":{"line":166,"column":2},"end":{"line":166,"column":18}},"loc":{"start":{"line":166,"column":18},"end":{"line":173,"column":5}},"line":166},"14":{"name":"(anonymous_14)","decl":{"start":{"line":168,"column":4},"end":{"line":168,"column":17}},"loc":{"start":{"line":168,"column":17},"end":{"line":172,"column":null}},"line":168},"15":{"name":"(anonymous_15)","decl":{"start":{"line":180,"column":40},"end":{"line":180,"column":null}},"loc":{"start":{"line":181,"column":10},"end":{"line":181,"column":null}},"line":181},"16":{"name":"(anonymous_16)","decl":{"start":{"line":185,"column":34},"end":{"line":185,"column":null}},"loc":{"start":{"line":186,"column":10},"end":{"line":186,"column":null}},"line":186},"17":{"name":"(anonymous_17)","decl":{"start":{"line":190,"column":27},"end":{"line":190,"column":null}},"loc":{"start":{"line":191,"column":10},"end":{"line":191,"column":null}},"line":191},"18":{"name":"(anonymous_18)","decl":{"start":{"line":206,"column":2},"end":{"line":206,"column":18}},"loc":{"start":{"line":206,"column":18},"end":{"line":209,"column":5}},"line":206},"19":{"name":"(anonymous_19)","decl":{"start":{"line":230,"column":2},"end":{"line":230,"column":18}},"loc":{"start":{"line":230,"column":18},"end":{"line":235,"column":5}},"line":230},"20":{"name":"(anonymous_20)","decl":{"start":{"line":240,"column":17},"end":{"line":240,"column":null}},"loc":{"start":{"line":242,"column":6},"end":{"line":244,"column":null}},"line":242},"21":{"name":"(anonymous_21)","decl":{"start":{"line":247,"column":16},"end":{"line":247,"column":null}},"loc":{"start":{"line":249,"column":6},"end":{"line":253,"column":null}},"line":249},"22":{"name":"(anonymous_22)","decl":{"start":{"line":331,"column":23},"end":{"line":331,"column":null}},"loc":{"start":{"line":333,"column":6},"end":{"line":335,"column":null}},"line":333},"23":{"name":"(anonymous_23)","decl":{"start":{"line":333,"column":10},"end":{"line":333,"column":19}},"loc":{"start":{"line":333,"column":31},"end":{"line":335,"column":7}},"line":333},"24":{"name":"(anonymous_24)","decl":{"start":{"line":338,"column":39},"end":{"line":338,"column":51}},"loc":{"start":{"line":338,"column":51},"end":{"line":363,"column":5}},"line":338},"25":{"name":"(anonymous_25)","decl":{"start":{"line":341,"column":12},"end":{"line":341,"column":17}},"loc":{"start":{"line":341,"column":29},"end":{"line":361,"column":7}},"line":341},"26":{"name":"(anonymous_26)","decl":{"start":{"line":344,"column":19},"end":{"line":344,"column":28}},"loc":{"start":{"line":344,"column":40},"end":{"line":360,"column":9}},"line":344},"27":{"name":"(anonymous_27)","decl":{"start":{"line":346,"column":16},"end":{"line":346,"column":31}},"loc":{"start":{"line":346,"column":31},"end":{"line":352,"column":null}},"line":346},"28":{"name":"(anonymous_28)","decl":{"start":{"line":365,"column":4},"end":{"line":365,"column":11}},"loc":{"start":{"line":365,"column":37},"end":{"line":395,"column":null}},"line":365},"29":{"name":"(anonymous_29)","decl":{"start":{"line":375,"column":9},"end":{"line":375,"column":21}},"loc":{"start":{"line":375,"column":21},"end":{"line":375,"column":26}},"line":375},"30":{"name":"(anonymous_30)","decl":{"start":{"line":398,"column":29},"end":{"line":398,"column":47}},"loc":{"start":{"line":398,"column":47},"end":{"line":413,"column":5}},"line":398},"31":{"name":"(anonymous_31)","decl":{"start":{"line":404,"column":6},"end":{"line":404,"column":18}},"loc":{"start":{"line":404,"column":18},"end":{"line":410,"column":null}},"line":404},"32":{"name":"(anonymous_32)","decl":{"start":{"line":410,"column":6},"end":{"line":410,"column":null}},"loc":{"start":{"line":411,"column":12},"end":{"line":411,"column":null}},"line":411},"33":{"name":"(anonymous_33)","decl":{"start":{"line":421,"column":39},"end":{"line":421,"column":51}},"loc":{"start":{"line":421,"column":51},"end":{"line":448,"column":5}},"line":421},"34":{"name":"(anonymous_34)","decl":{"start":{"line":433,"column":11},"end":{"line":433,"column":23}},"loc":{"start":{"line":433,"column":23},"end":{"line":433,"column":25}},"line":433},"35":{"name":"(anonymous_35)","decl":{"start":{"line":456,"column":40},"end":{"line":456,"column":null}},"loc":{"start":{"line":457,"column":27},"end":{"line":465,"column":null}},"line":457},"36":{"name":"(anonymous_36)","decl":{"start":{"line":468,"column":33},"end":{"line":468,"column":45}},"loc":{"start":{"line":468,"column":45},"end":{"line":497,"column":5}},"line":468},"37":{"name":"(anonymous_37)","decl":{"start":{"line":498,"column":2},"end":{"line":498,"column":18}},"loc":{"start":{"line":498,"column":18},"end":{"line":531,"column":5}},"line":498},"38":{"name":"(anonymous_38)","decl":{"start":{"line":509,"column":10},"end":{"line":509,"column":31}},"loc":{"start":{"line":509,"column":31},"end":{"line":525,"column":null}},"line":509},"39":{"name":"(anonymous_39)","decl":{"start":{"line":527,"column":4},"end":{"line":527,"column":17}},"loc":{"start":{"line":527,"column":17},"end":{"line":530,"column":null}},"line":527},"40":{"name":"(anonymous_40)","decl":{"start":{"line":532,"column":19},"end":{"line":532,"column":35}},"loc":{"start":{"line":532,"column":35},"end":{"line":532,"column":null}},"line":532},"41":{"name":"(anonymous_41)","decl":{"start":{"line":613,"column":8},"end":{"line":613,"column":23}},"loc":{"start":{"line":613,"column":33},"end":{"line":616,"column":null}},"line":613},"42":{"name":"(anonymous_42)","decl":{"start":{"line":617,"column":8},"end":{"line":617,"column":29}},"loc":{"start":{"line":617,"column":40},"end":{"line":630,"column":null}},"line":617},"43":{"name":"(anonymous_43)","decl":{"start":{"line":619,"column":4},"end":{"line":619,"column":26}},"loc":{"start":{"line":619,"column":39},"end":{"line":624,"column":6}},"line":619},"44":{"name":"(anonymous_44)","decl":{"start":{"line":635,"column":6},"end":{"line":635,"column":25}},"loc":{"start":{"line":635,"column":25},"end":{"line":639,"column":null}},"line":635},"45":{"name":"(anonymous_45)","decl":{"start":{"line":662,"column":10},"end":{"line":662,"column":25}},"loc":{"start":{"line":662,"column":25},"end":{"line":665,"column":null}},"line":662},"46":{"name":"(anonymous_46)","decl":{"start":{"line":666,"column":10},"end":{"line":666,"column":24}},"loc":{"start":{"line":666,"column":24},"end":{"line":669,"column":null}},"line":666},"47":{"name":"(anonymous_47)","decl":{"start":{"line":670,"column":10},"end":{"line":670,"column":27}},"loc":{"start":{"line":670,"column":27},"end":{"line":673,"column":null}},"line":670},"48":{"name":"(anonymous_48)","decl":{"start":{"line":769,"column":8},"end":{"line":769,"column":29}},"loc":{"start":{"line":770,"column":10},"end":{"line":772,"column":null}},"line":770},"49":{"name":"(anonymous_49)","decl":{"start":{"line":775,"column":8},"end":{"line":775,"column":25}},"loc":{"start":{"line":775,"column":40},"end":{"line":784,"column":null}},"line":775},"50":{"name":"(anonymous_50)","decl":{"start":{"line":777,"column":10},"end":{"line":777,"column":32}},"loc":{"start":{"line":777,"column":45},"end":{"line":780,"column":12}},"line":777},"51":{"name":"(anonymous_51)","decl":{"start":{"line":795,"column":8},"end":{"line":795,"column":29}},"loc":{"start":{"line":795,"column":29},"end":{"line":795,"column":null}},"line":795},"52":{"name":"(anonymous_52)","decl":{"start":{"line":795,"column":29},"end":{"line":795,"column":43}},"loc":{"start":{"line":795,"column":53},"end":{"line":795,"column":59}},"line":795},"53":{"name":"(anonymous_53)","decl":{"start":{"line":797,"column":8},"end":{"line":797,"column":30}},"loc":{"start":{"line":797,"column":30},"end":{"line":797,"column":null}},"line":797},"54":{"name":"(anonymous_54)","decl":{"start":{"line":797,"column":30},"end":{"line":797,"column":45}},"loc":{"start":{"line":797,"column":55},"end":{"line":797,"column":61}},"line":797},"55":{"name":"(anonymous_55)","decl":{"start":{"line":805,"column":28},"end":{"line":805,"column":35}},"loc":{"start":{"line":805,"column":47},"end":{"line":827,"column":null}},"line":805}},"branchMap":{"0":{"loc":{"start":{"line":68,"column":17},"end":{"line":68,"column":null}},"type":"binary-expr","locations":[{"start":{"line":68,"column":17},"end":{"line":68,"column":43}},{"start":{"line":68,"column":43},"end":{"line":68,"column":null}}],"line":68},"1":{"loc":{"start":{"line":69,"column":15},"end":{"line":71,"column":null}},"type":"cond-expr","locations":[{"start":{"line":69,"column":15},"end":{"line":70,"column":null}},{"start":{"line":70,"column":47},"end":{"line":71,"column":null}}],"line":69},"2":{"loc":{"start":{"line":70,"column":7},"end":{"line":70,"column":18}},"type":"binary-expr","locations":[{"start":{"line":70,"column":7},"end":{"line":70,"column":16}},{"start":{"line":70,"column":16},"end":{"line":70,"column":18}}],"line":70},"3":{"loc":{"start":{"line":71,"column":7},"end":{"line":71,"column":18}},"type":"binary-expr","locations":[{"start":{"line":71,"column":7},"end":{"line":71,"column":16}},{"start":{"line":71,"column":16},"end":{"line":71,"column":18}}],"line":71},"4":{"loc":{"start":{"line":118,"column":4},"end":{"line":125,"column":null}},"type":"if","locations":[{"start":{"line":118,"column":4},"end":{"line":125,"column":null}},{"start":{},"end":{}}],"line":118},"5":{"loc":{"start":{"line":133,"column":23},"end":{"line":133,"column":63}},"type":"binary-expr","locations":[{"start":{"line":133,"column":23},"end":{"line":133,"column":54}},{"start":{"line":133,"column":54},"end":{"line":133,"column":63}}],"line":133},"6":{"loc":{"start":{"line":148,"column":4},"end":{"line":148,"column":null}},"type":"if","locations":[{"start":{"line":148,"column":4},"end":{"line":148,"column":null}},{"start":{},"end":{}}],"line":148},"7":{"loc":{"start":{"line":158,"column":4},"end":{"line":160,"column":null}},"type":"if","locations":[{"start":{"line":158,"column":4},"end":{"line":160,"column":null}},{"start":{},"end":{}}],"line":158},"8":{"loc":{"start":{"line":169,"column":6},"end":{"line":171,"column":null}},"type":"if","locations":[{"start":{"line":169,"column":6},"end":{"line":171,"column":null}},{"start":{},"end":{}}],"line":169},"9":{"loc":{"start":{"line":207,"column":4},"end":{"line":207,"column":null}},"type":"if","locations":[{"start":{"line":207,"column":4},"end":{"line":207,"column":null}},{"start":{},"end":{}}],"line":207},"10":{"loc":{"start":{"line":242,"column":6},"end":{"line":244,"column":null}},"type":"cond-expr","locations":[{"start":{"line":243,"column":10},"end":{"line":243,"column":null}},{"start":{"line":244,"column":10},"end":{"line":244,"column":null}}],"line":242},"11":{"loc":{"start":{"line":250,"column":8},"end":{"line":252,"column":null}},"type":"cond-expr","locations":[{"start":{"line":251,"column":12},"end":{"line":251,"column":null}},{"start":{"line":252,"column":13},"end":{"line":252,"column":null}}],"line":250},"12":{"loc":{"start":{"line":252,"column":13},"end":{"line":252,"column":null}},"type":"binary-expr","locations":[{"start":{"line":252,"column":13},"end":{"line":252,"column":35}},{"start":{"line":252,"column":35},"end":{"line":252,"column":null}}],"line":252},"13":{"loc":{"start":{"line":342,"column":8},"end":{"line":342,"column":null}},"type":"if","locations":[{"start":{"line":342,"column":8},"end":{"line":342,"column":null}},{"start":{},"end":{}}],"line":342},"14":{"loc":{"start":{"line":347,"column":12},"end":{"line":347,"column":null}},"type":"if","locations":[{"start":{"line":347,"column":12},"end":{"line":347,"column":null}},{"start":{},"end":{}}],"line":347},"15":{"loc":{"start":{"line":366,"column":6},"end":{"line":366,"column":null}},"type":"if","locations":[{"start":{"line":366,"column":6},"end":{"line":366,"column":null}},{"start":{},"end":{}}],"line":366},"16":{"loc":{"start":{"line":408,"column":8},"end":{"line":408,"column":null}},"type":"if","locations":[{"start":{"line":408,"column":8},"end":{"line":408,"column":null}},{"start":{},"end":{}}],"line":408},"17":{"loc":{"start":{"line":422,"column":4},"end":{"line":436,"column":null}},"type":"if","locations":[{"start":{"line":422,"column":4},"end":{"line":436,"column":null}},{"start":{},"end":{}}],"line":422},"18":{"loc":{"start":{"line":426,"column":6},"end":{"line":434,"column":null}},"type":"if","locations":[{"start":{"line":426,"column":6},"end":{"line":434,"column":null}},{"start":{},"end":{}}],"line":426},"19":{"loc":{"start":{"line":426,"column":10},"end":{"line":426,"column":51}},"type":"binary-expr","locations":[{"start":{"line":426,"column":10},"end":{"line":426,"column":20}},{"start":{"line":426,"column":20},"end":{"line":426,"column":51}}],"line":426},"20":{"loc":{"start":{"line":439,"column":4},"end":{"line":446,"column":null}},"type":"if","locations":[{"start":{"line":439,"column":4},"end":{"line":446,"column":null}},{"start":{},"end":{}}],"line":439},"21":{"loc":{"start":{"line":457,"column":5},"end":{"line":457,"column":27}},"type":"default-arg","locations":[{"start":{"line":457,"column":18},"end":{"line":457,"column":27}}],"line":457},"22":{"loc":{"start":{"line":462,"column":31},"end":{"line":462,"column":null}},"type":"binary-expr","locations":[{"start":{"line":462,"column":31},"end":{"line":462,"column":45}},{"start":{"line":462,"column":45},"end":{"line":462,"column":null}}],"line":462},"23":{"loc":{"start":{"line":469,"column":4},"end":{"line":469,"column":null}},"type":"if","locations":[{"start":{"line":469,"column":4},"end":{"line":469,"column":null}},{"start":{},"end":{}}],"line":469},"24":{"loc":{"start":{"line":482,"column":4},"end":{"line":482,"column":null}},"type":"if","locations":[{"start":{"line":482,"column":4},"end":{"line":482,"column":null}},{"start":{},"end":{}}],"line":482},"25":{"loc":{"start":{"line":499,"column":4},"end":{"line":505,"column":null}},"type":"if","locations":[{"start":{"line":499,"column":4},"end":{"line":505,"column":null}},{"start":{},"end":{}}],"line":499},"26":{"loc":{"start":{"line":500,"column":6},"end":{"line":502,"column":null}},"type":"binary-expr","locations":[{"start":{"line":500,"column":6},"end":{"line":500,"column":null}},{"start":{"line":501,"column":6},"end":{"line":501,"column":null}},{"start":{"line":502,"column":6},"end":{"line":502,"column":null}}],"line":500},"27":{"loc":{"start":{"line":510,"column":6},"end":{"line":510,"column":null}},"type":"if","locations":[{"start":{"line":510,"column":6},"end":{"line":510,"column":null}},{"start":{},"end":{}}],"line":510},"28":{"loc":{"start":{"line":511,"column":6},"end":{"line":516,"column":null}},"type":"if","locations":[{"start":{"line":511,"column":6},"end":{"line":516,"column":null}},{"start":{},"end":{}}],"line":511},"29":{"loc":{"start":{"line":511,"column":10},"end":{"line":511,"column":56}},"type":"binary-expr","locations":[{"start":{"line":511,"column":10},"end":{"line":511,"column":37}},{"start":{"line":511,"column":37},"end":{"line":511,"column":56}}],"line":511},"30":{"loc":{"start":{"line":518,"column":6},"end":{"line":524,"column":null}},"type":"if","locations":[{"start":{"line":518,"column":6},"end":{"line":524,"column":null}},{"start":{"line":520,"column":13},"end":{"line":524,"column":null}}],"line":518},"31":{"loc":{"start":{"line":529,"column":6},"end":{"line":529,"column":null}},"type":"if","locations":[{"start":{"line":529,"column":6},"end":{"line":529,"column":null}},{"start":{},"end":{}}],"line":529},"32":{"loc":{"start":{"line":542,"column":2},"end":{"line":551,"column":null}},"type":"if","locations":[{"start":{"line":542,"column":2},"end":{"line":551,"column":null}},{"start":{},"end":{}}],"line":542},"33":{"loc":{"start":{"line":547,"column":11},"end":{"line":547,"column":69}},"type":"binary-expr","locations":[{"start":{"line":547,"column":11},"end":{"line":547,"column":33}},{"start":{"line":547,"column":33},"end":{"line":547,"column":69}}],"line":547},"34":{"loc":{"start":{"line":552,"column":2},"end":{"line":558,"column":null}},"type":"if","locations":[{"start":{"line":552,"column":2},"end":{"line":558,"column":null}},{"start":{},"end":{}}],"line":552},"35":{"loc":{"start":{"line":559,"column":2},"end":{"line":573,"column":null}},"type":"if","locations":[{"start":{"line":559,"column":2},"end":{"line":573,"column":null}},{"start":{},"end":{}}],"line":559},"36":{"loc":{"start":{"line":563,"column":11},"end":{"line":569,"column":null}},"type":"cond-expr","locations":[{"start":{"line":564,"column":14},"end":{"line":566,"column":null}},{"start":{"line":567,"column":14},"end":{"line":569,"column":null}}],"line":563},"37":{"loc":{"start":{"line":574,"column":2},"end":{"line":584,"column":null}},"type":"if","locations":[{"start":{"line":574,"column":2},"end":{"line":584,"column":null}},{"start":{},"end":{}}],"line":574},"38":{"loc":{"start":{"line":585,"column":2},"end":{"line":593,"column":null}},"type":"if","locations":[{"start":{"line":585,"column":2},"end":{"line":593,"column":null}},{"start":{},"end":{}}],"line":585},"39":{"loc":{"start":{"line":594,"column":2},"end":{"line":605,"column":null}},"type":"if","locations":[{"start":{"line":594,"column":2},"end":{"line":605,"column":null}},{"start":{},"end":{}}],"line":594},"40":{"loc":{"start":{"line":594,"column":6},"end":{"line":594,"column":30}},"type":"binary-expr","locations":[{"start":{"line":594,"column":6},"end":{"line":594,"column":21}},{"start":{"line":594,"column":21},"end":{"line":594,"column":30}}],"line":594},"41":{"loc":{"start":{"line":599,"column":11},"end":{"line":600,"column":62}},"type":"binary-expr","locations":[{"start":{"line":599,"column":11},"end":{"line":599,"column":null}},{"start":{"line":600,"column":12},"end":{"line":600,"column":62}}],"line":599},"42":{"loc":{"start":{"line":606,"column":30},"end":{"line":606,"column":73}},"type":"binary-expr","locations":[{"start":{"line":606,"column":30},"end":{"line":606,"column":54}},{"start":{"line":606,"column":54},"end":{"line":606,"column":73}}],"line":606},"43":{"loc":{"start":{"line":608,"column":4},"end":{"line":608,"column":null}},"type":"cond-expr","locations":[{"start":{"line":608,"column":56},"end":{"line":608,"column":71}},{"start":{"line":608,"column":71},"end":{"line":608,"column":null}}],"line":608},"44":{"loc":{"start":{"line":608,"column":4},"end":{"line":608,"column":56}},"type":"binary-expr","locations":[{"start":{"line":608,"column":4},"end":{"line":608,"column":37}},{"start":{"line":608,"column":37},"end":{"line":608,"column":56}}],"line":608},"45":{"loc":{"start":{"line":611,"column":17},"end":{"line":611,"column":65}},"type":"binary-expr","locations":[{"start":{"line":611,"column":17},"end":{"line":611,"column":38}},{"start":{"line":611,"column":38},"end":{"line":611,"column":60}},{"start":{"line":611,"column":60},"end":{"line":611,"column":65}}],"line":611},"46":{"loc":{"start":{"line":634,"column":34},"end":{"line":634,"column":72}},"type":"cond-expr","locations":[{"start":{"line":634,"column":46},"end":{"line":634,"column":69}},{"start":{"line":634,"column":69},"end":{"line":634,"column":72}}],"line":634},"47":{"loc":{"start":{"line":634,"column":75},"end":{"line":634,"column":null}},"type":"cond-expr","locations":[{"start":{"line":634,"column":116},"end":{"line":634,"column":138}},{"start":{"line":634,"column":138},"end":{"line":634,"column":null}}],"line":634},"48":{"loc":{"start":{"line":634,"column":75},"end":{"line":634,"column":116}},"type":"binary-expr","locations":[{"start":{"line":634,"column":75},"end":{"line":634,"column":95}},{"start":{"line":634,"column":95},"end":{"line":634,"column":116}}],"line":634},"49":{"loc":{"start":{"line":636,"column":8},"end":{"line":636,"column":null}},"type":"if","locations":[{"start":{"line":636,"column":8},"end":{"line":636,"column":null}},{"start":{},"end":{}}],"line":636},"50":{"loc":{"start":{"line":656,"column":7},"end":{"line":657,"column":null}},"type":"binary-expr","locations":[{"start":{"line":656,"column":7},"end":{"line":656,"column":null}},{"start":{"line":657,"column":8},"end":{"line":657,"column":null}}],"line":656},"51":{"loc":{"start":{"line":659,"column":7},"end":{"line":674,"column":null}},"type":"binary-expr","locations":[{"start":{"line":659,"column":7},"end":{"line":659,"column":null}},{"start":{"line":660,"column":8},"end":{"line":674,"column":null}}],"line":659},"52":{"loc":{"start":{"line":678,"column":44},"end":{"line":678,"column":null}},"type":"cond-expr","locations":[{"start":{"line":678,"column":89},"end":{"line":678,"column":104}},{"start":{"line":678,"column":104},"end":{"line":678,"column":null}}],"line":678},"53":{"loc":{"start":{"line":678,"column":44},"end":{"line":678,"column":89}},"type":"binary-expr","locations":[{"start":{"line":678,"column":44},"end":{"line":678,"column":67}},{"start":{"line":678,"column":67},"end":{"line":678,"column":89}}],"line":678},"54":{"loc":{"start":{"line":689,"column":9},"end":{"line":702,"column":null}},"type":"binary-expr","locations":[{"start":{"line":689,"column":9},"end":{"line":689,"column":null}},{"start":{"line":690,"column":10},"end":{"line":702,"column":null}}],"line":689},"55":{"loc":{"start":{"line":692,"column":47},"end":{"line":692,"column":null}},"type":"cond-expr","locations":[{"start":{"line":692,"column":65},"end":{"line":692,"column":79}},{"start":{"line":692,"column":79},"end":{"line":692,"column":null}}],"line":692},"56":{"loc":{"start":{"line":696,"column":14},"end":{"line":698,"column":null}},"type":"cond-expr","locations":[{"start":{"line":697,"column":18},"end":{"line":697,"column":null}},{"start":{"line":698,"column":18},"end":{"line":698,"column":null}}],"line":696},"57":{"loc":{"start":{"line":701,"column":21},"end":{"line":701,"column":null}},"type":"cond-expr","locations":[{"start":{"line":701,"column":39},"end":{"line":701,"column":54}},{"start":{"line":701,"column":54},"end":{"line":701,"column":null}}],"line":701},"58":{"loc":{"start":{"line":704,"column":9},"end":{"line":717,"column":null}},"type":"binary-expr","locations":[{"start":{"line":704,"column":9},"end":{"line":704,"column":null}},{"start":{"line":705,"column":10},"end":{"line":717,"column":null}}],"line":704},"59":{"loc":{"start":{"line":707,"column":67},"end":{"line":707,"column":null}},"type":"cond-expr","locations":[{"start":{"line":707,"column":84},"end":{"line":707,"column":98}},{"start":{"line":707,"column":98},"end":{"line":707,"column":null}}],"line":707},"60":{"loc":{"start":{"line":711,"column":14},"end":{"line":713,"column":null}},"type":"cond-expr","locations":[{"start":{"line":712,"column":18},"end":{"line":712,"column":null}},{"start":{"line":713,"column":18},"end":{"line":713,"column":null}}],"line":711},"61":{"loc":{"start":{"line":806,"column":25},"end":{"line":808,"column":null}},"type":"cond-expr","locations":[{"start":{"line":807,"column":14},"end":{"line":807,"column":null}},{"start":{"line":808,"column":14},"end":{"line":808,"column":null}}],"line":806}},"s":{"0":1,"1":5,"2":77,"3":77,"4":77,"5":77,"6":77,"7":77,"8":77,"9":77,"10":77,"11":69,"12":2,"13":77,"14":77,"15":77,"16":77,"17":77,"18":77,"19":77,"20":77,"21":77,"22":77,"23":77,"24":77,"25":77,"26":77,"27":77,"28":77,"29":77,"30":77,"31":6,"32":1,"33":1,"34":1,"35":1,"36":1,"37":5,"38":5,"39":77,"40":77,"41":33,"42":33,"43":33,"44":77,"45":77,"46":77,"47":77,"48":77,"49":77,"50":77,"51":77,"52":27,"53":24,"54":3,"55":2,"56":3,"57":3,"58":77,"59":28,"60":28,"61":1,"62":28,"63":7,"64":7,"65":77,"66":27,"67":27,"68":27,"69":20,"70":77,"71":77,"72":77,"73":77,"74":77,"75":77,"76":77,"77":76,"78":77,"79":76,"80":77,"81":76,"82":77,"83":77,"84":77,"85":77,"86":27,"87":26,"88":1,"89":77,"90":77,"91":77,"92":77,"93":27,"94":27,"95":27,"96":27,"97":77,"98":77,"99":27,"100":77,"101":27,"102":77,"103":77,"104":77,"105":77,"106":77,"107":77,"108":77,"109":77,"110":36,"111":36,"112":77,"113":6,"114":6,"115":12,"116":2,"117":10,"118":12,"119":10,"120":10,"121":12,"122":2,"123":10,"124":10,"125":10,"126":10,"127":10,"128":10,"129":10,"130":77,"131":7,"132":1,"133":6,"134":6,"135":6,"136":6,"137":6,"138":6,"139":6,"140":1,"141":6,"142":6,"143":6,"144":6,"145":6,"146":6,"147":6,"148":6,"149":6,"150":6,"151":6,"152":6,"153":6,"154":6,"155":6,"156":6,"157":77,"158":7,"159":7,"160":7,"161":6,"162":6,"163":5,"164":6,"165":6,"166":77,"167":9,"168":2,"169":2,"170":1,"171":1,"172":2,"173":7,"174":1,"175":1,"176":6,"177":77,"178":6,"179":77,"180":4,"181":1,"182":3,"183":3,"184":3,"185":3,"186":3,"187":3,"188":3,"189":3,"190":3,"191":2,"192":3,"193":3,"194":3,"195":3,"196":3,"197":77,"198":27,"199":24,"200":3,"201":3,"202":3,"203":3,"204":42,"205":1,"206":41,"207":1,"208":1,"209":1,"210":1,"211":40,"212":40,"213":39,"214":1,"215":1,"216":1,"217":3,"218":3,"219":3,"220":3,"221":1,"222":77,"223":1,"224":77,"225":77,"226":77,"227":2,"228":74,"229":2,"230":72,"231":2,"232":70,"233":1,"234":69,"235":1,"236":68,"237":2,"238":66,"239":77,"240":77,"241":77,"242":77,"243":1,"244":1,"245":77,"246":1,"247":1,"248":1,"249":1,"250":77,"251":2,"252":1,"253":1,"254":1,"255":1,"256":1,"257":1,"258":1,"259":1,"260":1,"261":1,"262":1,"263":1,"264":1,"265":1,"266":1,"267":1,"268":1,"269":1,"270":3,"271":3,"272":3,"273":2,"274":3,"275":1},"f":{"0":5,"1":77,"2":69,"3":2,"4":6,"5":1,"6":33,"7":33,"8":27,"9":2,"10":3,"11":28,"12":7,"13":27,"14":27,"15":76,"16":76,"17":76,"18":27,"19":27,"20":27,"21":27,"22":36,"23":36,"24":6,"25":12,"26":10,"27":12,"28":7,"29":1,"30":7,"31":6,"32":6,"33":9,"34":1,"35":6,"36":4,"37":27,"38":42,"39":3,"40":1,"41":1,"42":1,"43":1,"44":2,"45":1,"46":1,"47":1,"48":1,"49":1,"50":1,"51":1,"52":1,"53":1,"54":1,"55":3},"b":{"0":[77,3],"1":[73,3],"2":[73,3],"3":[3,1],"4":[1,5],"5":[33,2],"6":[24,3],"7":[1,27],"8":[20,7],"9":[26,1],"10":[25,2],"11":[25,2],"12":[2,2],"13":[2,10],"14":[2,10],"15":[1,6],"16":[5,1],"17":[2,7],"18":[1,1],"19":[2,1],"20":[1,6],"21":[6],"22":[6,6],"23":[1,3],"24":[2,1],"25":[24,3],"26":[27,3,3],"27":[1,41],"28":[1,40],"29":[41,1],"30":[39,1],"31":[1,2],"32":[2,75],"33":[2,1],"34":[2,72],"35":[2,70],"36":[1,1],"37":[1,69],"38":[1,68],"39":[2,66],"40":[68,67],"41":[2,1],"42":[66,1],"43":[64,2],"44":[77,64],"45":[77,2,1],"46":[5,61],"47":[35,31],"48":[77,64],"49":[1,1],"50":[77,2],"51":[77,4],"52":[27,39],"53":[77,30],"54":[77,66],"55":[64,2],"56":[64,2],"57":[64,2],"58":[77,61],"59":[11,50],"60":[11,50],"61":[2,1]},"meta":{"lastBranch":62,"lastFunction":56,"lastStatement":276,"seen":{"s:41:6:49:Infinity":0,"f:41:6:41:32":0,"s:42:2:48:Infinity":1,"f:50:24:50:32":1,"s:51:21:51:35":2,"s:52:56:52:Infinity":3,"s:53:33:53:Infinity":4,"s:60:6:60:15":5,"s:61:19:61:31":6,"s:62:19:62:31":7,"s:63:45:67:Infinity":8,"s:68:17:68:Infinity":9,"b:68:17:68:43:68:43:68:Infinity":0,"s:69:15:71:Infinity":10,"b:69:15:70:Infinity:70:47:71:Infinity":1,"b:70:7:70:16:70:16:70:18":2,"f:70:20:70:26":2,"s:70:32:70:47":11,"b:71:7:71:16:71:16:71:18":3,"f:71:20:71:26":3,"s:71:32:71:51":12,"s:76:6:76:Infinity":13,"s:77:26:77:Infinity":14,"s:78:20:78:Infinity":15,"s:79:19:79:Infinity":16,"s:80:25:80:Infinity":17,"s:81:29:81:Infinity":18,"s:82:32:82:Infinity":19,"s:83:32:83:Infinity":20,"s:84:30:84:Infinity":21,"s:85:23:85:Infinity":22,"s:86:36:86:Infinity":23,"s:87:40:87:Infinity":24,"s:88:34:88:Infinity":25,"s:108:6:108:28":26,"s:114:54:114:Infinity":27,"s:115:56:115:Infinity":28,"s:116:33:116:Infinity":29,"s:117:36:128:Infinity":30,"f:117:36:117:49":4,"b:118:4:125:Infinity:undefined:undefined:undefined:undefined":4,"s:118:4:125:Infinity":31,"s:119:6:123:Infinity":32,"f:119:6:119:30":5,"s:120:21:120:Infinity":33,"s:121:8:121:Infinity":34,"s:122:8:122:Infinity":35,"s:124:6:124:Infinity":36,"s:126:4:126:Infinity":37,"s:127:4:127:Infinity":38,"s:129:46:129:Infinity":39,"s:130:2:135:Infinity":40,"f:130:2:130:18":6,"s:133:4:133:Infinity":41,"b:133:23:133:54:133:54:133:63":5,"s:134:4:134:Infinity":42,"f:134:4:134:17":7,"s:134:17:134:Infinity":43,"s:136:56:136:Infinity":44,"s:137:29:137:Infinity":45,"s:138:44:138:Infinity":46,"s:139:52:139:Infinity":47,"s:141:4:141:Infinity":48,"s:142:29:142:Infinity":49,"s:144:4:146:Infinity":50,"s:147:2:155:Infinity":51,"f:147:2:147:18":8,"b:148:4:148:Infinity:undefined:undefined:undefined:undefined":6,"s:148:4:148:Infinity":52,"s:148:29:148:Infinity":53,"s:153:18:153:Infinity":54,"f:153:25:153:42":9,"s:153:42:153:73":55,"s:154:4:154:Infinity":56,"f:154:4:154:17":10,"s:154:17:154:Infinity":57,"s:156:29:165:Infinity":58,"f:156:29:156:47":11,"s:157:4:157:Infinity":59,"b:158:4:160:Infinity:undefined:undefined:undefined:undefined":7,"s:158:4:160:Infinity":60,"s:159:6:159:Infinity":61,"s:161:4:164:Infinity":62,"f:161:41:161:58":12,"s:162:6:162:Infinity":63,"s:163:6:163:Infinity":64,"s:166:2:173:Infinity":65,"f:166:2:166:18":13,"s:167:4:167:Infinity":66,"s:168:4:172:Infinity":67,"f:168:4:168:17":14,"b:169:6:171:Infinity:undefined:undefined:undefined:undefined":8,"s:169:6:171:Infinity":68,"s:170:8:170:Infinity":69,"s:174:25:174:Infinity":70,"s:175:22:175:Infinity":71,"s:176:28:176:Infinity":72,"s:177:27:177:Infinity":73,"s:178:2:178:Infinity":74,"s:179:2:179:Infinity":75,"s:180:40:184:Infinity":76,"f:180:40:180:Infinity":15,"s:181:10:181:Infinity":77,"s:185:34:189:Infinity":78,"f:185:34:185:Infinity":16,"s:186:10:186:Infinity":79,"s:190:27:194:Infinity":80,"f:190:27:190:Infinity":17,"s:191:10:191:Infinity":81,"s:195:26:195:Infinity":82,"s:196:29:199:Infinity":83,"s:205:6:205:Infinity":84,"s:206:2:209:Infinity":85,"f:206:2:206:18":18,"b:207:4:207:Infinity:undefined:undefined:undefined:undefined":9,"s:207:4:207:Infinity":86,"s:207:26:207:Infinity":87,"s:208:4:208:Infinity":88,"s:216:6:216:Infinity":89,"s:217:53:217:Infinity":90,"s:218:2:229:Infinity":91,"s:230:2:235:Infinity":92,"f:230:2:230:18":19,"s:231:4:231:Infinity":93,"s:232:4:232:Infinity":94,"s:233:4:233:Infinity":95,"s:234:4:234:Infinity":96,"s:239:18:239:Infinity":97,"s:240:17:246:Infinity":98,"f:240:17:240:Infinity":20,"s:242:6:244:Infinity":99,"b:243:10:243:Infinity:244:10:244:Infinity":10,"s:247:16:255:Infinity":100,"f:247:16:247:Infinity":21,"s:249:6:253:Infinity":101,"b:251:12:251:Infinity:252:13:252:Infinity":11,"b:252:13:252:35:252:35:252:Infinity":12,"s:257:4:262:Infinity":102,"s:263:25:263:Infinity":103,"s:268:20:268:Infinity":104,"s:269:50:272:Infinity":105,"s:273:53:296:Infinity":106,"s:298:4:303:Infinity":107,"s:305:4:330:Infinity":108,"s:331:23:337:Infinity":109,"f:331:23:331:Infinity":22,"s:333:6:335:Infinity":110,"f:333:10:333:19":23,"s:334:8:334:Infinity":111,"s:338:27:363:Infinity":112,"f:338:39:338:51":24,"s:339:18:339:Infinity":113,"s:340:4:362:Infinity":114,"f:341:12:341:17":25,"b:342:8:342:Infinity:undefined:undefined:undefined:undefined":13,"s:342:8:342:Infinity":115,"s:342:37:342:Infinity":116,"s:343:8:343:Infinity":117,"s:344:8:360:Infinity":118,"f:344:19:344:28":26,"s:345:24:345:Infinity":119,"s:346:16:352:Infinity":120,"f:346:16:346:31":27,"b:347:12:347:Infinity:undefined:undefined:undefined:undefined":14,"s:347:12:347:Infinity":121,"s:347:25:347:Infinity":122,"s:348:12:348:Infinity":123,"s:349:12:349:Infinity":124,"s:350:12:350:Infinity":125,"s:351:12:351:Infinity":126,"s:353:10:355:Infinity":127,"s:356:10:358:Infinity":128,"s:359:10:359:Infinity":129,"s:364:29:397:Infinity":130,"f:365:4:365:11":28,"b:366:6:366:Infinity:undefined:undefined:undefined:undefined":15,"s:366:6:366:Infinity":131,"s:366:38:366:Infinity":132,"s:367:6:367:Infinity":133,"s:368:6:368:Infinity":134,"s:369:6:369:Infinity":135,"s:370:6:370:Infinity":136,"s:371:6:371:Infinity":137,"s:372:6:372:Infinity":138,"s:373:26:375:Infinity":139,"f:375:9:375:21":29,"s:375:21:375:26":140,"s:376:6:393:Infinity":141,"s:377:8:377:Infinity":142,"s:378:8:378:Infinity":143,"s:379:8:379:Infinity":144,"s:380:8:380:Infinity":145,"s:381:8:381:Infinity":146,"s:382:8:382:Infinity":147,"s:383:8:383:Infinity":148,"s:385:8:385:Infinity":149,"s:386:8:386:Infinity":150,"s:388:8:388:Infinity":151,"s:389:8:389:Infinity":152,"s:390:8:390:Infinity":153,"s:391:8:391:Infinity":154,"s:392:8:392:Infinity":155,"s:394:6:394:Infinity":156,"s:398:29:420:Infinity":157,"f:398:29:398:47":30,"s:399:4:399:Infinity":158,"s:400:4:402:Infinity":159,"s:403:4:412:Infinity":160,"f:404:6:404:18":31,"s:405:24:407:Infinity":161,"b:408:8:408:Infinity:undefined:undefined:undefined:undefined":16,"s:408:8:408:Infinity":162,"s:408:21:408:Infinity":163,"s:409:8:409:Infinity":164,"f:410:6:410:Infinity":32,"s:411:12:411:Infinity":165,"s:421:27:455:Infinity":166,"f:421:39:421:51":33,"b:422:4:436:Infinity:undefined:undefined:undefined:undefined":17,"s:422:4:436:Infinity":167,"s:423:21:425:Infinity":168,"b:426:6:434:Infinity:undefined:undefined:undefined:undefined":18,"s:426:6:434:Infinity":169,"b:426:10:426:20:426:20:426:51":19,"s:429:8:429:Infinity":170,"s:430:8:433:Infinity":171,"f:433:11:433:23":34,"s:435:6:435:Infinity":172,"b:439:4:446:Infinity:undefined:undefined:undefined:undefined":20,"s:439:4:446:Infinity":173,"s:440:6:442:Infinity":174,"s:443:6:445:Infinity":175,"s:447:4:447:Infinity":176,"s:456:40:467:Infinity":177,"f:456:40:456:Infinity":35,"b:457:18:457:27":21,"s:458:6:464:Infinity":178,"b:462:31:462:45:462:45:462:Infinity":22,"s:468:21:497:Infinity":179,"f:468:33:468:45":36,"b:469:4:469:Infinity:undefined:undefined:undefined:undefined":23,"s:469:4:469:Infinity":180,"s:469:36:469:Infinity":181,"s:470:4:470:Infinity":182,"s:471:4:471:Infinity":183,"s:472:4:472:Infinity":184,"s:473:4:473:Infinity":185,"s:474:4:474:Infinity":186,"s:475:4:475:Infinity":187,"s:480:4:480:Infinity":188,"s:481:20:481:Infinity":189,"b:482:4:482:Infinity:undefined:undefined:undefined:undefined":24,"s:482:4:482:Infinity":190,"s:482:17:482:Infinity":191,"s:483:23:483:Infinity":192,"s:488:4:488:Infinity":193,"s:489:4:489:Infinity":194,"s:495:4:495:Infinity":195,"s:496:4:496:Infinity":196,"s:498:2:531:Infinity":197,"f:498:2:498:18":37,"b:499:4:505:Infinity:undefined:undefined:undefined:undefined":25,"s:499:4:505:Infinity":198,"b:500:6:500:Infinity:501:6:501:Infinity:502:6:502:Infinity":26,"s:504:6:504:Infinity":199,"s:506:20:506:Infinity":200,"s:507:19:507:Infinity":201,"s:508:18:508:Infinity":202,"s:509:10:525:Infinity":203,"f:509:10:509:31":38,"b:510:6:510:Infinity:undefined:undefined:undefined:undefined":27,"s:510:6:510:Infinity":204,"s:510:21:510:Infinity":205,"b:511:6:516:Infinity:undefined:undefined:undefined:undefined":28,"s:511:6:516:Infinity":206,"b:511:10:511:37:511:37:511:56":29,"s:512:8:512:Infinity":207,"s:513:8:513:Infinity":208,"s:514:8:514:Infinity":209,"s:515:8:515:Infinity":210,"s:517:6:517:Infinity":211,"b:518:6:524:Infinity:520:13:524:Infinity":30,"s:518:6:524:Infinity":212,"s:519:8:519:Infinity":213,"s:521:8:521:Infinity":214,"s:522:8:522:Infinity":215,"s:523:8:523:Infinity":216,"s:526:4:526:Infinity":217,"s:527:4:530:Infinity":218,"f:527:4:527:17":39,"s:528:6:528:Infinity":219,"b:529:6:529:Infinity:undefined:undefined:undefined:undefined":31,"s:529:6:529:Infinity":220,"s:529:19:529:Infinity":221,"s:532:2:532:Infinity":222,"f:532:19:532:35":40,"s:532:35:532:Infinity":223,"s:533:2:540:Infinity":224,"s:541:2:541:Infinity":225,"b:542:2:551:Infinity:undefined:undefined:undefined:undefined":32,"s:542:2:551:Infinity":226,"s:543:4:549:Infinity":227,"b:547:11:547:33:547:33:547:69":33,"b:552:2:558:Infinity:undefined:undefined:undefined:undefined":34,"s:552:2:558:Infinity":228,"s:553:4:556:Infinity":229,"b:559:2:573:Infinity:undefined:undefined:undefined:undefined":35,"s:559:2:573:Infinity":230,"s:560:4:571:Infinity":231,"b:564:14:566:Infinity:567:14:569:Infinity":36,"b:574:2:584:Infinity:undefined:undefined:undefined:undefined":37,"s:574:2:584:Infinity":232,"s:575:4:582:Infinity":233,"b:585:2:593:Infinity:undefined:undefined:undefined:undefined":38,"s:585:2:593:Infinity":234,"s:586:4:591:Infinity":235,"b:594:2:605:Infinity:undefined:undefined:undefined:undefined":39,"s:594:2:605:Infinity":236,"b:594:6:594:21:594:21:594:30":40,"s:595:4:603:Infinity":237,"b:599:11:599:Infinity:600:12:600:62":41,"s:606:23:606:Infinity":238,"b:606:30:606:54:606:54:606:73":42,"s:608:4:608:Infinity":239,"b:608:56:608:71:608:71:608:Infinity":43,"b:608:4:608:37:608:37:608:56":44,"s:609:23:609:Infinity":240,"s:610:21:612:Infinity":241,"b:611:17:611:38:611:38:611:60:611:60:611:65":45,"s:613:8:616:Infinity":242,"f:613:8:613:23":41,"s:614:22:614:Infinity":243,"s:615:4:615:Infinity":244,"s:617:8:630:Infinity":245,"f:617:8:617:29":42,"s:618:4:618:Infinity":246,"s:619:4:624:Infinity":247,"f:619:4:619:26":43,"s:619:39:624:6":248,"s:625:4:629:Infinity":249,"s:631:2:830:Infinity":250,"b:634:46:634:69:634:69:634:72":46,"b:634:116:634:138:634:138:634:Infinity":47,"b:634:75:634:95:634:95:634:116":48,"f:635:6:635:25":44,"b:636:8:636:Infinity:undefined:undefined:undefined:undefined":49,"s:636:8:636:Infinity":251,"s:636:32:636:Infinity":252,"s:637:8:637:Infinity":253,"s:638:8:638:Infinity":254,"b:656:7:656:Infinity:657:8:657:Infinity":50,"b:659:7:659:Infinity:660:8:674:Infinity":51,"f:662:10:662:25":45,"s:663:12:663:Infinity":255,"s:664:12:664:Infinity":256,"f:666:10:666:24":46,"s:667:12:667:Infinity":257,"s:668:12:668:Infinity":258,"f:670:10:670:27":47,"s:671:12:671:Infinity":259,"s:672:12:672:Infinity":260,"b:678:89:678:104:678:104:678:Infinity":52,"b:678:44:678:67:678:67:678:89":53,"b:689:9:689:Infinity:690:10:702:Infinity":54,"b:692:65:692:79:692:79:692:Infinity":55,"b:697:18:697:Infinity:698:18:698:Infinity":56,"b:701:39:701:54:701:54:701:Infinity":57,"b:704:9:704:Infinity:705:10:717:Infinity":58,"b:707:84:707:98:707:98:707:Infinity":59,"b:712:18:712:Infinity:713:18:713:Infinity":60,"f:769:8:769:29":48,"s:770:10:772:Infinity":261,"f:775:8:775:25":49,"s:776:10:776:Infinity":262,"s:777:10:780:Infinity":263,"f:777:10:777:32":50,"s:777:45:780:12":264,"s:781:10:783:Infinity":265,"f:795:8:795:29":51,"s:795:29:795:Infinity":266,"f:795:29:795:43":52,"s:795:53:795:59":267,"f:797:8:797:30":53,"s:797:30:797:Infinity":268,"f:797:30:797:45":54,"s:797:55:797:61":269,"f:805:28:805:35":55,"s:806:25:808:Infinity":270,"b:807:14:807:Infinity:808:14:808:Infinity":61,"s:809:10:826:Infinity":271,"s:810:28:810:Infinity":272,"s:811:12:811:Infinity":273,"s:812:12:816:Infinity":274,"s:818:12:825:Infinity":275},"fnNames":{}}}
}
