{"E:\\Git\\karaoke\\front\\src\\services\\onlineVoiceMesh.js": {"path":"E:\\Git\\karaoke\\front\\src\\services\\onlineVoiceMesh.js","statementMap":{"0":{"start":{"line":6,"column":6},"end":{"line":9,"column":null}},"1":{"start":{"line":7,"column":2},"end":{"line":9,"column":null}},"2":{"start":{"line":8,"column":4},"end":{"line":8,"column":null}},"3":{"start":{"line":10,"column":6},"end":{"line":14,"column":null}},"4":{"start":{"line":11,"column":2},"end":{"line":11,"column":null}},"5":{"start":{"line":11,"column":35},"end":{"line":11,"column":null}},"6":{"start":{"line":12,"column":2},"end":{"line":12,"column":null}},"7":{"start":{"line":12,"column":33},"end":{"line":12,"column":null}},"8":{"start":{"line":13,"column":2},"end":{"line":13,"column":null}},"9":{"start":{"line":15,"column":32},"end":{"line":15,"column":null}},"10":{"start":{"line":16,"column":31},"end":{"line":16,"column":null}},"11":{"start":{"line":17,"column":28},"end":{"line":17,"column":null}},"12":{"start":{"line":18,"column":35},"end":{"line":18,"column":null}},"13":{"start":{"line":19,"column":28},"end":{"line":19,"column":null}},"14":{"start":{"line":20,"column":32},"end":{"line":20,"column":null}},"15":{"start":{"line":21,"column":34},"end":{"line":21,"column":null}},"16":{"start":{"line":22,"column":36},"end":{"line":22,"column":null}},"17":{"start":{"line":23,"column":6},"end":{"line":24,"column":null}},"18":{"start":{"line":24,"column":2},"end":{"line":24,"column":null}},"19":{"start":{"line":27,"column":4},"end":{"line":27,"column":null}},"20":{"start":{"line":28,"column":4},"end":{"line":28,"column":null}},"21":{"start":{"line":29,"column":4},"end":{"line":29,"column":null}},"22":{"start":{"line":30,"column":4},"end":{"line":30,"column":null}},"23":{"start":{"line":31,"column":4},"end":{"line":31,"column":null}},"24":{"start":{"line":32,"column":4},"end":{"line":32,"column":null}},"25":{"start":{"line":33,"column":4},"end":{"line":33,"column":null}},"26":{"start":{"line":34,"column":4},"end":{"line":34,"column":null}},"27":{"start":{"line":35,"column":4},"end":{"line":35,"column":null}},"28":{"start":{"line":36,"column":4},"end":{"line":36,"column":null}},"29":{"start":{"line":37,"column":4},"end":{"line":37,"column":null}},"30":{"start":{"line":38,"column":4},"end":{"line":38,"column":null}},"31":{"start":{"line":39,"column":4},"end":{"line":39,"column":null}},"32":{"start":{"line":40,"column":4},"end":{"line":40,"column":null}},"33":{"start":{"line":41,"column":4},"end":{"line":41,"column":null}},"34":{"start":{"line":42,"column":4},"end":{"line":42,"column":null}},"35":{"start":{"line":43,"column":4},"end":{"line":43,"column":null}},"36":{"start":{"line":44,"column":4},"end":{"line":44,"column":null}},"37":{"start":{"line":48,"column":4},"end":{"line":55,"column":null}},"38":{"start":{"line":52,"column":6},"end":{"line":54,"column":null}},"39":{"start":{"line":56,"column":23},"end":{"line":58,"column":null}},"40":{"start":{"line":58,"column":23},"end":{"line":58,"column":50}},"41":{"start":{"line":59,"column":4},"end":{"line":59,"column":null}},"42":{"start":{"line":59,"column":20},"end":{"line":59,"column":null}},"43":{"start":{"line":60,"column":4},"end":{"line":63,"column":null}},"44":{"start":{"line":61,"column":6},"end":{"line":61,"column":null}},"45":{"start":{"line":61,"column":51},"end":{"line":61,"column":63}},"46":{"start":{"line":62,"column":6},"end":{"line":62,"column":null}},"47":{"start":{"line":64,"column":4},"end":{"line":64,"column":null}},"48":{"start":{"line":64,"column":27},"end":{"line":64,"column":null}},"49":{"start":{"line":65,"column":33},"end":{"line":65,"column":null}},"50":{"start":{"line":66,"column":25},"end":{"line":108,"column":null}},"51":{"start":{"line":78,"column":8},"end":{"line":81,"column":null}},"52":{"start":{"line":79,"column":10},"end":{"line":79,"column":null}},"53":{"start":{"line":79,"column":48},"end":{"line":79,"column":60}},"54":{"start":{"line":80,"column":10},"end":{"line":80,"column":null}},"55":{"start":{"line":82,"column":8},"end":{"line":82,"column":null}},"56":{"start":{"line":83,"column":8},"end":{"line":85,"column":null}},"57":{"start":{"line":84,"column":10},"end":{"line":84,"column":null}},"58":{"start":{"line":86,"column":8},"end":{"line":98,"column":null}},"59":{"start":{"line":87,"column":35},"end":{"line":92,"column":null}},"60":{"start":{"line":90,"column":31},"end":{"line":90,"column":47}},"61":{"start":{"line":93,"column":10},"end":{"line":95,"column":null}},"62":{"start":{"line":94,"column":12},"end":{"line":94,"column":null}},"63":{"start":{"line":94,"column":49},"end":{"line":94,"column":null}},"64":{"start":{"line":96,"column":10},"end":{"line":96,"column":null}},"65":{"start":{"line":97,"column":10},"end":{"line":97,"column":null}},"66":{"start":{"line":99,"column":24},"end":{"line":99,"column":null}},"67":{"start":{"line":100,"column":8},"end":{"line":100,"column":null}},"68":{"start":{"line":101,"column":8},"end":{"line":103,"column":null}},"69":{"start":{"line":102,"column":41},"end":{"line":102,"column":67}},"70":{"start":{"line":104,"column":8},"end":{"line":104,"column":null}},"71":{"start":{"line":107,"column":8},"end":{"line":107,"column":null}},"72":{"start":{"line":107,"column":48},"end":{"line":107,"column":null}},"73":{"start":{"line":109,"column":4},"end":{"line":109,"column":null}},"74":{"start":{"line":110,"column":4},"end":{"line":110,"column":null}},"75":{"start":{"line":114,"column":4},"end":{"line":122,"column":null}},"76":{"start":{"line":119,"column":6},"end":{"line":121,"column":null}},"77":{"start":{"line":123,"column":4},"end":{"line":127,"column":null}},"78":{"start":{"line":124,"column":6},"end":{"line":126,"column":null}},"79":{"start":{"line":128,"column":20},"end":{"line":128,"column":null}},"80":{"start":{"line":129,"column":4},"end":{"line":129,"column":null}},"81":{"start":{"line":129,"column":17},"end":{"line":129,"column":null}},"82":{"start":{"line":130,"column":17},"end":{"line":136,"column":null}},"83":{"start":{"line":137,"column":4},"end":{"line":139,"column":null}},"84":{"start":{"line":138,"column":6},"end":{"line":138,"column":null}},"85":{"start":{"line":140,"column":10},"end":{"line":140,"column":null}},"86":{"start":{"line":140,"column":32},"end":{"line":140,"column":null}},"87":{"start":{"line":141,"column":4},"end":{"line":149,"column":null}},"88":{"start":{"line":142,"column":6},"end":{"line":142,"column":null}},"89":{"start":{"line":142,"column":42},"end":{"line":142,"column":null}},"90":{"start":{"line":143,"column":6},"end":{"line":148,"column":null}},"91":{"start":{"line":150,"column":4},"end":{"line":158,"column":null}},"92":{"start":{"line":151,"column":21},"end":{"line":151,"column":null}},"93":{"start":{"line":152,"column":6},"end":{"line":152,"column":null}},"94":{"start":{"line":152,"column":19},"end":{"line":152,"column":null}},"95":{"start":{"line":153,"column":6},"end":{"line":156,"column":null}},"96":{"start":{"line":154,"column":8},"end":{"line":154,"column":null}},"97":{"start":{"line":154,"column":48},"end":{"line":154,"column":60}},"98":{"start":{"line":155,"column":8},"end":{"line":155,"column":null}},"99":{"start":{"line":157,"column":6},"end":{"line":157,"column":null}},"100":{"start":{"line":159,"column":4},"end":{"line":165,"column":null}},"101":{"start":{"line":160,"column":6},"end":{"line":163,"column":null}},"102":{"start":{"line":161,"column":8},"end":{"line":161,"column":null}},"103":{"start":{"line":162,"column":8},"end":{"line":162,"column":null}},"104":{"start":{"line":164,"column":6},"end":{"line":164,"column":null}},"105":{"start":{"line":166,"column":4},"end":{"line":186,"column":null}},"106":{"start":{"line":167,"column":6},"end":{"line":167,"column":null}},"107":{"start":{"line":167,"column":28},"end":{"line":167,"column":null}},"108":{"start":{"line":168,"column":28},"end":{"line":168,"column":null}},"109":{"start":{"line":169,"column":6},"end":{"line":172,"column":null}},"110":{"start":{"line":170,"column":8},"end":{"line":170,"column":null}},"111":{"start":{"line":171,"column":8},"end":{"line":171,"column":null}},"112":{"start":{"line":173,"column":6},"end":{"line":176,"column":null}},"113":{"start":{"line":174,"column":8},"end":{"line":174,"column":null}},"114":{"start":{"line":175,"column":8},"end":{"line":175,"column":null}},"115":{"start":{"line":177,"column":6},"end":{"line":185,"column":null}},"116":{"start":{"line":178,"column":22},"end":{"line":183,"column":null}},"117":{"start":{"line":179,"column":10},"end":{"line":179,"column":null}},"118":{"start":{"line":180,"column":10},"end":{"line":182,"column":null}},"119":{"start":{"line":181,"column":12},"end":{"line":181,"column":null}},"120":{"start":{"line":184,"column":8},"end":{"line":184,"column":null}},"121":{"start":{"line":187,"column":4},"end":{"line":187,"column":null}},"122":{"start":{"line":188,"column":4},"end":{"line":188,"column":null}},"123":{"start":{"line":192,"column":4},"end":{"line":211,"column":null}},"124":{"start":{"line":196,"column":22},"end":{"line":196,"column":null}},"125":{"start":{"line":199,"column":29},"end":{"line":199,"column":null}},"126":{"start":{"line":200,"column":28},"end":{"line":202,"column":null}},"127":{"start":{"line":203,"column":10},"end":{"line":207,"column":null}},"128":{"start":{"line":203,"column":62},"end":{"line":207,"column":12}},"129":{"start":{"line":208,"column":10},"end":{"line":208,"column":null}},"130":{"start":{"line":209,"column":10},"end":{"line":209,"column":null}},"131":{"start":{"line":215,"column":4},"end":{"line":215,"column":null}},"132":{"start":{"line":215,"column":24},"end":{"line":215,"column":null}},"133":{"start":{"line":216,"column":26},"end":{"line":216,"column":null}},"134":{"start":{"line":217,"column":4},"end":{"line":217,"column":null}},"135":{"start":{"line":217,"column":23},"end":{"line":217,"column":null}},"136":{"start":{"line":218,"column":33},"end":{"line":218,"column":null}},"137":{"start":{"line":219,"column":17},"end":{"line":219,"column":null}},"138":{"start":{"line":220,"column":10},"end":{"line":223,"column":null}},"139":{"start":{"line":221,"column":6},"end":{"line":223,"column":null}},"140":{"start":{"line":224,"column":10},"end":{"line":252,"column":null}},"141":{"start":{"line":225,"column":6},"end":{"line":232,"column":null}},"142":{"start":{"line":226,"column":8},"end":{"line":231,"column":null}},"143":{"start":{"line":233,"column":6},"end":{"line":247,"column":null}},"144":{"start":{"line":234,"column":22},"end":{"line":234,"column":null}},"145":{"start":{"line":235,"column":8},"end":{"line":235,"column":null}},"146":{"start":{"line":235,"column":30},"end":{"line":235,"column":null}},"147":{"start":{"line":236,"column":8},"end":{"line":236,"column":null}},"148":{"start":{"line":237,"column":8},"end":{"line":237,"column":null}},"149":{"start":{"line":237,"column":56},"end":{"line":237,"column":null}},"150":{"start":{"line":238,"column":8},"end":{"line":243,"column":null}},"151":{"start":{"line":245,"column":8},"end":{"line":245,"column":null}},"152":{"start":{"line":245,"column":30},"end":{"line":245,"column":null}},"153":{"start":{"line":246,"column":8},"end":{"line":246,"column":null}},"154":{"start":{"line":249,"column":6},"end":{"line":251,"column":null}},"155":{"start":{"line":250,"column":8},"end":{"line":250,"column":null}},"156":{"start":{"line":253,"column":4},"end":{"line":253,"column":null}},"157":{"start":{"line":254,"column":4},"end":{"line":254,"column":null}},"158":{"start":{"line":258,"column":4},"end":{"line":267,"column":null}},"159":{"start":{"line":266,"column":6},"end":{"line":266,"column":null}},"160":{"start":{"line":268,"column":24},"end":{"line":268,"column":null}},"161":{"start":{"line":269,"column":27},"end":{"line":269,"column":null}},"162":{"start":{"line":270,"column":26},"end":{"line":326,"column":null}},"163":{"start":{"line":273,"column":8},"end":{"line":273,"column":null}},"164":{"start":{"line":273,"column":66},"end":{"line":273,"column":null}},"165":{"start":{"line":274,"column":37},"end":{"line":274,"column":null}},"166":{"start":{"line":275,"column":21},"end":{"line":275,"column":null}},"167":{"start":{"line":276,"column":14},"end":{"line":280,"column":null}},"168":{"start":{"line":277,"column":10},"end":{"line":280,"column":null}},"169":{"start":{"line":281,"column":8},"end":{"line":297,"column":null}},"170":{"start":{"line":282,"column":10},"end":{"line":282,"column":null}},"171":{"start":{"line":282,"column":32},"end":{"line":282,"column":null}},"172":{"start":{"line":283,"column":10},"end":{"line":286,"column":null}},"173":{"start":{"line":284,"column":12},"end":{"line":284,"column":null}},"174":{"start":{"line":285,"column":12},"end":{"line":285,"column":null}},"175":{"start":{"line":287,"column":24},"end":{"line":287,"column":null}},"176":{"start":{"line":288,"column":10},"end":{"line":293,"column":null}},"177":{"start":{"line":289,"column":12},"end":{"line":289,"column":null}},"178":{"start":{"line":290,"column":12},"end":{"line":292,"column":null}},"179":{"start":{"line":294,"column":10},"end":{"line":294,"column":null}},"180":{"start":{"line":295,"column":10},"end":{"line":295,"column":null}},"181":{"start":{"line":296,"column":10},"end":{"line":296,"column":null}},"182":{"start":{"line":298,"column":8},"end":{"line":298,"column":null}},"183":{"start":{"line":298,"column":33},"end":{"line":298,"column":null}},"184":{"start":{"line":299,"column":8},"end":{"line":299,"column":null}},"185":{"start":{"line":300,"column":8},"end":{"line":300,"column":null}},"186":{"start":{"line":300,"column":30},"end":{"line":300,"column":null}},"187":{"start":{"line":301,"column":27},"end":{"line":301,"column":null}},"188":{"start":{"line":302,"column":8},"end":{"line":302,"column":null}},"189":{"start":{"line":305,"column":8},"end":{"line":309,"column":null}},"190":{"start":{"line":306,"column":10},"end":{"line":306,"column":null}},"191":{"start":{"line":306,"column":32},"end":{"line":306,"column":null}},"192":{"start":{"line":308,"column":10},"end":{"line":308,"column":null}},"193":{"start":{"line":310,"column":8},"end":{"line":310,"column":null}},"194":{"start":{"line":310,"column":49},"end":{"line":310,"column":null}},"195":{"start":{"line":311,"column":23},"end":{"line":311,"column":null}},"196":{"start":{"line":312,"column":8},"end":{"line":312,"column":null}},"197":{"start":{"line":312,"column":30},"end":{"line":312,"column":null}},"198":{"start":{"line":313,"column":8},"end":{"line":313,"column":null}},"199":{"start":{"line":314,"column":8},"end":{"line":314,"column":null}},"200":{"start":{"line":314,"column":56},"end":{"line":314,"column":null}},"201":{"start":{"line":315,"column":8},"end":{"line":320,"column":null}},"202":{"start":{"line":323,"column":8},"end":{"line":325,"column":null}},"203":{"start":{"line":324,"column":10},"end":{"line":324,"column":null}},"204":{"start":{"line":327,"column":4},"end":{"line":327,"column":null}},"205":{"start":{"line":328,"column":4},"end":{"line":328,"column":null}},"206":{"start":{"line":332,"column":4},"end":{"line":334,"column":null}},"207":{"start":{"line":333,"column":6},"end":{"line":333,"column":null}},"208":{"start":{"line":338,"column":28},"end":{"line":338,"column":null}},"209":{"start":{"line":339,"column":4},"end":{"line":344,"column":null}},"210":{"start":{"line":340,"column":23},"end":{"line":340,"column":null}},"211":{"start":{"line":341,"column":6},"end":{"line":341,"column":null}},"212":{"start":{"line":341,"column":27},"end":{"line":341,"column":null}},"213":{"start":{"line":342,"column":6},"end":{"line":342,"column":null}},"214":{"start":{"line":343,"column":6},"end":{"line":343,"column":null}},"215":{"start":{"line":343,"column":51},"end":{"line":343,"column":null}},"216":{"start":{"line":345,"column":4},"end":{"line":345,"column":null}},"217":{"start":{"line":346,"column":4},"end":{"line":346,"column":null}},"218":{"start":{"line":347,"column":4},"end":{"line":521,"column":null}},"219":{"start":{"line":348,"column":6},"end":{"line":485,"column":null}},"220":{"start":{"line":349,"column":8},"end":{"line":349,"column":null}},"221":{"start":{"line":349,"column":51},"end":{"line":349,"column":null}},"222":{"start":{"line":351,"column":8},"end":{"line":355,"column":null}},"223":{"start":{"line":352,"column":10},"end":{"line":352,"column":null}},"224":{"start":{"line":354,"column":10},"end":{"line":354,"column":null}},"225":{"start":{"line":356,"column":8},"end":{"line":358,"column":null}},"226":{"start":{"line":357,"column":10},"end":{"line":357,"column":null}},"227":{"start":{"line":359,"column":8},"end":{"line":483,"column":null}},"228":{"start":{"line":360,"column":26},"end":{"line":362,"column":null}},"229":{"start":{"line":363,"column":10},"end":{"line":363,"column":null}},"230":{"start":{"line":363,"column":67},"end":{"line":363,"column":null}},"231":{"start":{"line":364,"column":10},"end":{"line":364,"column":null}},"232":{"start":{"line":365,"column":10},"end":{"line":365,"column":null}},"233":{"start":{"line":366,"column":10},"end":{"line":375,"column":null}},"234":{"start":{"line":366,"column":48},"end":{"line":366,"column":null}},"235":{"start":{"line":368,"column":12},"end":{"line":374,"column":null}},"236":{"start":{"line":376,"column":15},"end":{"line":483,"column":null}},"237":{"start":{"line":377,"column":10},"end":{"line":377,"column":null}},"238":{"start":{"line":377,"column":53},"end":{"line":377,"column":null}},"239":{"start":{"line":379,"column":12},"end":{"line":379,"column":null}},"240":{"start":{"line":380,"column":10},"end":{"line":387,"column":null}},"241":{"start":{"line":385,"column":12},"end":{"line":385,"column":null}},"242":{"start":{"line":386,"column":12},"end":{"line":386,"column":null}},"243":{"start":{"line":388,"column":27},"end":{"line":408,"column":null}},"244":{"start":{"line":409,"column":10},"end":{"line":415,"column":null}},"245":{"start":{"line":416,"column":10},"end":{"line":416,"column":null}},"246":{"start":{"line":417,"column":15},"end":{"line":483,"column":null}},"247":{"start":{"line":418,"column":27},"end":{"line":418,"column":null}},"248":{"start":{"line":419,"column":10},"end":{"line":419,"column":null}},"249":{"start":{"line":420,"column":10},"end":{"line":420,"column":null}},"250":{"start":{"line":420,"column":31},"end":{"line":420,"column":null}},"251":{"start":{"line":421,"column":10},"end":{"line":436,"column":null}},"252":{"start":{"line":426,"column":12},"end":{"line":434,"column":null}},"253":{"start":{"line":427,"column":14},"end":{"line":433,"column":null}},"254":{"start":{"line":435,"column":12},"end":{"line":435,"column":null}},"255":{"start":{"line":437,"column":28},"end":{"line":437,"column":null}},"256":{"start":{"line":438,"column":10},"end":{"line":438,"column":null}},"257":{"start":{"line":438,"column":47},"end":{"line":438,"column":null}},"258":{"start":{"line":439,"column":23},"end":{"line":441,"column":null}},"259":{"start":{"line":442,"column":10},"end":{"line":447,"column":null}},"260":{"start":{"line":448,"column":10},"end":{"line":482,"column":null}},"261":{"start":{"line":450,"column":14},"end":{"line":457,"column":null}},"262":{"start":{"line":451,"column":16},"end":{"line":456,"column":null}},"263":{"start":{"line":458,"column":14},"end":{"line":463,"column":null}},"264":{"start":{"line":466,"column":14},"end":{"line":475,"column":null}},"265":{"start":{"line":467,"column":16},"end":{"line":474,"column":null}},"266":{"start":{"line":476,"column":14},"end":{"line":481,"column":null}},"267":{"start":{"line":484,"column":8},"end":{"line":484,"column":null}},"268":{"start":{"line":486,"column":23},"end":{"line":486,"column":null}},"269":{"start":{"line":487,"column":20},"end":{"line":487,"column":null}},"270":{"start":{"line":488,"column":6},"end":{"line":488,"column":null}},"271":{"start":{"line":488,"column":57},"end":{"line":488,"column":null}},"272":{"start":{"line":489,"column":6},"end":{"line":493,"column":null}},"273":{"start":{"line":490,"column":8},"end":{"line":490,"column":null}},"274":{"start":{"line":491,"column":8},"end":{"line":491,"column":null}},"275":{"start":{"line":492,"column":8},"end":{"line":492,"column":null}},"276":{"start":{"line":494,"column":6},"end":{"line":494,"column":null}},"277":{"start":{"line":495,"column":6},"end":{"line":499,"column":null}},"278":{"start":{"line":496,"column":8},"end":{"line":496,"column":null}},"279":{"start":{"line":497,"column":8},"end":{"line":497,"column":null}},"280":{"start":{"line":498,"column":8},"end":{"line":498,"column":null}},"281":{"start":{"line":500,"column":6},"end":{"line":500,"column":null}},"282":{"start":{"line":501,"column":6},"end":{"line":501,"column":null}},"283":{"start":{"line":502,"column":6},"end":{"line":505,"column":null}},"284":{"start":{"line":506,"column":22},"end":{"line":511,"column":null}},"285":{"start":{"line":512,"column":6},"end":{"line":520,"column":null}},"286":{"start":{"line":513,"column":8},"end":{"line":513,"column":null}},"287":{"start":{"line":514,"column":8},"end":{"line":519,"column":null}},"288":{"start":{"line":522,"column":10},"end":{"line":528,"column":null}},"289":{"start":{"line":523,"column":6},"end":{"line":523,"column":null}},"290":{"start":{"line":523,"column":56},"end":{"line":523,"column":null}},"291":{"start":{"line":524,"column":6},"end":{"line":524,"column":null}},"292":{"start":{"line":525,"column":23},"end":{"line":525,"column":null}},"293":{"start":{"line":526,"column":6},"end":{"line":526,"column":null}},"294":{"start":{"line":526,"column":27},"end":{"line":526,"column":null}},"295":{"start":{"line":527,"column":6},"end":{"line":527,"column":null}},"296":{"start":{"line":529,"column":4},"end":{"line":529,"column":null}},"297":{"start":{"line":530,"column":4},"end":{"line":530,"column":null}},"298":{"start":{"line":531,"column":4},"end":{"line":531,"column":null}},"299":{"start":{"line":535,"column":4},"end":{"line":535,"column":null}},"300":{"start":{"line":539,"column":4},"end":{"line":554,"column":null}},"301":{"start":{"line":540,"column":23},"end":{"line":540,"column":null}},"302":{"start":{"line":541,"column":6},"end":{"line":541,"column":null}},"303":{"start":{"line":541,"column":56},"end":{"line":541,"column":null}},"304":{"start":{"line":542,"column":6},"end":{"line":542,"column":null}},"305":{"start":{"line":543,"column":22},"end":{"line":543,"column":null}},"306":{"start":{"line":544,"column":6},"end":{"line":552,"column":null}},"307":{"start":{"line":545,"column":8},"end":{"line":551,"column":null}},"308":{"start":{"line":553,"column":6},"end":{"line":553,"column":null}},"309":{"start":{"line":562,"column":24},"end":{"line":564,"column":null}},"310":{"start":{"line":565,"column":22},"end":{"line":565,"column":null}},"311":{"start":{"line":566,"column":4},"end":{"line":581,"column":null}},"312":{"start":{"line":567,"column":6},"end":{"line":569,"column":null}},"313":{"start":{"line":568,"column":8},"end":{"line":568,"column":null}},"314":{"start":{"line":570,"column":22},"end":{"line":570,"column":null}},"315":{"start":{"line":571,"column":6},"end":{"line":571,"column":null}},"316":{"start":{"line":571,"column":42},"end":{"line":571,"column":null}},"317":{"start":{"line":572,"column":6},"end":{"line":577,"column":null}},"318":{"start":{"line":576,"column":8},"end":{"line":576,"column":null}},"319":{"start":{"line":580,"column":6},"end":{"line":580,"column":null}},"320":{"start":{"line":582,"column":4},"end":{"line":582,"column":null}},"321":{"start":{"line":586,"column":22},"end":{"line":586,"column":null}},"322":{"start":{"line":587,"column":4},"end":{"line":595,"column":null}},"323":{"start":{"line":594,"column":6},"end":{"line":594,"column":null}},"324":{"start":{"line":596,"column":4},"end":{"line":600,"column":null}},"325":{"start":{"line":597,"column":6},"end":{"line":599,"column":null}},"326":{"start":{"line":601,"column":33},"end":{"line":601,"column":null}},"327":{"start":{"line":602,"column":20},"end":{"line":606,"column":null}},"328":{"start":{"line":608,"column":6},"end":{"line":610,"column":null}},"329":{"start":{"line":611,"column":4},"end":{"line":613,"column":null}},"330":{"start":{"line":612,"column":6},"end":{"line":612,"column":null}},"331":{"start":{"line":614,"column":4},"end":{"line":633,"column":null}},"332":{"start":{"line":634,"column":4},"end":{"line":634,"column":null}},"333":{"start":{"line":635,"column":22},"end":{"line":635,"column":null}},"334":{"start":{"line":636,"column":25},"end":{"line":636,"column":null}},"335":{"start":{"line":637,"column":4},"end":{"line":686,"column":null}},"336":{"start":{"line":637,"column":22},"end":{"line":637,"column":25}},"337":{"start":{"line":638,"column":6},"end":{"line":655,"column":null}},"338":{"start":{"line":639,"column":8},"end":{"line":644,"column":null}},"339":{"start":{"line":643,"column":10},"end":{"line":643,"column":null}},"340":{"start":{"line":645,"column":8},"end":{"line":651,"column":null}},"341":{"start":{"line":646,"column":10},"end":{"line":650,"column":null}},"342":{"start":{"line":654,"column":8},"end":{"line":654,"column":null}},"343":{"start":{"line":656,"column":6},"end":{"line":661,"column":null}},"344":{"start":{"line":660,"column":8},"end":{"line":660,"column":null}},"345":{"start":{"line":664,"column":20},"end":{"line":664,"column":null}},"346":{"start":{"line":665,"column":6},"end":{"line":670,"column":null}},"347":{"start":{"line":669,"column":8},"end":{"line":669,"column":null}},"348":{"start":{"line":671,"column":6},"end":{"line":671,"column":null}},"349":{"start":{"line":672,"column":6},"end":{"line":672,"column":null}},"350":{"start":{"line":673,"column":6},"end":{"line":685,"column":null}},"351":{"start":{"line":687,"column":4},"end":{"line":692,"column":null}},"352":{"start":{"line":691,"column":6},"end":{"line":691,"column":null}},"353":{"start":{"line":693,"column":4},"end":{"line":718,"column":null}},"354":{"start":{"line":694,"column":20},"end":{"line":699,"column":null}},"355":{"start":{"line":695,"column":8},"end":{"line":695,"column":null}},"356":{"start":{"line":696,"column":8},"end":{"line":698,"column":null}},"357":{"start":{"line":700,"column":6},"end":{"line":705,"column":null}},"358":{"start":{"line":706,"column":6},"end":{"line":717,"column":null}},"359":{"start":{"line":707,"column":8},"end":{"line":712,"column":null}},"360":{"start":{"line":714,"column":8},"end":{"line":714,"column":null}},"361":{"start":{"line":715,"column":8},"end":{"line":715,"column":null}},"362":{"start":{"line":716,"column":8},"end":{"line":716,"column":null}},"363":{"start":{"line":719,"column":4},"end":{"line":719,"column":null}},"364":{"start":{"line":723,"column":28},"end":{"line":723,"column":null}},"365":{"start":{"line":724,"column":4},"end":{"line":724,"column":null}},"366":{"start":{"line":724,"column":25},"end":{"line":724,"column":null}},"367":{"start":{"line":725,"column":4},"end":{"line":725,"column":null}},"368":{"start":{"line":727,"column":6},"end":{"line":727,"column":null}},"369":{"start":{"line":728,"column":4},"end":{"line":731,"column":null}},"370":{"start":{"line":732,"column":4},"end":{"line":732,"column":null}},"371":{"start":{"line":733,"column":4},"end":{"line":733,"column":null}},"372":{"start":{"line":734,"column":4},"end":{"line":734,"column":null}},"373":{"start":{"line":735,"column":4},"end":{"line":735,"column":null}},"374":{"start":{"line":736,"column":4},"end":{"line":736,"column":null}},"375":{"start":{"line":737,"column":4},"end":{"line":737,"column":null}},"376":{"start":{"line":738,"column":4},"end":{"line":738,"column":null}},"377":{"start":{"line":739,"column":4},"end":{"line":739,"column":null}},"378":{"start":{"line":740,"column":21},"end":{"line":740,"column":null}},"379":{"start":{"line":741,"column":4},"end":{"line":741,"column":null}},"380":{"start":{"line":741,"column":25},"end":{"line":741,"column":null}},"381":{"start":{"line":742,"column":4},"end":{"line":742,"column":null}},"382":{"start":{"line":743,"column":4},"end":{"line":750,"column":null}},"383":{"start":{"line":744,"column":6},"end":{"line":744,"column":null}},"384":{"start":{"line":744,"column":51},"end":{"line":744,"column":null}},"385":{"start":{"line":745,"column":6},"end":{"line":745,"column":null}},"386":{"start":{"line":746,"column":6},"end":{"line":748,"column":null}},"387":{"start":{"line":749,"column":6},"end":{"line":749,"column":null}},"388":{"start":{"line":751,"column":4},"end":{"line":751,"column":null}},"389":{"start":{"line":751,"column":17},"end":{"line":751,"column":null}},"390":{"start":{"line":755,"column":4},"end":{"line":755,"column":null}},"391":{"start":{"line":756,"column":4},"end":{"line":758,"column":null}},"392":{"start":{"line":757,"column":6},"end":{"line":757,"column":null}},"393":{"start":{"line":759,"column":4},"end":{"line":759,"column":null}},"394":{"start":{"line":759,"column":48},"end":{"line":759,"column":60}},"395":{"start":{"line":760,"column":4},"end":{"line":760,"column":null}},"396":{"start":{"line":761,"column":4},"end":{"line":761,"column":null}},"397":{"start":{"line":762,"column":4},"end":{"line":762,"column":null}},"398":{"start":{"line":763,"column":4},"end":{"line":763,"column":null}},"399":{"start":{"line":764,"column":4},"end":{"line":764,"column":null}},"400":{"start":{"line":765,"column":4},"end":{"line":767,"column":null}},"401":{"start":{"line":766,"column":6},"end":{"line":766,"column":null}},"402":{"start":{"line":768,"column":4},"end":{"line":768,"column":null}},"403":{"start":{"line":769,"column":4},"end":{"line":771,"column":null}},"404":{"start":{"line":770,"column":6},"end":{"line":770,"column":null}},"405":{"start":{"line":770,"column":26},"end":{"line":770,"column":null}},"406":{"start":{"line":772,"column":4},"end":{"line":772,"column":null}},"407":{"start":{"line":773,"column":4},"end":{"line":773,"column":null}}},"fnMap":{"0":{"name":"(anonymous_0)","decl":{"start":{"line":6,"column":6},"end":{"line":6,"column":14}},"loc":{"start":{"line":7,"column":2},"end":{"line":9,"column":null}},"line":7},"1":{"name":"(anonymous_1)","decl":{"start":{"line":7,"column":6},"end":{"line":7,"column":15}},"loc":{"start":{"line":7,"column":27},"end":{"line":9,"column":3}},"line":7},"2":{"name":"(anonymous_2)","decl":{"start":{"line":10,"column":6},"end":{"line":10,"column":24}},"loc":{"start":{"line":10,"column":33},"end":{"line":14,"column":null}},"line":10},"3":{"name":"(anonymous_3)","decl":{"start":{"line":23,"column":6},"end":{"line":23,"column":29}},"loc":{"start":{"line":24,"column":2},"end":{"line":24,"column":null}},"line":24},"4":{"name":"constructor","decl":{"start":{"line":26,"column":2},"end":{"line":26,"column":14}},"loc":{"start":{"line":26,"column":26},"end":{"line":45,"column":null}},"line":26},"5":{"name":"start","decl":{"start":{"line":47,"column":8},"end":{"line":47,"column":16}},"loc":{"start":{"line":47,"column":16},"end":{"line":111,"column":null}},"line":47},"6":{"name":"(anonymous_6)","decl":{"start":{"line":58,"column":7},"end":{"line":58,"column":13}},"loc":{"start":{"line":58,"column":23},"end":{"line":58,"column":50}},"line":58},"7":{"name":"(anonymous_7)","decl":{"start":{"line":61,"column":32},"end":{"line":61,"column":41}},"loc":{"start":{"line":61,"column":51},"end":{"line":61,"column":63}},"line":61},"8":{"name":"(anonymous_8)","decl":{"start":{"line":77,"column":12},"end":{"line":77,"column":19}},"loc":{"start":{"line":77,"column":30},"end":{"line":105,"column":7}},"line":77},"9":{"name":"(anonymous_9)","decl":{"start":{"line":79,"column":29},"end":{"line":79,"column":38}},"loc":{"start":{"line":79,"column":48},"end":{"line":79,"column":60}},"line":79},"10":{"name":"(anonymous_10)","decl":{"start":{"line":83,"column":32},"end":{"line":83,"column":41}},"loc":{"start":{"line":83,"column":51},"end":{"line":85,"column":9}},"line":83},"11":{"name":"(anonymous_11)","decl":{"start":{"line":90,"column":15},"end":{"line":90,"column":20}},"loc":{"start":{"line":90,"column":31},"end":{"line":90,"column":47}},"line":90},"12":{"name":"(anonymous_12)","decl":{"start":{"line":93,"column":29},"end":{"line":93,"column":38}},"loc":{"start":{"line":93,"column":48},"end":{"line":95,"column":11}},"line":93},"13":{"name":"(anonymous_13)","decl":{"start":{"line":102,"column":18},"end":{"line":102,"column":23}},"loc":{"start":{"line":102,"column":41},"end":{"line":102,"column":67}},"line":102},"14":{"name":"(anonymous_14)","decl":{"start":{"line":106,"column":7},"end":{"line":106,"column":21}},"loc":{"start":{"line":106,"column":21},"end":{"line":108,"column":7}},"line":106},"15":{"name":"createPeer","decl":{"start":{"line":113,"column":2},"end":{"line":113,"column":13}},"loc":{"start":{"line":113,"column":28},"end":{"line":189,"column":null}},"line":113},"16":{"name":"(anonymous_16)","decl":{"start":{"line":137,"column":29},"end":{"line":137,"column":38}},"loc":{"start":{"line":137,"column":48},"end":{"line":139,"column":5}},"line":137},"17":{"name":"(anonymous_17)","decl":{"start":{"line":140,"column":10},"end":{"line":140,"column":32}},"loc":{"start":{"line":140,"column":32},"end":{"line":140,"column":null}},"line":140},"18":{"name":"(anonymous_18)","decl":{"start":{"line":141,"column":9},"end":{"line":141,"column":27}},"loc":{"start":{"line":141,"column":45},"end":{"line":149,"column":null}},"line":141},"19":{"name":"(anonymous_19)","decl":{"start":{"line":150,"column":9},"end":{"line":150,"column":20}},"loc":{"start":{"line":150,"column":36},"end":{"line":158,"column":null}},"line":150},"20":{"name":"(anonymous_20)","decl":{"start":{"line":154,"column":29},"end":{"line":154,"column":38}},"loc":{"start":{"line":154,"column":48},"end":{"line":154,"column":60}},"line":154},"21":{"name":"(anonymous_21)","decl":{"start":{"line":159,"column":9},"end":{"line":159,"column":26}},"loc":{"start":{"line":159,"column":42},"end":{"line":165,"column":null}},"line":159},"22":{"name":"(anonymous_22)","decl":{"start":{"line":166,"column":9},"end":{"line":166,"column":41}},"loc":{"start":{"line":166,"column":41},"end":{"line":186,"column":null}},"line":166},"23":{"name":"(anonymous_23)","decl":{"start":{"line":178,"column":33},"end":{"line":178,"column":50}},"loc":{"start":{"line":178,"column":50},"end":{"line":183,"column":11}},"line":178},"24":{"name":"optimizeAudioSenders","decl":{"start":{"line":191,"column":8},"end":{"line":191,"column":29}},"loc":{"start":{"line":191,"column":35},"end":{"line":212,"column":null}},"line":191},"25":{"name":"(anonymous_25)","decl":{"start":{"line":195,"column":9},"end":{"line":195,"column":null}},"loc":{"start":{"line":196,"column":22},"end":{"line":196,"column":null}},"line":196},"26":{"name":"(anonymous_26)","decl":{"start":{"line":198,"column":13},"end":{"line":198,"column":20}},"loc":{"start":{"line":198,"column":31},"end":{"line":210,"column":9}},"line":198},"27":{"name":"(anonymous_27)","decl":{"start":{"line":203,"column":43},"end":{"line":203,"column":48}},"loc":{"start":{"line":203,"column":62},"end":{"line":207,"column":12}},"line":203},"28":{"name":"invite","decl":{"start":{"line":214,"column":8},"end":{"line":214,"column":15}},"loc":{"start":{"line":214,"column":30},"end":{"line":255,"column":null}},"line":214},"29":{"name":"(anonymous_29)","decl":{"start":{"line":220,"column":10},"end":{"line":220,"column":null}},"loc":{"start":{"line":221,"column":6},"end":{"line":223,"column":null}},"line":221},"30":{"name":"(anonymous_30)","decl":{"start":{"line":224,"column":27},"end":{"line":224,"column":39}},"loc":{"start":{"line":224,"column":39},"end":{"line":248,"column":5}},"line":224},"31":{"name":"(anonymous_31)","decl":{"start":{"line":248,"column":9},"end":{"line":248,"column":23}},"loc":{"start":{"line":248,"column":23},"end":{"line":252,"column":5}},"line":248},"32":{"name":"accept","decl":{"start":{"line":257,"column":8},"end":{"line":257,"column":15}},"loc":{"start":{"line":257,"column":31},"end":{"line":329,"column":null}},"line":257},"33":{"name":"(anonymous_33)","decl":{"start":{"line":271,"column":7},"end":{"line":271,"column":19}},"loc":{"start":{"line":271,"column":19},"end":{"line":271,"column":21}},"line":271},"34":{"name":"(anonymous_34)","decl":{"start":{"line":272,"column":12},"end":{"line":272,"column":24}},"loc":{"start":{"line":272,"column":24},"end":{"line":321,"column":7}},"line":272},"35":{"name":"(anonymous_35)","decl":{"start":{"line":276,"column":14},"end":{"line":276,"column":null}},"loc":{"start":{"line":277,"column":10},"end":{"line":280,"column":null}},"line":277},"36":{"name":"(anonymous_36)","decl":{"start":{"line":322,"column":7},"end":{"line":322,"column":21}},"loc":{"start":{"line":322,"column":21},"end":{"line":326,"column":7}},"line":322},"37":{"name":"setMicrophoneMuted","decl":{"start":{"line":331,"column":2},"end":{"line":331,"column":21}},"loc":{"start":{"line":331,"column":28},"end":{"line":335,"column":null}},"line":331},"38":{"name":"(anonymous_38)","decl":{"start":{"line":332,"column":34},"end":{"line":332,"column":43}},"loc":{"start":{"line":332,"column":53},"end":{"line":334,"column":5}},"line":332},"39":{"name":"setupDataChannel","decl":{"start":{"line":337,"column":2},"end":{"line":337,"column":19}},"loc":{"start":{"line":337,"column":43},"end":{"line":532,"column":null}},"line":337},"40":{"name":"(anonymous_40)","decl":{"start":{"line":347,"column":12},"end":{"line":347,"column":25}},"loc":{"start":{"line":347,"column":38},"end":{"line":521,"column":null}},"line":347},"41":{"name":"(anonymous_41)","decl":{"start":{"line":449,"column":13},"end":{"line":449,"column":24}},"loc":{"start":{"line":449,"column":24},"end":{"line":464,"column":13}},"line":449},"42":{"name":"(anonymous_42)","decl":{"start":{"line":465,"column":13},"end":{"line":465,"column":20}},"loc":{"start":{"line":465,"column":30},"end":{"line":482,"column":13}},"line":465},"43":{"name":"(anonymous_43)","decl":{"start":{"line":522,"column":10},"end":{"line":522,"column":31}},"loc":{"start":{"line":522,"column":31},"end":{"line":528,"column":null}},"line":522},"44":{"name":"emitTransferProgress","decl":{"start":{"line":534,"column":2},"end":{"line":534,"column":23}},"loc":{"start":{"line":534,"column":69},"end":{"line":536,"column":null}},"line":534},"45":{"name":"createIncomingTransferTimer","decl":{"start":{"line":538,"column":2},"end":{"line":538,"column":30}},"loc":{"start":{"line":538,"column":57},"end":{"line":555,"column":null}},"line":538},"46":{"name":"(anonymous_46)","decl":{"start":{"line":539,"column":22},"end":{"line":539,"column":39}},"loc":{"start":{"line":539,"column":39},"end":{"line":554,"column":7}},"line":539},"47":{"name":"waitForDataChannel","decl":{"start":{"line":557,"column":8},"end":{"line":557,"column":null}},"loc":{"start":{"line":561,"column":4},"end":{"line":583,"column":null}},"line":561},"48":{"name":"sendFile","decl":{"start":{"line":585,"column":8},"end":{"line":585,"column":17}},"loc":{"start":{"line":585,"column":53},"end":{"line":720,"column":null}},"line":585},"49":{"name":"(anonymous_49)","decl":{"start":{"line":693,"column":14},"end":{"line":693,"column":23}},"loc":{"start":{"line":693,"column":43},"end":{"line":718,"column":5}},"line":693},"50":{"name":"(anonymous_50)","decl":{"start":{"line":694,"column":31},"end":{"line":694,"column":48}},"loc":{"start":{"line":694,"column":48},"end":{"line":699,"column":9}},"line":694},"51":{"name":"removePeer","decl":{"start":{"line":722,"column":2},"end":{"line":722,"column":13}},"loc":{"start":{"line":722,"column":28},"end":{"line":752,"column":null}},"line":722},"52":{"name":"stop","decl":{"start":{"line":754,"column":2},"end":{"line":754,"column":9}},"loc":{"start":{"line":754,"column":9},"end":{"line":774,"column":null}},"line":754},"53":{"name":"(anonymous_53)","decl":{"start":{"line":756,"column":61},"end":{"line":756,"column":70}},"loc":{"start":{"line":757,"column":6},"end":{"line":757,"column":null}},"line":757},"54":{"name":"(anonymous_54)","decl":{"start":{"line":759,"column":29},"end":{"line":759,"column":38}},"loc":{"start":{"line":759,"column":48},"end":{"line":759,"column":60}},"line":759}},"branchMap":{"0":{"loc":{"start":{"line":11,"column":2},"end":{"line":11,"column":null}},"type":"if","locations":[{"start":{"line":11,"column":2},"end":{"line":11,"column":null}},{"start":{},"end":{}}],"line":11},"1":{"loc":{"start":{"line":12,"column":2},"end":{"line":12,"column":null}},"type":"if","locations":[{"start":{"line":12,"column":2},"end":{"line":12,"column":null}},{"start":{},"end":{}}],"line":12},"2":{"loc":{"start":{"line":24,"column":2},"end":{"line":24,"column":null}},"type":"binary-expr","locations":[{"start":{"line":24,"column":2},"end":{"line":24,"column":32}},{"start":{"line":24,"column":32},"end":{"line":24,"column":45}},{"start":{"line":24,"column":45},"end":{"line":24,"column":null}}],"line":24},"3":{"loc":{"start":{"line":48,"column":4},"end":{"line":55,"column":null}},"type":"if","locations":[{"start":{"line":48,"column":4},"end":{"line":55,"column":null}},{"start":{},"end":{}}],"line":48},"4":{"loc":{"start":{"line":49,"column":6},"end":{"line":50,"column":null}},"type":"binary-expr","locations":[{"start":{"line":49,"column":6},"end":{"line":49,"column":null}},{"start":{"line":50,"column":6},"end":{"line":50,"column":null}}],"line":49},"5":{"loc":{"start":{"line":59,"column":4},"end":{"line":59,"column":null}},"type":"if","locations":[{"start":{"line":59,"column":4},"end":{"line":59,"column":null}},{"start":{},"end":{}}],"line":59},"6":{"loc":{"start":{"line":60,"column":4},"end":{"line":63,"column":null}},"type":"if","locations":[{"start":{"line":60,"column":4},"end":{"line":63,"column":null}},{"start":{},"end":{}}],"line":60},"7":{"loc":{"start":{"line":64,"column":4},"end":{"line":64,"column":null}},"type":"if","locations":[{"start":{"line":64,"column":4},"end":{"line":64,"column":null}},{"start":{},"end":{}}],"line":64},"8":{"loc":{"start":{"line":78,"column":8},"end":{"line":81,"column":null}},"type":"if","locations":[{"start":{"line":78,"column":8},"end":{"line":81,"column":null}},{"start":{},"end":{}}],"line":78},"9":{"loc":{"start":{"line":94,"column":12},"end":{"line":94,"column":null}},"type":"if","locations":[{"start":{"line":94,"column":12},"end":{"line":94,"column":null}},{"start":{},"end":{}}],"line":94},"10":{"loc":{"start":{"line":107,"column":8},"end":{"line":107,"column":null}},"type":"if","locations":[{"start":{"line":107,"column":8},"end":{"line":107,"column":null}},{"start":{},"end":{}}],"line":107},"11":{"loc":{"start":{"line":114,"column":4},"end":{"line":122,"column":null}},"type":"if","locations":[{"start":{"line":114,"column":4},"end":{"line":122,"column":null}},{"start":{},"end":{}}],"line":114},"12":{"loc":{"start":{"line":115,"column":6},"end":{"line":117,"column":null}},"type":"binary-expr","locations":[{"start":{"line":115,"column":6},"end":{"line":115,"column":null}},{"start":{"line":116,"column":6},"end":{"line":116,"column":null}},{"start":{"line":117,"column":6},"end":{"line":117,"column":null}}],"line":115},"13":{"loc":{"start":{"line":123,"column":4},"end":{"line":127,"column":null}},"type":"if","locations":[{"start":{"line":123,"column":4},"end":{"line":127,"column":null}},{"start":{},"end":{}}],"line":123},"14":{"loc":{"start":{"line":129,"column":4},"end":{"line":129,"column":null}},"type":"if","locations":[{"start":{"line":129,"column":4},"end":{"line":129,"column":null}},{"start":{},"end":{}}],"line":129},"15":{"loc":{"start":{"line":142,"column":6},"end":{"line":142,"column":null}},"type":"if","locations":[{"start":{"line":142,"column":6},"end":{"line":142,"column":null}},{"start":{},"end":{}}],"line":142},"16":{"loc":{"start":{"line":142,"column":10},"end":{"line":142,"column":42}},"type":"binary-expr","locations":[{"start":{"line":142,"column":10},"end":{"line":142,"column":24}},{"start":{"line":142,"column":24},"end":{"line":142,"column":42}}],"line":142},"17":{"loc":{"start":{"line":152,"column":6},"end":{"line":152,"column":null}},"type":"if","locations":[{"start":{"line":152,"column":6},"end":{"line":152,"column":null}},{"start":{},"end":{}}],"line":152},"18":{"loc":{"start":{"line":153,"column":6},"end":{"line":156,"column":null}},"type":"if","locations":[{"start":{"line":153,"column":6},"end":{"line":156,"column":null}},{"start":{},"end":{}}],"line":153},"19":{"loc":{"start":{"line":160,"column":6},"end":{"line":163,"column":null}},"type":"if","locations":[{"start":{"line":160,"column":6},"end":{"line":163,"column":null}},{"start":{},"end":{}}],"line":160},"20":{"loc":{"start":{"line":167,"column":6},"end":{"line":167,"column":null}},"type":"if","locations":[{"start":{"line":167,"column":6},"end":{"line":167,"column":null}},{"start":{},"end":{}}],"line":167},"21":{"loc":{"start":{"line":169,"column":6},"end":{"line":172,"column":null}},"type":"if","locations":[{"start":{"line":169,"column":6},"end":{"line":172,"column":null}},{"start":{},"end":{}}],"line":169},"22":{"loc":{"start":{"line":173,"column":6},"end":{"line":176,"column":null}},"type":"if","locations":[{"start":{"line":173,"column":6},"end":{"line":176,"column":null}},{"start":{},"end":{}}],"line":173},"23":{"loc":{"start":{"line":177,"column":6},"end":{"line":185,"column":null}},"type":"if","locations":[{"start":{"line":177,"column":6},"end":{"line":185,"column":null}},{"start":{},"end":{}}],"line":177},"24":{"loc":{"start":{"line":180,"column":10},"end":{"line":182,"column":null}},"type":"if","locations":[{"start":{"line":180,"column":10},"end":{"line":182,"column":null}},{"start":{},"end":{}}],"line":180},"25":{"loc":{"start":{"line":180,"column":14},"end":{"line":180,"column":74}},"type":"binary-expr","locations":[{"start":{"line":180,"column":14},"end":{"line":180,"column":33}},{"start":{"line":180,"column":33},"end":{"line":180,"column":74}}],"line":180},"26":{"loc":{"start":{"line":196,"column":22},"end":{"line":196,"column":null}},"type":"binary-expr","locations":[{"start":{"line":196,"column":22},"end":{"line":196,"column":56}},{"start":{"line":196,"column":56},"end":{"line":196,"column":null}}],"line":196},"27":{"loc":{"start":{"line":200,"column":28},"end":{"line":202,"column":null}},"type":"cond-expr","locations":[{"start":{"line":201,"column":14},"end":{"line":201,"column":null}},{"start":{"line":202,"column":14},"end":{"line":202,"column":null}}],"line":200},"28":{"loc":{"start":{"line":215,"column":4},"end":{"line":215,"column":null}},"type":"if","locations":[{"start":{"line":215,"column":4},"end":{"line":215,"column":null}},{"start":{},"end":{}}],"line":215},"29":{"loc":{"start":{"line":217,"column":4},"end":{"line":217,"column":null}},"type":"if","locations":[{"start":{"line":217,"column":4},"end":{"line":217,"column":null}},{"start":{},"end":{}}],"line":217},"30":{"loc":{"start":{"line":221,"column":6},"end":{"line":223,"column":null}},"type":"binary-expr","locations":[{"start":{"line":221,"column":6},"end":{"line":221,"column":null}},{"start":{"line":222,"column":6},"end":{"line":222,"column":null}},{"start":{"line":223,"column":6},"end":{"line":223,"column":null}}],"line":221},"31":{"loc":{"start":{"line":225,"column":6},"end":{"line":232,"column":null}},"type":"if","locations":[{"start":{"line":225,"column":6},"end":{"line":232,"column":null}},{"start":{},"end":{}}],"line":225},"32":{"loc":{"start":{"line":235,"column":8},"end":{"line":235,"column":null}},"type":"if","locations":[{"start":{"line":235,"column":8},"end":{"line":235,"column":null}},{"start":{},"end":{}}],"line":235},"33":{"loc":{"start":{"line":237,"column":8},"end":{"line":237,"column":null}},"type":"if","locations":[{"start":{"line":237,"column":8},"end":{"line":237,"column":null}},{"start":{},"end":{}}],"line":237},"34":{"loc":{"start":{"line":237,"column":12},"end":{"line":237,"column":56}},"type":"binary-expr","locations":[{"start":{"line":237,"column":12},"end":{"line":237,"column":32}},{"start":{"line":237,"column":32},"end":{"line":237,"column":56}}],"line":237},"35":{"loc":{"start":{"line":245,"column":8},"end":{"line":245,"column":null}},"type":"if","locations":[{"start":{"line":245,"column":8},"end":{"line":245,"column":null}},{"start":{},"end":{}}],"line":245},"36":{"loc":{"start":{"line":249,"column":6},"end":{"line":251,"column":null}},"type":"if","locations":[{"start":{"line":249,"column":6},"end":{"line":251,"column":null}},{"start":{},"end":{}}],"line":249},"37":{"loc":{"start":{"line":258,"column":4},"end":{"line":267,"column":null}},"type":"if","locations":[{"start":{"line":258,"column":4},"end":{"line":267,"column":null}},{"start":{},"end":{}}],"line":258},"38":{"loc":{"start":{"line":259,"column":6},"end":{"line":264,"column":null}},"type":"binary-expr","locations":[{"start":{"line":259,"column":6},"end":{"line":259,"column":null}},{"start":{"line":260,"column":6},"end":{"line":260,"column":null}},{"start":{"line":261,"column":6},"end":{"line":261,"column":null}},{"start":{"line":262,"column":6},"end":{"line":262,"column":null}},{"start":{"line":263,"column":6},"end":{"line":263,"column":null}},{"start":{"line":264,"column":6},"end":{"line":264,"column":null}}],"line":259},"39":{"loc":{"start":{"line":268,"column":24},"end":{"line":268,"column":null}},"type":"binary-expr","locations":[{"start":{"line":268,"column":24},"end":{"line":268,"column":57}},{"start":{"line":268,"column":57},"end":{"line":268,"column":null}}],"line":268},"40":{"loc":{"start":{"line":269,"column":27},"end":{"line":269,"column":null}},"type":"binary-expr","locations":[{"start":{"line":269,"column":27},"end":{"line":269,"column":62}},{"start":{"line":269,"column":62},"end":{"line":269,"column":null}}],"line":269},"41":{"loc":{"start":{"line":273,"column":8},"end":{"line":273,"column":null}},"type":"if","locations":[{"start":{"line":273,"column":8},"end":{"line":273,"column":null}},{"start":{},"end":{}}],"line":273},"42":{"loc":{"start":{"line":273,"column":13},"end":{"line":273,"column":53}},"type":"binary-expr","locations":[{"start":{"line":273,"column":13},"end":{"line":273,"column":46}},{"start":{"line":273,"column":46},"end":{"line":273,"column":53}}],"line":273},"43":{"loc":{"start":{"line":277,"column":10},"end":{"line":280,"column":null}},"type":"binary-expr","locations":[{"start":{"line":277,"column":10},"end":{"line":277,"column":null}},{"start":{"line":277,"column":36},"end":{"line":278,"column":null}},{"start":{"line":279,"column":10},"end":{"line":279,"column":null}},{"start":{"line":280,"column":10},"end":{"line":280,"column":null}}],"line":277},"44":{"loc":{"start":{"line":281,"column":8},"end":{"line":297,"column":null}},"type":"if","locations":[{"start":{"line":281,"column":8},"end":{"line":297,"column":null}},{"start":{},"end":{}}],"line":281},"45":{"loc":{"start":{"line":282,"column":10},"end":{"line":282,"column":null}},"type":"if","locations":[{"start":{"line":282,"column":10},"end":{"line":282,"column":null}},{"start":{},"end":{}}],"line":282},"46":{"loc":{"start":{"line":283,"column":10},"end":{"line":286,"column":null}},"type":"if","locations":[{"start":{"line":283,"column":10},"end":{"line":286,"column":null}},{"start":{},"end":{}}],"line":283},"47":{"loc":{"start":{"line":287,"column":24},"end":{"line":287,"column":null}},"type":"binary-expr","locations":[{"start":{"line":287,"column":24},"end":{"line":287,"column":62}},{"start":{"line":287,"column":62},"end":{"line":287,"column":null}}],"line":287},"48":{"loc":{"start":{"line":288,"column":10},"end":{"line":293,"column":null}},"type":"if","locations":[{"start":{"line":288,"column":10},"end":{"line":293,"column":null}},{"start":{},"end":{}}],"line":288},"49":{"loc":{"start":{"line":298,"column":8},"end":{"line":298,"column":null}},"type":"if","locations":[{"start":{"line":298,"column":8},"end":{"line":298,"column":null}},{"start":{},"end":{}}],"line":298},"50":{"loc":{"start":{"line":300,"column":8},"end":{"line":300,"column":null}},"type":"if","locations":[{"start":{"line":300,"column":8},"end":{"line":300,"column":null}},{"start":{},"end":{}}],"line":300},"51":{"loc":{"start":{"line":301,"column":27},"end":{"line":301,"column":null}},"type":"binary-expr","locations":[{"start":{"line":301,"column":27},"end":{"line":301,"column":65}},{"start":{"line":301,"column":65},"end":{"line":301,"column":null}}],"line":301},"52":{"loc":{"start":{"line":306,"column":10},"end":{"line":306,"column":null}},"type":"if","locations":[{"start":{"line":306,"column":10},"end":{"line":306,"column":null}},{"start":{},"end":{}}],"line":306},"53":{"loc":{"start":{"line":310,"column":8},"end":{"line":310,"column":null}},"type":"if","locations":[{"start":{"line":310,"column":8},"end":{"line":310,"column":null}},{"start":{},"end":{}}],"line":310},"54":{"loc":{"start":{"line":312,"column":8},"end":{"line":312,"column":null}},"type":"if","locations":[{"start":{"line":312,"column":8},"end":{"line":312,"column":null}},{"start":{},"end":{}}],"line":312},"55":{"loc":{"start":{"line":314,"column":8},"end":{"line":314,"column":null}},"type":"if","locations":[{"start":{"line":314,"column":8},"end":{"line":314,"column":null}},{"start":{},"end":{}}],"line":314},"56":{"loc":{"start":{"line":314,"column":12},"end":{"line":314,"column":56}},"type":"binary-expr","locations":[{"start":{"line":314,"column":12},"end":{"line":314,"column":32}},{"start":{"line":314,"column":32},"end":{"line":314,"column":56}}],"line":314},"57":{"loc":{"start":{"line":323,"column":8},"end":{"line":325,"column":null}},"type":"if","locations":[{"start":{"line":323,"column":8},"end":{"line":325,"column":null}},{"start":{},"end":{}}],"line":323},"58":{"loc":{"start":{"line":339,"column":4},"end":{"line":344,"column":null}},"type":"if","locations":[{"start":{"line":339,"column":4},"end":{"line":344,"column":null}},{"start":{},"end":{}}],"line":339},"59":{"loc":{"start":{"line":339,"column":8},"end":{"line":339,"column":56}},"type":"binary-expr","locations":[{"start":{"line":339,"column":8},"end":{"line":339,"column":27}},{"start":{"line":339,"column":27},"end":{"line":339,"column":56}}],"line":339},"60":{"loc":{"start":{"line":341,"column":6},"end":{"line":341,"column":null}},"type":"if","locations":[{"start":{"line":341,"column":6},"end":{"line":341,"column":null}},{"start":{},"end":{}}],"line":341},"61":{"loc":{"start":{"line":343,"column":6},"end":{"line":343,"column":null}},"type":"if","locations":[{"start":{"line":343,"column":6},"end":{"line":343,"column":null}},{"start":{},"end":{}}],"line":343},"62":{"loc":{"start":{"line":348,"column":6},"end":{"line":485,"column":null}},"type":"if","locations":[{"start":{"line":348,"column":6},"end":{"line":485,"column":null}},{"start":{},"end":{}}],"line":348},"63":{"loc":{"start":{"line":349,"column":8},"end":{"line":349,"column":null}},"type":"if","locations":[{"start":{"line":349,"column":8},"end":{"line":349,"column":null}},{"start":{},"end":{}}],"line":349},"64":{"loc":{"start":{"line":356,"column":8},"end":{"line":358,"column":null}},"type":"if","locations":[{"start":{"line":356,"column":8},"end":{"line":358,"column":null}},{"start":{},"end":{}}],"line":356},"65":{"loc":{"start":{"line":356,"column":12},"end":{"line":356,"column":79}},"type":"binary-expr","locations":[{"start":{"line":356,"column":12},"end":{"line":356,"column":24}},{"start":{"line":356,"column":24},"end":{"line":356,"column":55}},{"start":{"line":356,"column":55},"end":{"line":356,"column":79}}],"line":356},"66":{"loc":{"start":{"line":359,"column":8},"end":{"line":483,"column":null}},"type":"if","locations":[{"start":{"line":359,"column":8},"end":{"line":483,"column":null}},{"start":{"line":376,"column":15},"end":{"line":483,"column":null}}],"line":359},"67":{"loc":{"start":{"line":359,"column":12},"end":{"line":359,"column":79}},"type":"binary-expr","locations":[{"start":{"line":359,"column":12},"end":{"line":359,"column":48}},{"start":{"line":359,"column":48},"end":{"line":359,"column":79}}],"line":359},"68":{"loc":{"start":{"line":363,"column":10},"end":{"line":363,"column":null}},"type":"if","locations":[{"start":{"line":363,"column":10},"end":{"line":363,"column":null}},{"start":{},"end":{}}],"line":363},"69":{"loc":{"start":{"line":363,"column":14},"end":{"line":363,"column":67}},"type":"binary-expr","locations":[{"start":{"line":363,"column":14},"end":{"line":363,"column":26}},{"start":{"line":363,"column":26},"end":{"line":363,"column":67}}],"line":363},"70":{"loc":{"start":{"line":366,"column":10},"end":{"line":375,"column":null}},"type":"if","locations":[{"start":{"line":366,"column":10},"end":{"line":375,"column":null}},{"start":{"line":367,"column":15},"end":{"line":375,"column":null}}],"line":366},"71":{"loc":{"start":{"line":370,"column":16},"end":{"line":372,"column":null}},"type":"cond-expr","locations":[{"start":{"line":371,"column":20},"end":{"line":371,"column":null}},{"start":{"line":372,"column":20},"end":{"line":372,"column":null}}],"line":370},"72":{"loc":{"start":{"line":370,"column":16},"end":{"line":370,"column":null}},"type":"binary-expr","locations":[{"start":{"line":370,"column":16},"end":{"line":370,"column":53}},{"start":{"line":370,"column":53},"end":{"line":370,"column":null}}],"line":370},"73":{"loc":{"start":{"line":376,"column":15},"end":{"line":483,"column":null}},"type":"if","locations":[{"start":{"line":376,"column":15},"end":{"line":483,"column":null}},{"start":{"line":417,"column":15},"end":{"line":483,"column":null}}],"line":376},"74":{"loc":{"start":{"line":377,"column":10},"end":{"line":377,"column":null}},"type":"if","locations":[{"start":{"line":377,"column":10},"end":{"line":377,"column":null}},{"start":{},"end":{}}],"line":377},"75":{"loc":{"start":{"line":379,"column":12},"end":{"line":379,"column":null}},"type":"cond-expr","locations":[{"start":{"line":379,"column":53},"end":{"line":379,"column":74}},{"start":{"line":379,"column":74},"end":{"line":379,"column":null}}],"line":379},"76":{"loc":{"start":{"line":380,"column":10},"end":{"line":387,"column":null}},"type":"if","locations":[{"start":{"line":380,"column":10},"end":{"line":387,"column":null}},{"start":{},"end":{}}],"line":380},"77":{"loc":{"start":{"line":381,"column":12},"end":{"line":383,"column":null}},"type":"binary-expr","locations":[{"start":{"line":381,"column":12},"end":{"line":381,"column":null}},{"start":{"line":382,"column":12},"end":{"line":382,"column":null}},{"start":{"line":383,"column":12},"end":{"line":383,"column":null}}],"line":381},"78":{"loc":{"start":{"line":391,"column":14},"end":{"line":393,"column":null}},"type":"cond-expr","locations":[{"start":{"line":392,"column":18},"end":{"line":392,"column":null}},{"start":{"line":393,"column":18},"end":{"line":393,"column":null}}],"line":391},"79":{"loc":{"start":{"line":395,"column":14},"end":{"line":397,"column":null}},"type":"cond-expr","locations":[{"start":{"line":396,"column":18},"end":{"line":396,"column":null}},{"start":{"line":397,"column":18},"end":{"line":397,"column":null}}],"line":395},"80":{"loc":{"start":{"line":401,"column":14},"end":{"line":403,"column":null}},"type":"cond-expr","locations":[{"start":{"line":402,"column":18},"end":{"line":402,"column":null}},{"start":{"line":403,"column":18},"end":{"line":403,"column":null}}],"line":401},"81":{"loc":{"start":{"line":405,"column":14},"end":{"line":407,"column":null}},"type":"cond-expr","locations":[{"start":{"line":406,"column":18},"end":{"line":406,"column":null}},{"start":{"line":407,"column":18},"end":{"line":407,"column":null}}],"line":405},"82":{"loc":{"start":{"line":417,"column":15},"end":{"line":483,"column":null}},"type":"if","locations":[{"start":{"line":417,"column":15},"end":{"line":483,"column":null}},{"start":{},"end":{}}],"line":417},"83":{"loc":{"start":{"line":420,"column":10},"end":{"line":420,"column":null}},"type":"if","locations":[{"start":{"line":420,"column":10},"end":{"line":420,"column":null}},{"start":{},"end":{}}],"line":420},"84":{"loc":{"start":{"line":421,"column":10},"end":{"line":436,"column":null}},"type":"if","locations":[{"start":{"line":421,"column":10},"end":{"line":436,"column":null}},{"start":{},"end":{}}],"line":421},"85":{"loc":{"start":{"line":422,"column":12},"end":{"line":424,"column":null}},"type":"binary-expr","locations":[{"start":{"line":422,"column":12},"end":{"line":422,"column":null}},{"start":{"line":423,"column":12},"end":{"line":423,"column":null}},{"start":{"line":424,"column":12},"end":{"line":424,"column":null}}],"line":422},"86":{"loc":{"start":{"line":426,"column":12},"end":{"line":434,"column":null}},"type":"if","locations":[{"start":{"line":426,"column":12},"end":{"line":434,"column":null}},{"start":{},"end":{}}],"line":426},"87":{"loc":{"start":{"line":438,"column":10},"end":{"line":438,"column":null}},"type":"if","locations":[{"start":{"line":438,"column":10},"end":{"line":438,"column":null}},{"start":{},"end":{}}],"line":438},"88":{"loc":{"start":{"line":450,"column":14},"end":{"line":457,"column":null}},"type":"if","locations":[{"start":{"line":450,"column":14},"end":{"line":457,"column":null}},{"start":{},"end":{}}],"line":450},"89":{"loc":{"start":{"line":466,"column":14},"end":{"line":475,"column":null}},"type":"if","locations":[{"start":{"line":466,"column":14},"end":{"line":475,"column":null}},{"start":{},"end":{}}],"line":466},"90":{"loc":{"start":{"line":472,"column":22},"end":{"line":472,"column":null}},"type":"cond-expr","locations":[{"start":{"line":472,"column":47},"end":{"line":472,"column":63}},{"start":{"line":472,"column":63},"end":{"line":472,"column":null}}],"line":472},"91":{"loc":{"start":{"line":488,"column":6},"end":{"line":488,"column":null}},"type":"if","locations":[{"start":{"line":488,"column":6},"end":{"line":488,"column":null}},{"start":{},"end":{}}],"line":488},"92":{"loc":{"start":{"line":488,"column":10},"end":{"line":488,"column":57}},"type":"binary-expr","locations":[{"start":{"line":488,"column":10},"end":{"line":488,"column":23}},{"start":{"line":488,"column":23},"end":{"line":488,"column":33}},{"start":{"line":488,"column":33},"end":{"line":488,"column":57}}],"line":488},"93":{"loc":{"start":{"line":489,"column":6},"end":{"line":493,"column":null}},"type":"if","locations":[{"start":{"line":489,"column":6},"end":{"line":493,"column":null}},{"start":{},"end":{}}],"line":489},"94":{"loc":{"start":{"line":495,"column":6},"end":{"line":499,"column":null}},"type":"if","locations":[{"start":{"line":495,"column":6},"end":{"line":499,"column":null}},{"start":{},"end":{}}],"line":495},"95":{"loc":{"start":{"line":506,"column":22},"end":{"line":511,"column":null}},"type":"cond-expr","locations":[{"start":{"line":507,"column":10},"end":{"line":510,"column":null}},{"start":{"line":511,"column":10},"end":{"line":511,"column":null}}],"line":506},"96":{"loc":{"start":{"line":512,"column":6},"end":{"line":520,"column":null}},"type":"if","locations":[{"start":{"line":512,"column":6},"end":{"line":520,"column":null}},{"start":{},"end":{}}],"line":512},"97":{"loc":{"start":{"line":523,"column":6},"end":{"line":523,"column":null}},"type":"if","locations":[{"start":{"line":523,"column":6},"end":{"line":523,"column":null}},{"start":{},"end":{}}],"line":523},"98":{"loc":{"start":{"line":526,"column":6},"end":{"line":526,"column":null}},"type":"if","locations":[{"start":{"line":526,"column":6},"end":{"line":526,"column":null}},{"start":{},"end":{}}],"line":526},"99":{"loc":{"start":{"line":534,"column":54},"end":{"line":534,"column":69}},"type":"default-arg","locations":[{"start":{"line":534,"column":65},"end":{"line":534,"column":69}}],"line":534},"100":{"loc":{"start":{"line":541,"column":6},"end":{"line":541,"column":null}},"type":"if","locations":[{"start":{"line":541,"column":6},"end":{"line":541,"column":null}},{"start":{},"end":{}}],"line":541},"101":{"loc":{"start":{"line":544,"column":6},"end":{"line":552,"column":null}},"type":"if","locations":[{"start":{"line":544,"column":6},"end":{"line":552,"column":null}},{"start":{},"end":{}}],"line":544},"102":{"loc":{"start":{"line":559,"column":4},"end":{"line":559,"column":null}},"type":"default-arg","locations":[{"start":{"line":559,"column":16},"end":{"line":559,"column":null}}],"line":559},"103":{"loc":{"start":{"line":560,"column":4},"end":{"line":560,"column":null}},"type":"default-arg","locations":[{"start":{"line":560,"column":23},"end":{"line":560,"column":null}}],"line":560},"104":{"loc":{"start":{"line":562,"column":24},"end":{"line":564,"column":null}},"type":"cond-expr","locations":[{"start":{"line":563,"column":8},"end":{"line":563,"column":null}},{"start":{"line":564,"column":8},"end":{"line":564,"column":null}}],"line":562},"105":{"loc":{"start":{"line":567,"column":6},"end":{"line":569,"column":null}},"type":"if","locations":[{"start":{"line":567,"column":6},"end":{"line":569,"column":null}},{"start":{},"end":{}}],"line":567},"106":{"loc":{"start":{"line":571,"column":6},"end":{"line":571,"column":null}},"type":"if","locations":[{"start":{"line":571,"column":6},"end":{"line":571,"column":null}},{"start":{},"end":{}}],"line":571},"107":{"loc":{"start":{"line":572,"column":6},"end":{"line":577,"column":null}},"type":"if","locations":[{"start":{"line":572,"column":6},"end":{"line":577,"column":null}},{"start":{},"end":{}}],"line":572},"108":{"loc":{"start":{"line":573,"column":8},"end":{"line":574,"column":null}},"type":"binary-expr","locations":[{"start":{"line":573,"column":8},"end":{"line":573,"column":null}},{"start":{"line":574,"column":8},"end":{"line":574,"column":null}}],"line":573},"109":{"loc":{"start":{"line":585,"column":38},"end":{"line":585,"column":53}},"type":"default-arg","locations":[{"start":{"line":585,"column":49},"end":{"line":585,"column":53}}],"line":585},"110":{"loc":{"start":{"line":587,"column":4},"end":{"line":595,"column":null}},"type":"if","locations":[{"start":{"line":587,"column":4},"end":{"line":595,"column":null}},{"start":{},"end":{}}],"line":587},"111":{"loc":{"start":{"line":588,"column":6},"end":{"line":592,"column":null}},"type":"binary-expr","locations":[{"start":{"line":588,"column":6},"end":{"line":588,"column":null}},{"start":{"line":589,"column":6},"end":{"line":589,"column":null}},{"start":{"line":590,"column":6},"end":{"line":590,"column":null}},{"start":{"line":591,"column":6},"end":{"line":591,"column":null}},{"start":{"line":592,"column":6},"end":{"line":592,"column":null}}],"line":588},"112":{"loc":{"start":{"line":596,"column":4},"end":{"line":600,"column":null}},"type":"if","locations":[{"start":{"line":596,"column":4},"end":{"line":600,"column":null}},{"start":{},"end":{}}],"line":596},"113":{"loc":{"start":{"line":608,"column":6},"end":{"line":610,"column":null}},"type":"cond-expr","locations":[{"start":{"line":609,"column":10},"end":{"line":609,"column":null}},{"start":{"line":610,"column":10},"end":{"line":610,"column":null}}],"line":608},"114":{"loc":{"start":{"line":611,"column":4},"end":{"line":613,"column":null}},"type":"if","locations":[{"start":{"line":611,"column":4},"end":{"line":613,"column":null}},{"start":{},"end":{}}],"line":611},"115":{"loc":{"start":{"line":620,"column":10},"end":{"line":622,"column":null}},"type":"cond-expr","locations":[{"start":{"line":621,"column":14},"end":{"line":621,"column":null}},{"start":{"line":622,"column":14},"end":{"line":622,"column":null}}],"line":620},"116":{"loc":{"start":{"line":624,"column":10},"end":{"line":626,"column":null}},"type":"cond-expr","locations":[{"start":{"line":625,"column":14},"end":{"line":625,"column":null}},{"start":{"line":626,"column":14},"end":{"line":626,"column":null}}],"line":624},"117":{"loc":{"start":{"line":628,"column":10},"end":{"line":630,"column":null}},"type":"cond-expr","locations":[{"start":{"line":629,"column":14},"end":{"line":629,"column":null}},{"start":{"line":630,"column":14},"end":{"line":630,"column":null}}],"line":628},"118":{"loc":{"start":{"line":631,"column":19},"end":{"line":631,"column":58}},"type":"binary-expr","locations":[{"start":{"line":631,"column":19},"end":{"line":631,"column":32}},{"start":{"line":631,"column":32},"end":{"line":631,"column":58}}],"line":631},"119":{"loc":{"start":{"line":639,"column":8},"end":{"line":644,"column":null}},"type":"if","locations":[{"start":{"line":639,"column":8},"end":{"line":644,"column":null}},{"start":{},"end":{}}],"line":639},"120":{"loc":{"start":{"line":640,"column":10},"end":{"line":641,"column":null}},"type":"binary-expr","locations":[{"start":{"line":640,"column":10},"end":{"line":640,"column":null}},{"start":{"line":641,"column":10},"end":{"line":641,"column":null}}],"line":640},"121":{"loc":{"start":{"line":645,"column":8},"end":{"line":651,"column":null}},"type":"if","locations":[{"start":{"line":645,"column":8},"end":{"line":651,"column":null}},{"start":{},"end":{}}],"line":645},"122":{"loc":{"start":{"line":656,"column":6},"end":{"line":661,"column":null}},"type":"if","locations":[{"start":{"line":656,"column":6},"end":{"line":661,"column":null}},{"start":{},"end":{}}],"line":656},"123":{"loc":{"start":{"line":657,"column":8},"end":{"line":658,"column":null}},"type":"binary-expr","locations":[{"start":{"line":657,"column":8},"end":{"line":657,"column":null}},{"start":{"line":658,"column":8},"end":{"line":658,"column":null}}],"line":657},"124":{"loc":{"start":{"line":665,"column":6},"end":{"line":670,"column":null}},"type":"if","locations":[{"start":{"line":665,"column":6},"end":{"line":670,"column":null}},{"start":{},"end":{}}],"line":665},"125":{"loc":{"start":{"line":666,"column":8},"end":{"line":667,"column":null}},"type":"binary-expr","locations":[{"start":{"line":666,"column":8},"end":{"line":666,"column":null}},{"start":{"line":667,"column":8},"end":{"line":667,"column":null}}],"line":666},"126":{"loc":{"start":{"line":676,"column":8},"end":{"line":683,"column":null}},"type":"cond-expr","locations":[{"start":{"line":677,"column":12},"end":{"line":682,"column":null}},{"start":{"line":683,"column":12},"end":{"line":683,"column":null}}],"line":676},"127":{"loc":{"start":{"line":687,"column":4},"end":{"line":692,"column":null}},"type":"if","locations":[{"start":{"line":687,"column":4},"end":{"line":692,"column":null}},{"start":{},"end":{}}],"line":687},"128":{"loc":{"start":{"line":688,"column":6},"end":{"line":689,"column":null}},"type":"binary-expr","locations":[{"start":{"line":688,"column":6},"end":{"line":688,"column":null}},{"start":{"line":689,"column":6},"end":{"line":689,"column":null}}],"line":688},"129":{"loc":{"start":{"line":724,"column":4},"end":{"line":724,"column":null}},"type":"if","locations":[{"start":{"line":724,"column":4},"end":{"line":724,"column":null}},{"start":{},"end":{}}],"line":724},"130":{"loc":{"start":{"line":727,"column":6},"end":{"line":727,"column":null}},"type":"binary-expr","locations":[{"start":{"line":727,"column":6},"end":{"line":727,"column":39}},{"start":{"line":727,"column":39},"end":{"line":727,"column":null}}],"line":727},"131":{"loc":{"start":{"line":730,"column":7},"end":{"line":730,"column":52}},"type":"binary-expr","locations":[{"start":{"line":730,"column":7},"end":{"line":730,"column":47}},{"start":{"line":730,"column":47},"end":{"line":730,"column":52}}],"line":730},"132":{"loc":{"start":{"line":741,"column":4},"end":{"line":741,"column":null}},"type":"if","locations":[{"start":{"line":741,"column":4},"end":{"line":741,"column":null}},{"start":{},"end":{}}],"line":741},"133":{"loc":{"start":{"line":744,"column":6},"end":{"line":744,"column":null}},"type":"if","locations":[{"start":{"line":744,"column":6},"end":{"line":744,"column":null}},{"start":{},"end":{}}],"line":744},"134":{"loc":{"start":{"line":751,"column":4},"end":{"line":751,"column":null}},"type":"if","locations":[{"start":{"line":751,"column":4},"end":{"line":751,"column":null}},{"start":{},"end":{}}],"line":751},"135":{"loc":{"start":{"line":770,"column":6},"end":{"line":770,"column":null}},"type":"if","locations":[{"start":{"line":770,"column":6},"end":{"line":770,"column":null}},{"start":{},"end":{}}],"line":770}},"s":{"0":1,"1":1504,"2":1504,"3":1,"4":9,"5":1,"6":8,"7":1,"8":7,"9":1,"10":1,"11":1,"12":1,"13":1,"14":1,"15":1,"16":1,"17":1,"18":9,"19":30,"20":30,"21":30,"22":30,"23":30,"24":30,"25":30,"26":30,"27":30,"28":30,"29":30,"30":30,"31":30,"32":30,"33":30,"34":30,"35":30,"36":30,"37":7,"38":1,"39":6,"40":2,"41":7,"42":1,"43":5,"44":1,"45":1,"46":1,"47":5,"48":1,"49":4,"50":4,"51":4,"52":1,"53":1,"54":1,"55":3,"56":3,"57":4,"58":3,"59":1,"60":1,"61":1,"62":2,"63":1,"64":1,"65":1,"66":3,"67":3,"68":3,"69":2,"70":3,"71":4,"72":3,"73":4,"74":4,"75":23,"76":1,"77":22,"78":1,"79":21,"80":21,"81":7,"82":14,"83":14,"84":3,"85":23,"86":11,"87":23,"88":2,"89":1,"90":1,"91":23,"92":3,"93":3,"94":1,"95":2,"96":1,"97":1,"98":1,"99":1,"100":23,"101":2,"102":1,"103":1,"104":1,"105":23,"106":5,"107":1,"108":4,"109":4,"110":1,"111":1,"112":4,"113":1,"114":1,"115":3,"116":2,"117":1,"118":1,"119":1,"120":2,"121":23,"122":23,"123":2,"124":5,"125":2,"126":2,"127":2,"128":2,"129":2,"130":2,"131":8,"132":1,"133":7,"134":7,"135":1,"136":6,"137":6,"138":6,"139":10,"140":6,"141":6,"142":6,"143":6,"144":6,"145":5,"146":1,"147":4,"148":4,"149":1,"150":3,"151":1,"152":0,"153":1,"154":6,"155":5,"156":6,"157":6,"158":10,"159":2,"160":8,"161":10,"162":10,"163":8,"164":0,"165":8,"166":8,"167":8,"168":12,"169":8,"170":5,"171":0,"172":5,"173":1,"174":1,"175":4,"176":5,"177":1,"178":1,"179":3,"180":3,"181":3,"182":3,"183":1,"184":2,"185":2,"186":0,"187":2,"188":8,"189":8,"190":2,"191":0,"192":2,"193":2,"194":1,"195":1,"196":1,"197":0,"198":1,"199":1,"200":0,"201":1,"202":8,"203":7,"204":10,"205":10,"206":2,"207":4,"208":23,"209":23,"210":1,"211":1,"212":1,"213":1,"214":1,"215":1,"216":23,"217":23,"218":23,"219":30,"220":21,"221":1,"222":20,"223":20,"224":1,"225":19,"226":1,"227":18,"228":3,"229":3,"230":1,"231":2,"232":2,"233":2,"234":1,"235":1,"236":15,"237":11,"238":1,"239":10,"240":11,"241":1,"242":1,"243":9,"244":11,"245":11,"246":4,"247":4,"248":4,"249":4,"250":4,"251":4,"252":1,"253":1,"254":1,"255":3,"256":3,"257":1,"258":2,"259":2,"260":2,"261":1,"262":1,"263":1,"264":1,"265":1,"266":1,"267":13,"268":9,"269":9,"270":9,"271":2,"272":7,"273":1,"274":1,"275":1,"276":6,"277":6,"278":1,"279":1,"280":1,"281":5,"282":5,"283":5,"284":5,"285":30,"286":5,"287":5,"288":23,"289":3,"290":1,"291":2,"292":2,"293":2,"294":1,"295":2,"296":23,"297":23,"298":23,"299":31,"300":15,"301":2,"302":2,"303":1,"304":1,"305":1,"306":1,"307":1,"308":1,"309":13,"310":13,"311":13,"312":13,"313":1,"314":12,"315":12,"316":9,"317":3,"318":1,"319":2,"320":2,"321":11,"322":11,"323":1,"324":10,"325":1,"326":9,"327":9,"328":9,"329":11,"330":1,"331":8,"332":11,"333":11,"334":11,"335":11,"336":11,"337":7,"338":1504,"339":1,"340":1503,"341":1,"342":1502,"343":5,"344":1,"345":4,"346":4,"347":1,"348":3,"349":3,"350":3,"351":4,"352":1,"353":3,"354":3,"355":1,"356":1,"357":3,"358":3,"359":3,"360":1,"361":1,"362":1,"363":1,"364":10,"365":10,"366":1,"367":10,"368":10,"369":10,"370":10,"371":10,"372":10,"373":10,"374":10,"375":10,"376":10,"377":10,"378":10,"379":10,"380":1,"381":10,"382":10,"383":2,"384":1,"385":1,"386":1,"387":1,"388":10,"389":10,"390":4,"391":4,"392":3,"393":4,"394":1,"395":4,"396":4,"397":4,"398":4,"399":4,"400":4,"401":1,"402":4,"403":4,"404":1,"405":1,"406":4,"407":4},"f":{"0":1504,"1":1504,"2":9,"3":9,"4":30,"5":7,"6":2,"7":1,"8":4,"9":1,"10":4,"11":1,"12":2,"13":2,"14":4,"15":23,"16":3,"17":11,"18":2,"19":3,"20":1,"21":2,"22":5,"23":1,"24":2,"25":5,"26":2,"27":2,"28":8,"29":10,"30":6,"31":6,"32":10,"33":1,"34":8,"35":12,"36":8,"37":2,"38":4,"39":23,"40":30,"41":1,"42":1,"43":3,"44":31,"45":15,"46":2,"47":13,"48":11,"49":3,"50":1,"51":10,"52":4,"53":3,"54":1},"b":{"0":[1,8],"1":[1,7],"2":[9,9,9],"3":[1,6],"4":[7,7],"5":[1,6],"6":[1,4],"7":[1,4],"8":[1,3],"9":[1,1],"10":[3,1],"11":[1,22],"12":[23,23,22],"13":[1,21],"14":[7,14],"15":[1,1],"16":[2,1],"17":[1,2],"18":[1,1],"19":[1,1],"20":[1,4],"21":[1,3],"22":[1,3],"23":[2,1],"24":[1,0],"25":[1,1],"26":[5,4],"27":[1,1],"28":[1,7],"29":[1,6],"30":[10,10,9],"31":[6,0],"32":[1,4],"33":[1,3],"34":[4,4],"35":[0,1],"36":[5,1],"37":[2,8],"38":[10,10,9,9,9,9],"39":[8,8],"40":[10,7],"41":[0,8],"42":[8,8],"43":[12,12,12,12],"44":[5,3],"45":[0,5],"46":[1,4],"47":[4,2],"48":[1,4],"49":[1,2],"50":[0,2],"51":[2,1],"52":[0,2],"53":[1,1],"54":[0,1],"55":[0,1],"56":[1,1],"57":[7,1],"58":[1,22],"59":[23,1],"60":[1,0],"61":[1,0],"62":[21,9],"63":[1,20],"64":[1,18],"65":[19,19,19],"66":[3,15],"67":[18,16],"68":[1,2],"69":[3,2],"70":[1,1],"71":[0,1],"72":[1,0],"73":[11,4],"74":[1,10],"75":[10,0],"76":[1,10],"77":[11,9,9],"78":[0,9],"79":[0,9],"80":[1,8],"81":[1,8],"82":[4,0],"83":[4,0],"84":[1,3],"85":[4,4,4],"86":[1,0],"87":[1,2],"88":[1,0],"89":[1,0],"90":[1,0],"91":[2,7],"92":[9,7,7],"93":[1,6],"94":[1,5],"95":[5,0],"96":[5,25],"97":[1,2],"98":[1,1],"99":[31],"100":[1,1],"101":[1,0],"102":[13],"103":[13],"104":[13,0],"105":[1,12],"106":[9,3],"107":[1,2],"108":[3,3],"109":[11],"110":[1,10],"111":[11,11,10,10,10],"112":[1,9],"113":[9,0],"114":[1,10],"115":[1,7],"116":[1,7],"117":[1,7],"118":[11,7],"119":[1,1503],"120":[1504,1503],"121":[1,1502],"122":[1,4],"123":[5,5],"124":[1,3],"125":[4,4],"126":[3,0],"127":[1,3],"128":[4,4],"129":[1,9],"130":[10,3],"131":[10,10],"132":[1,9],"133":[1,1],"134":[10,0],"135":[1,0]},"meta":{"lastBranch":136,"lastFunction":55,"lastStatement":408,"seen":{"s:6:6:9:Infinity":0,"f:6:6:6:14":0,"s:7:2:9:Infinity":1,"f:7:6:7:15":1,"s:8:4:8:Infinity":2,"s:10:6:14:Infinity":3,"f:10:6:10:24":2,"b:11:2:11:Infinity:undefined:undefined:undefined:undefined":0,"s:11:2:11:Infinity":4,"s:11:35:11:Infinity":5,"b:12:2:12:Infinity:undefined:undefined:undefined:undefined":1,"s:12:2:12:Infinity":6,"s:12:33:12:Infinity":7,"s:13:2:13:Infinity":8,"s:15:32:15:Infinity":9,"s:16:31:16:Infinity":10,"s:17:28:17:Infinity":11,"s:18:35:18:Infinity":12,"s:19:28:19:Infinity":13,"s:20:32:20:Infinity":14,"s:21:34:21:Infinity":15,"s:22:36:22:Infinity":16,"s:23:6:24:Infinity":17,"f:23:6:23:29":3,"s:24:2:24:Infinity":18,"b:24:2:24:32:24:32:24:45:24:45:24:Infinity":2,"f:26:2:26:14":4,"s:27:4:27:Infinity":19,"s:28:4:28:Infinity":20,"s:29:4:29:Infinity":21,"s:30:4:30:Infinity":22,"s:31:4:31:Infinity":23,"s:32:4:32:Infinity":24,"s:33:4:33:Infinity":25,"s:34:4:34:Infinity":26,"s:35:4:35:Infinity":27,"s:36:4:36:Infinity":28,"s:37:4:37:Infinity":29,"s:38:4:38:Infinity":30,"s:39:4:39:Infinity":31,"s:40:4:40:Infinity":32,"s:41:4:41:Infinity":33,"s:42:4:42:Infinity":34,"s:43:4:43:Infinity":35,"s:44:4:44:Infinity":36,"f:47:8:47:16":5,"b:48:4:55:Infinity:undefined:undefined:undefined:undefined":3,"s:48:4:55:Infinity":37,"b:49:6:49:Infinity:50:6:50:Infinity":4,"s:52:6:54:Infinity":38,"s:56:23:58:Infinity":39,"f:58:7:58:13":6,"s:58:23:58:50":40,"b:59:4:59:Infinity:undefined:undefined:undefined:undefined":5,"s:59:4:59:Infinity":41,"s:59:20:59:Infinity":42,"b:60:4:63:Infinity:undefined:undefined:undefined:undefined":6,"s:60:4:63:Infinity":43,"s:61:6:61:Infinity":44,"f:61:32:61:41":7,"s:61:51:61:63":45,"s:62:6:62:Infinity":46,"b:64:4:64:Infinity:undefined:undefined:undefined:undefined":7,"s:64:4:64:Infinity":47,"s:64:27:64:Infinity":48,"s:65:33:65:Infinity":49,"s:66:25:108:Infinity":50,"f:77:12:77:19":8,"b:78:8:81:Infinity:undefined:undefined:undefined:undefined":8,"s:78:8:81:Infinity":51,"s:79:10:79:Infinity":52,"f:79:29:79:38":9,"s:79:48:79:60":53,"s:80:10:80:Infinity":54,"s:82:8:82:Infinity":55,"s:83:8:85:Infinity":56,"f:83:32:83:41":10,"s:84:10:84:Infinity":57,"s:86:8:98:Infinity":58,"s:87:35:92:Infinity":59,"f:90:15:90:20":11,"s:90:31:90:47":60,"s:93:10:95:Infinity":61,"f:93:29:93:38":12,"b:94:12:94:Infinity:undefined:undefined:undefined:undefined":9,"s:94:12:94:Infinity":62,"s:94:49:94:Infinity":63,"s:96:10:96:Infinity":64,"s:97:10:97:Infinity":65,"s:99:24:99:Infinity":66,"s:100:8:100:Infinity":67,"s:101:8:103:Infinity":68,"f:102:18:102:23":13,"s:102:41:102:67":69,"s:104:8:104:Infinity":70,"f:106:7:106:21":14,"b:107:8:107:Infinity:undefined:undefined:undefined:undefined":10,"s:107:8:107:Infinity":71,"s:107:48:107:Infinity":72,"s:109:4:109:Infinity":73,"s:110:4:110:Infinity":74,"f:113:2:113:13":15,"b:114:4:122:Infinity:undefined:undefined:undefined:undefined":11,"s:114:4:122:Infinity":75,"b:115:6:115:Infinity:116:6:116:Infinity:117:6:117:Infinity":12,"s:119:6:121:Infinity":76,"b:123:4:127:Infinity:undefined:undefined:undefined:undefined":13,"s:123:4:127:Infinity":77,"s:124:6:126:Infinity":78,"s:128:20:128:Infinity":79,"b:129:4:129:Infinity:undefined:undefined:undefined:undefined":14,"s:129:4:129:Infinity":80,"s:129:17:129:Infinity":81,"s:130:17:136:Infinity":82,"s:137:4:139:Infinity":83,"f:137:29:137:38":16,"s:138:6:138:Infinity":84,"s:140:10:140:Infinity":85,"f:140:10:140:32":17,"s:140:32:140:Infinity":86,"s:141:4:149:Infinity":87,"f:141:9:141:27":18,"b:142:6:142:Infinity:undefined:undefined:undefined:undefined":15,"s:142:6:142:Infinity":88,"b:142:10:142:24:142:24:142:42":16,"s:142:42:142:Infinity":89,"s:143:6:148:Infinity":90,"s:150:4:158:Infinity":91,"f:150:9:150:20":19,"s:151:21:151:Infinity":92,"b:152:6:152:Infinity:undefined:undefined:undefined:undefined":17,"s:152:6:152:Infinity":93,"s:152:19:152:Infinity":94,"b:153:6:156:Infinity:undefined:undefined:undefined:undefined":18,"s:153:6:156:Infinity":95,"s:154:8:154:Infinity":96,"f:154:29:154:38":20,"s:154:48:154:60":97,"s:155:8:155:Infinity":98,"s:157:6:157:Infinity":99,"s:159:4:165:Infinity":100,"f:159:9:159:26":21,"b:160:6:163:Infinity:undefined:undefined:undefined:undefined":19,"s:160:6:163:Infinity":101,"s:161:8:161:Infinity":102,"s:162:8:162:Infinity":103,"s:164:6:164:Infinity":104,"s:166:4:186:Infinity":105,"f:166:9:166:41":22,"b:167:6:167:Infinity:undefined:undefined:undefined:undefined":20,"s:167:6:167:Infinity":106,"s:167:28:167:Infinity":107,"s:168:28:168:Infinity":108,"b:169:6:172:Infinity:undefined:undefined:undefined:undefined":21,"s:169:6:172:Infinity":109,"s:170:8:170:Infinity":110,"s:171:8:171:Infinity":111,"b:173:6:176:Infinity:undefined:undefined:undefined:undefined":22,"s:173:6:176:Infinity":112,"s:174:8:174:Infinity":113,"s:175:8:175:Infinity":114,"b:177:6:185:Infinity:undefined:undefined:undefined:undefined":23,"s:177:6:185:Infinity":115,"s:178:22:183:Infinity":116,"f:178:33:178:50":23,"s:179:10:179:Infinity":117,"b:180:10:182:Infinity:undefined:undefined:undefined:undefined":24,"s:180:10:182:Infinity":118,"b:180:14:180:33:180:33:180:74":25,"s:181:12:181:Infinity":119,"s:184:8:184:Infinity":120,"s:187:4:187:Infinity":121,"s:188:4:188:Infinity":122,"f:191:8:191:29":24,"s:192:4:211:Infinity":123,"f:195:9:195:Infinity":25,"s:196:22:196:Infinity":124,"b:196:22:196:56:196:56:196:Infinity":26,"f:198:13:198:20":26,"s:199:29:199:Infinity":125,"s:200:28:202:Infinity":126,"b:201:14:201:Infinity:202:14:202:Infinity":27,"s:203:10:207:Infinity":127,"f:203:43:203:48":27,"s:203:62:207:12":128,"s:208:10:208:Infinity":129,"s:209:10:209:Infinity":130,"f:214:8:214:15":28,"b:215:4:215:Infinity:undefined:undefined:undefined:undefined":28,"s:215:4:215:Infinity":131,"s:215:24:215:Infinity":132,"s:216:26:216:Infinity":133,"b:217:4:217:Infinity:undefined:undefined:undefined:undefined":29,"s:217:4:217:Infinity":134,"s:217:23:217:Infinity":135,"s:218:33:218:Infinity":136,"s:219:17:219:Infinity":137,"s:220:10:223:Infinity":138,"f:220:10:220:Infinity":29,"s:221:6:223:Infinity":139,"b:221:6:221:Infinity:222:6:222:Infinity:223:6:223:Infinity":30,"s:224:10:252:Infinity":140,"f:224:27:224:39":30,"b:225:6:232:Infinity:undefined:undefined:undefined:undefined":31,"s:225:6:232:Infinity":141,"s:226:8:231:Infinity":142,"s:233:6:247:Infinity":143,"s:234:22:234:Infinity":144,"b:235:8:235:Infinity:undefined:undefined:undefined:undefined":32,"s:235:8:235:Infinity":145,"s:235:30:235:Infinity":146,"s:236:8:236:Infinity":147,"b:237:8:237:Infinity:undefined:undefined:undefined:undefined":33,"s:237:8:237:Infinity":148,"b:237:12:237:32:237:32:237:56":34,"s:237:56:237:Infinity":149,"s:238:8:243:Infinity":150,"b:245:8:245:Infinity:undefined:undefined:undefined:undefined":35,"s:245:8:245:Infinity":151,"s:245:30:245:Infinity":152,"s:246:8:246:Infinity":153,"f:248:9:248:23":31,"b:249:6:251:Infinity:undefined:undefined:undefined:undefined":36,"s:249:6:251:Infinity":154,"s:250:8:250:Infinity":155,"s:253:4:253:Infinity":156,"s:254:4:254:Infinity":157,"f:257:8:257:15":32,"b:258:4:267:Infinity:undefined:undefined:undefined:undefined":37,"s:258:4:267:Infinity":158,"b:259:6:259:Infinity:260:6:260:Infinity:261:6:261:Infinity:262:6:262:Infinity:263:6:263:Infinity:264:6:264:Infinity":38,"s:266:6:266:Infinity":159,"s:268:24:268:Infinity":160,"b:268:24:268:57:268:57:268:Infinity":39,"s:269:27:269:Infinity":161,"b:269:27:269:62:269:62:269:Infinity":40,"s:270:26:326:Infinity":162,"f:271:7:271:19":33,"f:272:12:272:24":34,"b:273:8:273:Infinity:undefined:undefined:undefined:undefined":41,"s:273:8:273:Infinity":163,"b:273:13:273:46:273:46:273:53":42,"s:273:66:273:Infinity":164,"s:274:37:274:Infinity":165,"s:275:21:275:Infinity":166,"s:276:14:280:Infinity":167,"f:276:14:276:Infinity":35,"s:277:10:280:Infinity":168,"b:277:10:277:Infinity:277:36:278:Infinity:279:10:279:Infinity:280:10:280:Infinity":43,"b:281:8:297:Infinity:undefined:undefined:undefined:undefined":44,"s:281:8:297:Infinity":169,"b:282:10:282:Infinity:undefined:undefined:undefined:undefined":45,"s:282:10:282:Infinity":170,"s:282:32:282:Infinity":171,"b:283:10:286:Infinity:undefined:undefined:undefined:undefined":46,"s:283:10:286:Infinity":172,"s:284:12:284:Infinity":173,"s:285:12:285:Infinity":174,"s:287:24:287:Infinity":175,"b:287:24:287:62:287:62:287:Infinity":47,"b:288:10:293:Infinity:undefined:undefined:undefined:undefined":48,"s:288:10:293:Infinity":176,"s:289:12:289:Infinity":177,"s:290:12:292:Infinity":178,"s:294:10:294:Infinity":179,"s:295:10:295:Infinity":180,"s:296:10:296:Infinity":181,"b:298:8:298:Infinity:undefined:undefined:undefined:undefined":49,"s:298:8:298:Infinity":182,"s:298:33:298:Infinity":183,"s:299:8:299:Infinity":184,"b:300:8:300:Infinity:undefined:undefined:undefined:undefined":50,"s:300:8:300:Infinity":185,"s:300:30:300:Infinity":186,"s:301:27:301:Infinity":187,"b:301:27:301:65:301:65:301:Infinity":51,"s:302:8:302:Infinity":188,"s:305:8:309:Infinity":189,"b:306:10:306:Infinity:undefined:undefined:undefined:undefined":52,"s:306:10:306:Infinity":190,"s:306:32:306:Infinity":191,"s:308:10:308:Infinity":192,"b:310:8:310:Infinity:undefined:undefined:undefined:undefined":53,"s:310:8:310:Infinity":193,"s:310:49:310:Infinity":194,"s:311:23:311:Infinity":195,"b:312:8:312:Infinity:undefined:undefined:undefined:undefined":54,"s:312:8:312:Infinity":196,"s:312:30:312:Infinity":197,"s:313:8:313:Infinity":198,"b:314:8:314:Infinity:undefined:undefined:undefined:undefined":55,"s:314:8:314:Infinity":199,"b:314:12:314:32:314:32:314:56":56,"s:314:56:314:Infinity":200,"s:315:8:320:Infinity":201,"f:322:7:322:21":36,"b:323:8:325:Infinity:undefined:undefined:undefined:undefined":57,"s:323:8:325:Infinity":202,"s:324:10:324:Infinity":203,"s:327:4:327:Infinity":204,"s:328:4:328:Infinity":205,"f:331:2:331:21":37,"s:332:4:334:Infinity":206,"f:332:34:332:43":38,"s:333:6:333:Infinity":207,"f:337:2:337:19":39,"s:338:28:338:Infinity":208,"b:339:4:344:Infinity:undefined:undefined:undefined:undefined":58,"s:339:4:344:Infinity":209,"b:339:8:339:27:339:27:339:56":59,"s:340:23:340:Infinity":210,"b:341:6:341:Infinity:undefined:undefined:undefined:undefined":60,"s:341:6:341:Infinity":211,"s:341:27:341:Infinity":212,"s:342:6:342:Infinity":213,"b:343:6:343:Infinity:undefined:undefined:undefined:undefined":61,"s:343:6:343:Infinity":214,"s:343:51:343:Infinity":215,"s:345:4:345:Infinity":216,"s:346:4:346:Infinity":217,"s:347:4:521:Infinity":218,"f:347:12:347:25":40,"b:348:6:485:Infinity:undefined:undefined:undefined:undefined":62,"s:348:6:485:Infinity":219,"b:349:8:349:Infinity:undefined:undefined:undefined:undefined":63,"s:349:8:349:Infinity":220,"s:349:51:349:Infinity":221,"s:351:8:355:Infinity":222,"s:352:10:352:Infinity":223,"s:354:10:354:Infinity":224,"b:356:8:358:Infinity:undefined:undefined:undefined:undefined":64,"s:356:8:358:Infinity":225,"b:356:12:356:24:356:24:356:55:356:55:356:79":65,"s:357:10:357:Infinity":226,"b:359:8:483:Infinity:376:15:483:Infinity":66,"s:359:8:483:Infinity":227,"b:359:12:359:48:359:48:359:79":67,"s:360:26:362:Infinity":228,"b:363:10:363:Infinity:undefined:undefined:undefined:undefined":68,"s:363:10:363:Infinity":229,"b:363:14:363:26:363:26:363:67":69,"s:363:67:363:Infinity":230,"s:364:10:364:Infinity":231,"s:365:10:365:Infinity":232,"b:366:10:375:Infinity:367:15:375:Infinity":70,"s:366:10:375:Infinity":233,"s:366:48:366:Infinity":234,"s:368:12:374:Infinity":235,"b:371:20:371:Infinity:372:20:372:Infinity":71,"b:370:16:370:53:370:53:370:Infinity":72,"b:376:15:483:Infinity:417:15:483:Infinity":73,"s:376:15:483:Infinity":236,"b:377:10:377:Infinity:undefined:undefined:undefined:undefined":74,"s:377:10:377:Infinity":237,"s:377:53:377:Infinity":238,"s:379:12:379:Infinity":239,"b:379:53:379:74:379:74:379:Infinity":75,"b:380:10:387:Infinity:undefined:undefined:undefined:undefined":76,"s:380:10:387:Infinity":240,"b:381:12:381:Infinity:382:12:382:Infinity:383:12:383:Infinity":77,"s:385:12:385:Infinity":241,"s:386:12:386:Infinity":242,"s:388:27:408:Infinity":243,"b:392:18:392:Infinity:393:18:393:Infinity":78,"b:396:18:396:Infinity:397:18:397:Infinity":79,"b:402:18:402:Infinity:403:18:403:Infinity":80,"b:406:18:406:Infinity:407:18:407:Infinity":81,"s:409:10:415:Infinity":244,"s:416:10:416:Infinity":245,"b:417:15:483:Infinity:undefined:undefined:undefined:undefined":82,"s:417:15:483:Infinity":246,"s:418:27:418:Infinity":247,"s:419:10:419:Infinity":248,"b:420:10:420:Infinity:undefined:undefined:undefined:undefined":83,"s:420:10:420:Infinity":249,"s:420:31:420:Infinity":250,"b:421:10:436:Infinity:undefined:undefined:undefined:undefined":84,"s:421:10:436:Infinity":251,"b:422:12:422:Infinity:423:12:423:Infinity:424:12:424:Infinity":85,"b:426:12:434:Infinity:undefined:undefined:undefined:undefined":86,"s:426:12:434:Infinity":252,"s:427:14:433:Infinity":253,"s:435:12:435:Infinity":254,"s:437:28:437:Infinity":255,"b:438:10:438:Infinity:undefined:undefined:undefined:undefined":87,"s:438:10:438:Infinity":256,"s:438:47:438:Infinity":257,"s:439:23:441:Infinity":258,"s:442:10:447:Infinity":259,"s:448:10:482:Infinity":260,"f:449:13:449:24":41,"b:450:14:457:Infinity:undefined:undefined:undefined:undefined":88,"s:450:14:457:Infinity":261,"s:451:16:456:Infinity":262,"s:458:14:463:Infinity":263,"f:465:13:465:20":42,"b:466:14:475:Infinity:undefined:undefined:undefined:undefined":89,"s:466:14:475:Infinity":264,"s:467:16:474:Infinity":265,"b:472:47:472:63:472:63:472:Infinity":90,"s:476:14:481:Infinity":266,"s:484:8:484:Infinity":267,"s:486:23:486:Infinity":268,"s:487:20:487:Infinity":269,"b:488:6:488:Infinity:undefined:undefined:undefined:undefined":91,"s:488:6:488:Infinity":270,"b:488:10:488:23:488:23:488:33:488:33:488:57":92,"s:488:57:488:Infinity":271,"b:489:6:493:Infinity:undefined:undefined:undefined:undefined":93,"s:489:6:493:Infinity":272,"s:490:8:490:Infinity":273,"s:491:8:491:Infinity":274,"s:492:8:492:Infinity":275,"s:494:6:494:Infinity":276,"b:495:6:499:Infinity:undefined:undefined:undefined:undefined":94,"s:495:6:499:Infinity":277,"s:496:8:496:Infinity":278,"s:497:8:497:Infinity":279,"s:498:8:498:Infinity":280,"s:500:6:500:Infinity":281,"s:501:6:501:Infinity":282,"s:502:6:505:Infinity":283,"s:506:22:511:Infinity":284,"b:507:10:510:Infinity:511:10:511:Infinity":95,"b:512:6:520:Infinity:undefined:undefined:undefined:undefined":96,"s:512:6:520:Infinity":285,"s:513:8:513:Infinity":286,"s:514:8:519:Infinity":287,"s:522:10:528:Infinity":288,"f:522:10:522:31":43,"b:523:6:523:Infinity:undefined:undefined:undefined:undefined":97,"s:523:6:523:Infinity":289,"s:523:56:523:Infinity":290,"s:524:6:524:Infinity":291,"s:525:23:525:Infinity":292,"b:526:6:526:Infinity:undefined:undefined:undefined:undefined":98,"s:526:6:526:Infinity":293,"s:526:27:526:Infinity":294,"s:527:6:527:Infinity":295,"s:529:4:529:Infinity":296,"s:530:4:530:Infinity":297,"s:531:4:531:Infinity":298,"f:534:2:534:23":44,"b:534:65:534:69":99,"s:535:4:535:Infinity":299,"f:538:2:538:30":45,"s:539:4:554:Infinity":300,"f:539:22:539:39":46,"s:540:23:540:Infinity":301,"b:541:6:541:Infinity:undefined:undefined:undefined:undefined":100,"s:541:6:541:Infinity":302,"s:541:56:541:Infinity":303,"s:542:6:542:Infinity":304,"s:543:22:543:Infinity":305,"b:544:6:552:Infinity:undefined:undefined:undefined:undefined":101,"s:544:6:552:Infinity":306,"s:545:8:551:Infinity":307,"s:553:6:553:Infinity":308,"f:557:8:557:Infinity":47,"b:559:16:559:Infinity":102,"b:560:23:560:Infinity":103,"s:562:24:564:Infinity":309,"b:563:8:563:Infinity:564:8:564:Infinity":104,"s:565:22:565:Infinity":310,"s:566:4:581:Infinity":311,"b:567:6:569:Infinity:undefined:undefined:undefined:undefined":105,"s:567:6:569:Infinity":312,"s:568:8:568:Infinity":313,"s:570:22:570:Infinity":314,"b:571:6:571:Infinity:undefined:undefined:undefined:undefined":106,"s:571:6:571:Infinity":315,"s:571:42:571:Infinity":316,"b:572:6:577:Infinity:undefined:undefined:undefined:undefined":107,"s:572:6:577:Infinity":317,"b:573:8:573:Infinity:574:8:574:Infinity":108,"s:576:8:576:Infinity":318,"s:580:6:580:Infinity":319,"s:582:4:582:Infinity":320,"f:585:8:585:17":48,"b:585:49:585:53":109,"s:586:22:586:Infinity":321,"b:587:4:595:Infinity:undefined:undefined:undefined:undefined":110,"s:587:4:595:Infinity":322,"b:588:6:588:Infinity:589:6:589:Infinity:590:6:590:Infinity:591:6:591:Infinity:592:6:592:Infinity":111,"s:594:6:594:Infinity":323,"b:596:4:600:Infinity:undefined:undefined:undefined:undefined":112,"s:596:4:600:Infinity":324,"s:597:6:599:Infinity":325,"s:601:33:601:Infinity":326,"s:602:20:606:Infinity":327,"s:608:6:610:Infinity":328,"b:609:10:609:Infinity:610:10:610:Infinity":113,"b:611:4:613:Infinity:undefined:undefined:undefined:undefined":114,"s:611:4:613:Infinity":329,"s:612:6:612:Infinity":330,"s:614:4:633:Infinity":331,"b:621:14:621:Infinity:622:14:622:Infinity":115,"b:625:14:625:Infinity:626:14:626:Infinity":116,"b:629:14:629:Infinity:630:14:630:Infinity":117,"b:631:19:631:32:631:32:631:58":118,"s:634:4:634:Infinity":332,"s:635:22:635:Infinity":333,"s:636:25:636:Infinity":334,"s:637:4:686:Infinity":335,"s:637:22:637:25":336,"s:638:6:655:Infinity":337,"b:639:8:644:Infinity:undefined:undefined:undefined:undefined":119,"s:639:8:644:Infinity":338,"b:640:10:640:Infinity:641:10:641:Infinity":120,"s:643:10:643:Infinity":339,"b:645:8:651:Infinity:undefined:undefined:undefined:undefined":121,"s:645:8:651:Infinity":340,"s:646:10:650:Infinity":341,"s:654:8:654:Infinity":342,"b:656:6:661:Infinity:undefined:undefined:undefined:undefined":122,"s:656:6:661:Infinity":343,"b:657:8:657:Infinity:658:8:658:Infinity":123,"s:660:8:660:Infinity":344,"s:664:20:664:Infinity":345,"b:665:6:670:Infinity:undefined:undefined:undefined:undefined":124,"s:665:6:670:Infinity":346,"b:666:8:666:Infinity:667:8:667:Infinity":125,"s:669:8:669:Infinity":347,"s:671:6:671:Infinity":348,"s:672:6:672:Infinity":349,"s:673:6:685:Infinity":350,"b:677:12:682:Infinity:683:12:683:Infinity":126,"b:687:4:692:Infinity:undefined:undefined:undefined:undefined":127,"s:687:4:692:Infinity":351,"b:688:6:688:Infinity:689:6:689:Infinity":128,"s:691:6:691:Infinity":352,"s:693:4:718:Infinity":353,"f:693:14:693:23":49,"s:694:20:699:Infinity":354,"f:694:31:694:48":50,"s:695:8:695:Infinity":355,"s:696:8:698:Infinity":356,"s:700:6:705:Infinity":357,"s:706:6:717:Infinity":358,"s:707:8:712:Infinity":359,"s:714:8:714:Infinity":360,"s:715:8:715:Infinity":361,"s:716:8:716:Infinity":362,"s:719:4:719:Infinity":363,"f:722:2:722:13":51,"s:723:28:723:Infinity":364,"b:724:4:724:Infinity:undefined:undefined:undefined:undefined":129,"s:724:4:724:Infinity":365,"s:724:25:724:Infinity":366,"s:725:4:725:Infinity":367,"s:727:6:727:Infinity":368,"b:727:6:727:39:727:39:727:Infinity":130,"s:728:4:731:Infinity":369,"b:730:7:730:47:730:47:730:52":131,"s:732:4:732:Infinity":370,"s:733:4:733:Infinity":371,"s:734:4:734:Infinity":372,"s:735:4:735:Infinity":373,"s:736:4:736:Infinity":374,"s:737:4:737:Infinity":375,"s:738:4:738:Infinity":376,"s:739:4:739:Infinity":377,"s:740:21:740:Infinity":378,"b:741:4:741:Infinity:undefined:undefined:undefined:undefined":132,"s:741:4:741:Infinity":379,"s:741:25:741:Infinity":380,"s:742:4:742:Infinity":381,"s:743:4:750:Infinity":382,"b:744:6:744:Infinity:undefined:undefined:undefined:undefined":133,"s:744:6:744:Infinity":383,"s:744:51:744:Infinity":384,"s:745:6:745:Infinity":385,"s:746:6:748:Infinity":386,"s:749:6:749:Infinity":387,"b:751:4:751:Infinity:undefined:undefined:undefined:undefined":134,"s:751:4:751:Infinity":388,"s:751:17:751:Infinity":389,"f:754:2:754:9":52,"s:755:4:755:Infinity":390,"s:756:4:758:Infinity":391,"f:756:61:756:70":53,"s:757:6:757:Infinity":392,"s:759:4:759:Infinity":393,"f:759:29:759:38":54,"s:759:48:759:60":394,"s:760:4:760:Infinity":395,"s:761:4:761:Infinity":396,"s:762:4:762:Infinity":397,"s:763:4:763:Infinity":398,"s:764:4:764:Infinity":399,"s:765:4:767:Infinity":400,"s:766:6:766:Infinity":401,"s:768:4:768:Infinity":402,"s:769:4:771:Infinity":403,"b:770:6:770:Infinity:undefined:undefined:undefined:undefined":135,"s:770:6:770:Infinity":404,"s:770:26:770:Infinity":405,"s:772:4:772:Infinity":406,"s:773:4:773:Infinity":407},"fnNames":{}}}
}
