{"E:\\Git\\karaoke\\front\\src\\pages\\Settings\\screens\\history\\index.jsx": {"path":"E:\\Git\\karaoke\\front\\src\\pages\\Settings\\screens\\history\\index.jsx","statementMap":{"0":{"start":{"line":11,"column":26},"end":{"line":11,"column":34}},"1":{"start":{"line":12,"column":35},"end":{"line":16,"column":null}},"2":{"start":{"line":18,"column":2},"end":{"line":43,"column":null}},"3":{"start":{"line":30,"column":48},"end":{"line":33,"column":11}},"4":{"start":{"line":36,"column":12},"end":{"line":37,"column":null}},"5":{"start":{"line":39,"column":31},"end":{"line":39,"column":null}},"6":{"start":{"line":47,"column":6},"end":{"line":53,"column":null}},"7":{"start":{"line":48,"column":2},"end":{"line":48,"column":null}},"8":{"start":{"line":48,"column":21},"end":{"line":48,"column":null}},"9":{"start":{"line":49,"column":18},"end":{"line":49,"column":null}},"10":{"start":{"line":50,"column":2},"end":{"line":52,"column":null}},"11":{"start":{"line":55,"column":6},"end":{"line":61,"column":null}},"12":{"start":{"line":56,"column":2},"end":{"line":56,"column":null}},"13":{"start":{"line":56,"column":14},"end":{"line":56,"column":null}},"14":{"start":{"line":57,"column":15},"end":{"line":57,"column":null}},"15":{"start":{"line":58,"column":2},"end":{"line":60,"column":null}},"16":{"start":{"line":63,"column":6},"end":{"line":76,"column":null}},"17":{"start":{"line":67,"column":5},"end":{"line":76,"column":null}},"18":{"start":{"line":78,"column":28},"end":{"line":86,"column":null}},"19":{"start":{"line":88,"column":6},"end":{"line":109,"column":null}},"20":{"start":{"line":89,"column":2},"end":{"line":100,"column":null}},"21":{"start":{"line":90,"column":17},"end":{"line":90,"column":null}},"22":{"start":{"line":91,"column":18},"end":{"line":93,"column":null}},"23":{"start":{"line":95,"column":4},"end":{"line":98,"column":null}},"24":{"start":{"line":102,"column":2},"end":{"line":107,"column":null}}},"fnMap":{"0":{"name":"History","decl":{"start":{"line":10,"column":24},"end":{"line":10,"column":34}},"loc":{"start":{"line":10,"column":34},"end":{"line":45,"column":null}},"line":10},"1":{"name":"(anonymous_1)","decl":{"start":{"line":30,"column":35},"end":{"line":30,"column":40}},"loc":{"start":{"line":30,"column":48},"end":{"line":33,"column":11}},"line":30},"2":{"name":"(anonymous_2)","decl":{"start":{"line":35,"column":10},"end":{"line":35,"column":22}},"loc":{"start":{"line":36,"column":12},"end":{"line":37,"column":null}},"line":36},"3":{"name":"(anonymous_3)","decl":{"start":{"line":39,"column":10},"end":{"line":39,"column":22}},"loc":{"start":{"line":39,"column":31},"end":{"line":39,"column":null}},"line":39},"4":{"name":"(anonymous_4)","decl":{"start":{"line":47,"column":6},"end":{"line":47,"column":24}},"loc":{"start":{"line":47,"column":37},"end":{"line":53,"column":null}},"line":47},"5":{"name":"(anonymous_5)","decl":{"start":{"line":55,"column":6},"end":{"line":55,"column":25}},"loc":{"start":{"line":55,"column":45},"end":{"line":61,"column":null}},"line":55},"6":{"name":"(anonymous_6)","decl":{"start":{"line":63,"column":6},"end":{"line":63,"column":null}},"loc":{"start":{"line":67,"column":5},"end":{"line":76,"column":null}},"line":67},"7":{"name":"(anonymous_7)","decl":{"start":{"line":88,"column":6},"end":{"line":88,"column":22}},"loc":{"start":{"line":88,"column":42},"end":{"line":109,"column":null}},"line":88}},"branchMap":{"0":{"loc":{"start":{"line":22,"column":7},"end":{"line":25,"column":null}},"type":"binary-expr","locations":[{"start":{"line":22,"column":7},"end":{"line":22,"column":null}},{"start":{"line":23,"column":8},"end":{"line":25,"column":null}}],"line":22},"1":{"loc":{"start":{"line":34,"column":16},"end":{"line":34,"column":null}},"type":"binary-expr","locations":[{"start":{"line":34,"column":16},"end":{"line":34,"column":27}},{"start":{"line":34,"column":27},"end":{"line":34,"column":null}}],"line":34},"2":{"loc":{"start":{"line":36,"column":12},"end":{"line":37,"column":null}},"type":"binary-expr","locations":[{"start":{"line":36,"column":12},"end":{"line":36,"column":null}},{"start":{"line":37,"column":12},"end":{"line":37,"column":null}}],"line":36},"3":{"loc":{"start":{"line":37,"column":47},"end":{"line":37,"column":null}},"type":"binary-expr","locations":[{"start":{"line":37,"column":47},"end":{"line":37,"column":65}},{"start":{"line":37,"column":65},"end":{"line":37,"column":null}}],"line":37},"4":{"loc":{"start":{"line":48,"column":2},"end":{"line":48,"column":null}},"type":"if","locations":[{"start":{"line":48,"column":2},"end":{"line":48,"column":null}},{"start":{},"end":{}}],"line":48},"5":{"loc":{"start":{"line":50,"column":9},"end":{"line":52,"column":null}},"type":"cond-expr","locations":[{"start":{"line":51,"column":6},"end":{"line":51,"column":null}},{"start":{"line":52,"column":6},"end":{"line":52,"column":null}}],"line":50},"6":{"loc":{"start":{"line":50,"column":9},"end":{"line":50,"column":null}},"type":"binary-expr","locations":[{"start":{"line":50,"column":9},"end":{"line":50,"column":37}},{"start":{"line":50,"column":37},"end":{"line":50,"column":null}}],"line":50},"7":{"loc":{"start":{"line":56,"column":2},"end":{"line":56,"column":null}},"type":"if","locations":[{"start":{"line":56,"column":2},"end":{"line":56,"column":null}},{"start":{},"end":{}}],"line":56},"8":{"loc":{"start":{"line":58,"column":9},"end":{"line":60,"column":null}},"type":"cond-expr","locations":[{"start":{"line":59,"column":6},"end":{"line":59,"column":null}},{"start":{"line":60,"column":6},"end":{"line":60,"column":null}}],"line":58},"9":{"loc":{"start":{"line":68,"column":3},"end":{"line":68,"column":22}},"type":"binary-expr","locations":[{"start":{"line":68,"column":3},"end":{"line":68,"column":17}},{"start":{"line":68,"column":17},"end":{"line":68,"column":22}}],"line":68},"10":{"loc":{"start":{"line":70,"column":4},"end":{"line":70,"column":null}},"type":"cond-expr","locations":[{"start":{"line":70,"column":32},"end":{"line":70,"column":65}},{"start":{"line":70,"column":65},"end":{"line":70,"column":null}}],"line":70},"11":{"loc":{"start":{"line":70,"column":65},"end":{"line":70,"column":null}},"type":"binary-expr","locations":[{"start":{"line":70,"column":65},"end":{"line":70,"column":73}},{"start":{"line":70,"column":73},"end":{"line":70,"column":null}}],"line":70},"12":{"loc":{"start":{"line":89,"column":2},"end":{"line":100,"column":null}},"type":"if","locations":[{"start":{"line":89,"column":2},"end":{"line":100,"column":null}},{"start":{},"end":{}}],"line":89},"13":{"loc":{"start":{"line":90,"column":17},"end":{"line":90,"column":null}},"type":"binary-expr","locations":[{"start":{"line":90,"column":17},"end":{"line":90,"column":48}},{"start":{"line":90,"column":48},"end":{"line":90,"column":null}}],"line":90},"14":{"loc":{"start":{"line":91,"column":18},"end":{"line":93,"column":null}},"type":"cond-expr","locations":[{"start":{"line":92,"column":8},"end":{"line":92,"column":null}},{"start":{"line":93,"column":8},"end":{"line":93,"column":null}}],"line":91},"15":{"loc":{"start":{"line":104,"column":7},"end":{"line":106,"column":null}},"type":"cond-expr","locations":[{"start":{"line":105,"column":10},"end":{"line":105,"column":null}},{"start":{"line":106,"column":11},"end":{"line":106,"column":null}}],"line":104},"16":{"loc":{"start":{"line":106,"column":11},"end":{"line":106,"column":null}},"type":"binary-expr","locations":[{"start":{"line":106,"column":11},"end":{"line":106,"column":21}},{"start":{"line":106,"column":21},"end":{"line":106,"column":null}}],"line":106}},"s":{"0":3,"1":3,"2":3,"3":15,"4":6,"5":6,"6":1,"7":6,"8":4,"9":2,"10":2,"11":1,"12":6,"13":4,"14":2,"15":2,"16":1,"17":6,"18":1,"19":1,"20":6,"21":3,"22":3,"23":3,"24":3},"f":{"0":3,"1":15,"2":6,"3":6,"4":6,"5":6,"6":6,"7":6},"b":{"0":[3,1],"1":[3,1],"2":[6,5],"3":[5,4],"4":[4,2],"5":[1,1],"6":[2,1],"7":[4,2],"8":[1,1],"9":[6,1],"10":[5,1],"11":[1,0],"12":[3,3],"13":[3,2],"14":[2,1],"15":[0,3],"16":[3,1]},"meta":{"lastBranch":17,"lastFunction":8,"lastStatement":25,"seen":{"f:10:24:10:34":0,"s:11:26:11:34":0,"s:12:35:16:Infinity":1,"s:18:2:43:Infinity":2,"b:22:7:22:Infinity:23:8:25:Infinity":0,"f:30:35:30:40":1,"s:30:48:33:11":3,"b:34:16:34:27:34:27:34:Infinity":1,"f:35:10:35:22":2,"s:36:12:37:Infinity":4,"b:36:12:36:Infinity:37:12:37:Infinity":2,"b:37:47:37:65:37:65:37:Infinity":3,"f:39:10:39:22":3,"s:39:31:39:Infinity":5,"s:47:6:53:Infinity":6,"f:47:6:47:24":4,"b:48:2:48:Infinity:undefined:undefined:undefined:undefined":4,"s:48:2:48:Infinity":7,"s:48:21:48:Infinity":8,"s:49:18:49:Infinity":9,"s:50:2:52:Infinity":10,"b:51:6:51:Infinity:52:6:52:Infinity":5,"b:50:9:50:37:50:37:50:Infinity":6,"s:55:6:61:Infinity":11,"f:55:6:55:25":5,"b:56:2:56:Infinity:undefined:undefined:undefined:undefined":7,"s:56:2:56:Infinity":12,"s:56:14:56:Infinity":13,"s:57:15:57:Infinity":14,"s:58:2:60:Infinity":15,"b:59:6:59:Infinity:60:6:60:Infinity":8,"s:63:6:76:Infinity":16,"f:63:6:63:Infinity":6,"s:67:5:76:Infinity":17,"b:68:3:68:17:68:17:68:22":9,"b:70:32:70:65:70:65:70:Infinity":10,"b:70:65:70:73:70:73:70:Infinity":11,"s:78:28:86:Infinity":18,"s:88:6:109:Infinity":19,"f:88:6:88:22":7,"b:89:2:100:Infinity:undefined:undefined:undefined:undefined":12,"s:89:2:100:Infinity":20,"s:90:17:90:Infinity":21,"b:90:17:90:48:90:48:90:Infinity":13,"s:91:18:93:Infinity":22,"b:92:8:92:Infinity:93:8:93:Infinity":14,"s:95:4:98:Infinity":23,"s:102:2:107:Infinity":24,"b:105:10:105:Infinity:106:11:106:Infinity":15,"b:106:11:106:21:106:21:106:Infinity":16},"fnNames":{}}}
}
