{"E:\\Git\\karaoke\\front\\src\\hooks\\useAsyncQueue.js": {"path":"E:\\Git\\karaoke\\front\\src\\hooks\\useAsyncQueue.js","statementMap":{"0":{"start":{"line":11,"column":18},"end":{"line":11,"column":null}},"1":{"start":{"line":12,"column":21},"end":{"line":12,"column":35}},"2":{"start":{"line":13,"column":26},"end":{"line":13,"column":null}},"3":{"start":{"line":14,"column":32},"end":{"line":14,"column":null}},"4":{"start":{"line":15,"column":14},"end":{"line":38,"column":null}},"5":{"start":{"line":17,"column":6},"end":{"line":25,"column":null}},"6":{"start":{"line":18,"column":8},"end":{"line":24,"column":null}},"7":{"start":{"line":26,"column":6},"end":{"line":26,"column":null}},"8":{"start":{"line":27,"column":6},"end":{"line":27,"column":null}},"9":{"start":{"line":27,"column":30},"end":{"line":27,"column":null}},"10":{"start":{"line":28,"column":21},"end":{"line":28,"column":null}},"11":{"start":{"line":28,"column":48},"end":{"line":28,"column":78}},"12":{"start":{"line":29,"column":6},"end":{"line":29,"column":null}},"13":{"start":{"line":30,"column":6},"end":{"line":35,"column":null}},"14":{"start":{"line":31,"column":8},"end":{"line":31,"column":null}},"15":{"start":{"line":32,"column":8},"end":{"line":34,"column":null}},"16":{"start":{"line":33,"column":10},"end":{"line":33,"column":null}},"17":{"start":{"line":39,"column":2},"end":{"line":42,"column":null}}},"fnMap":{"0":{"name":"useAsyncQueue","decl":{"start":{"line":10,"column":24},"end":{"line":10,"column":40}},"loc":{"start":{"line":10,"column":40},"end":{"line":43,"column":null}},"line":10},"1":{"name":"(anonymous_1)","decl":{"start":{"line":15,"column":14},"end":{"line":15,"column":null}},"loc":{"start":{"line":16,"column":16},"end":{"line":36,"column":null}},"line":16},"2":{"name":"(anonymous_2)","decl":{"start":{"line":28,"column":37},"end":{"line":28,"column":48}},"loc":{"start":{"line":28,"column":48},"end":{"line":28,"column":78}},"line":28},"3":{"name":"(anonymous_3)","decl":{"start":{"line":29,"column":31},"end":{"line":29,"column":43}},"loc":{"start":{"line":29,"column":43},"end":{"line":29,"column":45}},"line":29},"4":{"name":"(anonymous_4)","decl":{"start":{"line":30,"column":20},"end":{"line":30,"column":34}},"loc":{"start":{"line":30,"column":34},"end":{"line":35,"column":7}},"line":30}},"branchMap":{"0":{"loc":{"start":{"line":17,"column":6},"end":{"line":25,"column":null}},"type":"if","locations":[{"start":{"line":17,"column":6},"end":{"line":25,"column":null}},{"start":{},"end":{}}],"line":17},"1":{"loc":{"start":{"line":27,"column":6},"end":{"line":27,"column":null}},"type":"if","locations":[{"start":{"line":27,"column":6},"end":{"line":27,"column":null}},{"start":{},"end":{}}],"line":27},"2":{"loc":{"start":{"line":32,"column":8},"end":{"line":34,"column":null}},"type":"if","locations":[{"start":{"line":32,"column":8},"end":{"line":34,"column":null}},{"start":{},"end":{}}],"line":32},"3":{"loc":{"start":{"line":32,"column":12},"end":{"line":32,"column":65}},"type":"binary-expr","locations":[{"start":{"line":32,"column":12},"end":{"line":32,"column":34}},{"start":{"line":32,"column":34},"end":{"line":32,"column":65}}],"line":32}},"s":{"0":5,"1":5,"2":5,"3":5,"4":5,"5":5,"6":1,"7":4,"8":4,"9":4,"10":4,"11":4,"12":4,"13":4,"14":4,"15":4,"16":2,"17":5},"f":{"0":5,"1":5,"2":4,"3":1,"4":4},"b":{"0":[1,4],"1":[4,0],"2":[2,2],"3":[4,3]},"meta":{"lastBranch":4,"lastFunction":5,"lastStatement":18,"seen":{"f:10:24:10:40":0,"s:11:18:11:Infinity":0,"s:12:21:12:35":1,"s:13:26:13:Infinity":2,"s:14:32:14:Infinity":3,"s:15:14:38:Infinity":4,"f:15:14:15:Infinity":1,"b:17:6:25:Infinity:undefined:undefined:undefined:undefined":0,"s:17:6:25:Infinity":5,"s:18:8:24:Infinity":6,"s:26:6:26:Infinity":7,"b:27:6:27:Infinity:undefined:undefined:undefined:undefined":1,"s:27:6:27:Infinity":8,"s:27:30:27:Infinity":9,"s:28:21:28:Infinity":10,"f:28:37:28:48":2,"s:28:48:28:78":11,"s:29:6:29:Infinity":12,"f:29:31:29:43":3,"s:30:6:35:Infinity":13,"f:30:20:30:34":4,"s:31:8:31:Infinity":14,"b:32:8:34:Infinity:undefined:undefined:undefined:undefined":2,"s:32:8:34:Infinity":15,"b:32:12:32:34:32:34:32:65":3,"s:33:10:33:Infinity":16,"s:39:2:42:Infinity":17},"fnNames":{}}}
,"E:\\Git\\karaoke\\front\\src\\hooks\\usePolling.js": {"path":"E:\\Git\\karaoke\\front\\src\\hooks\\usePolling.js","statementMap":{"0":{"start":{"line":9,"column":26},"end":{"line":9,"column":null}},"1":{"start":{"line":10,"column":28},"end":{"line":10,"column":null}},"2":{"start":{"line":11,"column":19},"end":{"line":11,"column":null}},"3":{"start":{"line":12,"column":28},"end":{"line":12,"column":null}},"4":{"start":{"line":13,"column":30},"end":{"line":13,"column":null}},"5":{"start":{"line":14,"column":21},"end":{"line":14,"column":null}},"6":{"start":{"line":16,"column":2},"end":{"line":18,"column":null}},"7":{"start":{"line":17,"column":4},"end":{"line":17,"column":null}},"8":{"start":{"line":20,"column":2},"end":{"line":22,"column":null}},"9":{"start":{"line":21,"column":4},"end":{"line":21,"column":null}},"10":{"start":{"line":24,"column":2},"end":{"line":26,"column":null}},"11":{"start":{"line":25,"column":4},"end":{"line":25,"column":null}},"12":{"start":{"line":28,"column":2},"end":{"line":111,"column":null}},"13":{"start":{"line":29,"column":17},"end":{"line":29,"column":null}},"14":{"start":{"line":30,"column":18},"end":{"line":30,"column":null}},"15":{"start":{"line":31,"column":19},"end":{"line":31,"column":null}},"16":{"start":{"line":32,"column":24},"end":{"line":32,"column":null}},"17":{"start":{"line":33,"column":24},"end":{"line":33,"column":null}},"18":{"start":{"line":34,"column":10},"end":{"line":34,"column":null}},"19":{"start":{"line":34,"column":27},"end":{"line":34,"column":null}},"20":{"start":{"line":36,"column":10},"end":{"line":53,"column":null}},"21":{"start":{"line":37,"column":29},"end":{"line":37,"column":null}},"22":{"start":{"line":38,"column":31},"end":{"line":38,"column":null}},"23":{"start":{"line":39,"column":6},"end":{"line":51,"column":null}},"24":{"start":{"line":51,"column":8},"end":{"line":51,"column":null}},"25":{"start":{"line":52,"column":6},"end":{"line":52,"column":null}},"26":{"start":{"line":55,"column":16},"end":{"line":89,"column":null}},"27":{"start":{"line":56,"column":6},"end":{"line":56,"column":null}},"28":{"start":{"line":56,"column":19},"end":{"line":56,"column":null}},"29":{"start":{"line":57,"column":6},"end":{"line":61,"column":null}},"30":{"start":{"line":58,"column":8},"end":{"line":58,"column":null}},"31":{"start":{"line":59,"column":8},"end":{"line":59,"column":null}},"32":{"start":{"line":60,"column":8},"end":{"line":60,"column":null}},"33":{"start":{"line":62,"column":6},"end":{"line":65,"column":null}},"34":{"start":{"line":63,"column":8},"end":{"line":63,"column":null}},"35":{"start":{"line":64,"column":8},"end":{"line":64,"column":null}},"36":{"start":{"line":66,"column":6},"end":{"line":66,"column":null}},"37":{"start":{"line":66,"column":19},"end":{"line":66,"column":null}},"38":{"start":{"line":67,"column":6},"end":{"line":67,"column":null}},"39":{"start":{"line":68,"column":6},"end":{"line":68,"column":null}},"40":{"start":{"line":70,"column":25},"end":{"line":70,"column":null}},"41":{"start":{"line":71,"column":6},"end":{"line":88,"column":null}},"42":{"start":{"line":72,"column":8},"end":{"line":72,"column":null}},"43":{"start":{"line":73,"column":8},"end":{"line":76,"column":null}},"44":{"start":{"line":74,"column":10},"end":{"line":74,"column":null}},"45":{"start":{"line":75,"column":10},"end":{"line":75,"column":null}},"46":{"start":{"line":78,"column":8},"end":{"line":78,"column":null}},"47":{"start":{"line":79,"column":8},"end":{"line":79,"column":null}},"48":{"start":{"line":79,"column":20},"end":{"line":79,"column":null}},"49":{"start":{"line":81,"column":8},"end":{"line":81,"column":null}},"50":{"start":{"line":82,"column":8},"end":{"line":87,"column":null}},"51":{"start":{"line":83,"column":10},"end":{"line":83,"column":null}},"52":{"start":{"line":84,"column":10},"end":{"line":84,"column":null}},"53":{"start":{"line":86,"column":10},"end":{"line":86,"column":null}},"54":{"start":{"line":91,"column":4},"end":{"line":91,"column":null}},"55":{"start":{"line":92,"column":4},"end":{"line":92,"column":null}},"56":{"start":{"line":93,"column":10},"end":{"line":99,"column":null}},"57":{"start":{"line":94,"column":6},"end":{"line":94,"column":null}},"58":{"start":{"line":94,"column":22},"end":{"line":94,"column":null}},"59":{"start":{"line":95,"column":6},"end":{"line":95,"column":null}},"60":{"start":{"line":95,"column":19},"end":{"line":95,"column":null}},"61":{"start":{"line":96,"column":6},"end":{"line":96,"column":null}},"62":{"start":{"line":97,"column":6},"end":{"line":97,"column":null}},"63":{"start":{"line":98,"column":6},"end":{"line":98,"column":null}},"64":{"start":{"line":100,"column":4},"end":{"line":100,"column":null}},"65":{"start":{"line":102,"column":4},"end":{"line":108,"column":null}},"66":{"start":{"line":103,"column":6},"end":{"line":103,"column":null}},"67":{"start":{"line":104,"column":6},"end":{"line":104,"column":null}},"68":{"start":{"line":105,"column":6},"end":{"line":105,"column":null}},"69":{"start":{"line":105,"column":19},"end":{"line":105,"column":null}},"70":{"start":{"line":106,"column":6},"end":{"line":106,"column":null}},"71":{"start":{"line":107,"column":6},"end":{"line":107,"column":null}},"72":{"start":{"line":113,"column":18},"end":{"line":113,"column":null}},"73":{"start":{"line":113,"column":36},"end":{"line":113,"column":60}},"74":{"start":{"line":114,"column":2},"end":{"line":114,"column":null}}},"fnMap":{"0":{"name":"usePolling","decl":{"start":{"line":8,"column":16},"end":{"line":8,"column":27}},"loc":{"start":{"line":8,"column":73},"end":{"line":115,"column":null}},"line":8},"1":{"name":"(anonymous_1)","decl":{"start":{"line":16,"column":2},"end":{"line":16,"column":18}},"loc":{"start":{"line":16,"column":18},"end":{"line":18,"column":5}},"line":16},"2":{"name":"(anonymous_2)","decl":{"start":{"line":20,"column":2},"end":{"line":20,"column":18}},"loc":{"start":{"line":20,"column":18},"end":{"line":22,"column":5}},"line":20},"3":{"name":"(anonymous_3)","decl":{"start":{"line":24,"column":2},"end":{"line":24,"column":18}},"loc":{"start":{"line":24,"column":18},"end":{"line":26,"column":5}},"line":24},"4":{"name":"(anonymous_4)","decl":{"start":{"line":28,"column":2},"end":{"line":28,"column":18}},"loc":{"start":{"line":28,"column":18},"end":{"line":111,"column":5}},"line":28},"5":{"name":"(anonymous_5)","decl":{"start":{"line":34,"column":10},"end":{"line":34,"column":27}},"loc":{"start":{"line":34,"column":27},"end":{"line":34,"column":null}},"line":34},"6":{"name":"(anonymous_6)","decl":{"start":{"line":36,"column":10},"end":{"line":36,"column":26}},"loc":{"start":{"line":36,"column":58},"end":{"line":53,"column":null}},"line":36},"7":{"name":"(anonymous_7)","decl":{"start":{"line":55,"column":16},"end":{"line":55,"column":28}},"loc":{"start":{"line":55,"column":28},"end":{"line":89,"column":null}},"line":55},"8":{"name":"(anonymous_8)","decl":{"start":{"line":93,"column":10},"end":{"line":93,"column":37}},"loc":{"start":{"line":93,"column":37},"end":{"line":99,"column":null}},"line":93},"9":{"name":"(anonymous_9)","decl":{"start":{"line":102,"column":4},"end":{"line":102,"column":17}},"loc":{"start":{"line":102,"column":17},"end":{"line":108,"column":null}},"line":102},"10":{"name":"(anonymous_10)","decl":{"start":{"line":113,"column":18},"end":{"line":113,"column":36}},"loc":{"start":{"line":113,"column":36},"end":{"line":113,"column":60}},"line":113}},"branchMap":{"0":{"loc":{"start":{"line":8,"column":48},"end":{"line":8,"column":59}},"type":"default-arg","locations":[{"start":{"line":8,"column":55},"end":{"line":8,"column":59}}],"line":8},"1":{"loc":{"start":{"line":8,"column":59},"end":{"line":8,"column":73}},"type":"default-arg","locations":[{"start":{"line":8,"column":69},"end":{"line":8,"column":73}}],"line":8},"2":{"loc":{"start":{"line":36,"column":34},"end":{"line":36,"column":58}},"type":"default-arg","locations":[{"start":{"line":36,"column":49},"end":{"line":36,"column":58}}],"line":36},"3":{"loc":{"start":{"line":39,"column":6},"end":{"line":51,"column":null}},"type":"if","locations":[{"start":{"line":39,"column":6},"end":{"line":51,"column":null}},{"start":{},"end":{}}],"line":39},"4":{"loc":{"start":{"line":40,"column":8},"end":{"line":49,"column":null}},"type":"binary-expr","locations":[{"start":{"line":40,"column":8},"end":{"line":40,"column":null}},{"start":{"line":41,"column":8},"end":{"line":41,"column":null}},{"start":{"line":42,"column":8},"end":{"line":42,"column":null}},{"start":{"line":43,"column":8},"end":{"line":43,"column":null}},{"start":{"line":44,"column":9},"end":{"line":44,"column":null}},{"start":{"line":45,"column":10},"end":{"line":45,"column":null}},{"start":{"line":46,"column":10},"end":{"line":46,"column":null}},{"start":{"line":47,"column":9},"end":{"line":47,"column":null}},{"start":{"line":48,"column":10},"end":{"line":48,"column":null}},{"start":{"line":49,"column":10},"end":{"line":49,"column":null}}],"line":40},"5":{"loc":{"start":{"line":56,"column":6},"end":{"line":56,"column":null}},"type":"if","locations":[{"start":{"line":56,"column":6},"end":{"line":56,"column":null}},{"start":{},"end":{}}],"line":56},"6":{"loc":{"start":{"line":57,"column":6},"end":{"line":61,"column":null}},"type":"if","locations":[{"start":{"line":57,"column":6},"end":{"line":61,"column":null}},{"start":{},"end":{}}],"line":57},"7":{"loc":{"start":{"line":62,"column":6},"end":{"line":65,"column":null}},"type":"if","locations":[{"start":{"line":62,"column":6},"end":{"line":65,"column":null}},{"start":{},"end":{}}],"line":62},"8":{"loc":{"start":{"line":66,"column":6},"end":{"line":66,"column":null}},"type":"if","locations":[{"start":{"line":66,"column":6},"end":{"line":66,"column":null}},{"start":{},"end":{}}],"line":66},"9":{"loc":{"start":{"line":73,"column":8},"end":{"line":76,"column":null}},"type":"if","locations":[{"start":{"line":73,"column":8},"end":{"line":76,"column":null}},{"start":{},"end":{}}],"line":73},"10":{"loc":{"start":{"line":79,"column":8},"end":{"line":79,"column":null}},"type":"if","locations":[{"start":{"line":79,"column":8},"end":{"line":79,"column":null}},{"start":{},"end":{}}],"line":79},"11":{"loc":{"start":{"line":82,"column":8},"end":{"line":87,"column":null}},"type":"if","locations":[{"start":{"line":82,"column":8},"end":{"line":87,"column":null}},{"start":{"line":85,"column":15},"end":{"line":87,"column":null}}],"line":82},"12":{"loc":{"start":{"line":94,"column":6},"end":{"line":94,"column":null}},"type":"if","locations":[{"start":{"line":94,"column":6},"end":{"line":94,"column":null}},{"start":{},"end":{}}],"line":94},"13":{"loc":{"start":{"line":95,"column":6},"end":{"line":95,"column":null}},"type":"if","locations":[{"start":{"line":95,"column":6},"end":{"line":95,"column":null}},{"start":{},"end":{}}],"line":95},"14":{"loc":{"start":{"line":105,"column":6},"end":{"line":105,"column":null}},"type":"if","locations":[{"start":{"line":105,"column":6},"end":{"line":105,"column":null}},{"start":{},"end":{}}],"line":105}},"s":{"0":14,"1":14,"2":14,"3":14,"4":14,"5":14,"6":14,"7":7,"8":14,"9":9,"10":14,"11":9,"12":14,"13":6,"14":6,"15":6,"16":6,"17":6,"18":6,"19":25,"20":6,"21":9,"22":9,"23":9,"24":4,"25":5,"26":6,"27":15,"28":1,"29":14,"30":1,"31":1,"32":1,"33":13,"34":3,"35":3,"36":10,"37":1,"38":10,"39":10,"40":10,"41":10,"42":10,"43":9,"44":8,"45":8,"46":1,"47":1,"48":1,"49":10,"50":10,"51":1,"52":1,"53":9,"54":6,"55":6,"56":6,"57":3,"58":1,"59":2,"60":1,"61":2,"62":2,"63":2,"64":6,"65":6,"66":6,"67":6,"68":6,"69":3,"70":6,"71":6,"72":14,"73":4,"74":14},"f":{"0":14,"1":7,"2":9,"3":9,"4":6,"5":25,"6":9,"7":15,"8":3,"9":6,"10":4},"b":{"0":[14],"1":[14],"2":[9],"3":[4,5],"4":[9,8,8,8,7,1,1,6,6,2],"5":[1,14],"6":[1,13],"7":[3,10],"8":[1,9],"9":[8,1],"10":[1,0],"11":[1,9],"12":[1,2],"13":[1,1],"14":[3,3]},"meta":{"lastBranch":15,"lastFunction":11,"lastStatement":75,"seen":{"f:8:16:8:27":0,"b:8:55:8:59":0,"b:8:69:8:73":1,"s:9:26:9:Infinity":0,"s:10:28:10:Infinity":1,"s:11:19:11:Infinity":2,"s:12:28:12:Infinity":3,"s:13:30:13:Infinity":4,"s:14:21:14:Infinity":5,"s:16:2:18:Infinity":6,"f:16:2:16:18":1,"s:17:4:17:Infinity":7,"s:20:2:22:Infinity":8,"f:20:2:20:18":2,"s:21:4:21:Infinity":9,"s:24:2:26:Infinity":10,"f:24:2:24:18":3,"s:25:4:25:Infinity":11,"s:28:2:111:Infinity":12,"f:28:2:28:18":4,"s:29:17:29:Infinity":13,"s:30:18:30:Infinity":14,"s:31:19:31:Infinity":15,"s:32:24:32:Infinity":16,"s:33:24:33:Infinity":17,"s:34:10:34:Infinity":18,"f:34:10:34:27":5,"s:34:27:34:Infinity":19,"s:36:10:53:Infinity":20,"f:36:10:36:26":6,"b:36:49:36:58":2,"s:37:29:37:Infinity":21,"s:38:31:38:Infinity":22,"b:39:6:51:Infinity:undefined:undefined:undefined:undefined":3,"s:39:6:51:Infinity":23,"b:40:8:40:Infinity:41:8:41:Infinity:42:8:42:Infinity:43:8:43:Infinity:44:9:44:Infinity:45:10:45:Infinity:46:10:46:Infinity:47:9:47:Infinity:48:10:48:Infinity:49:10:49:Infinity":4,"s:51:8:51:Infinity":24,"s:52:6:52:Infinity":25,"s:55:16:89:Infinity":26,"f:55:16:55:28":7,"b:56:6:56:Infinity:undefined:undefined:undefined:undefined":5,"s:56:6:56:Infinity":27,"s:56:19:56:Infinity":28,"b:57:6:61:Infinity:undefined:undefined:undefined:undefined":6,"s:57:6:61:Infinity":29,"s:58:8:58:Infinity":30,"s:59:8:59:Infinity":31,"s:60:8:60:Infinity":32,"b:62:6:65:Infinity:undefined:undefined:undefined:undefined":7,"s:62:6:65:Infinity":33,"s:63:8:63:Infinity":34,"s:64:8:64:Infinity":35,"b:66:6:66:Infinity:undefined:undefined:undefined:undefined":8,"s:66:6:66:Infinity":36,"s:66:19:66:Infinity":37,"s:67:6:67:Infinity":38,"s:68:6:68:Infinity":39,"s:70:25:70:Infinity":40,"s:71:6:88:Infinity":41,"s:72:8:72:Infinity":42,"b:73:8:76:Infinity:undefined:undefined:undefined:undefined":9,"s:73:8:76:Infinity":43,"s:74:10:74:Infinity":44,"s:75:10:75:Infinity":45,"s:78:8:78:Infinity":46,"b:79:8:79:Infinity:undefined:undefined:undefined:undefined":10,"s:79:8:79:Infinity":47,"s:79:20:79:Infinity":48,"s:81:8:81:Infinity":49,"b:82:8:87:Infinity:85:15:87:Infinity":11,"s:82:8:87:Infinity":50,"s:83:10:83:Infinity":51,"s:84:10:84:Infinity":52,"s:86:10:86:Infinity":53,"s:91:4:91:Infinity":54,"s:92:4:92:Infinity":55,"s:93:10:99:Infinity":56,"f:93:10:93:37":8,"b:94:6:94:Infinity:undefined:undefined:undefined:undefined":12,"s:94:6:94:Infinity":57,"s:94:22:94:Infinity":58,"b:95:6:95:Infinity:undefined:undefined:undefined:undefined":13,"s:95:6:95:Infinity":59,"s:95:19:95:Infinity":60,"s:96:6:96:Infinity":61,"s:97:6:97:Infinity":62,"s:98:6:98:Infinity":63,"s:100:4:100:Infinity":64,"s:102:4:108:Infinity":65,"f:102:4:102:17":9,"s:103:6:103:Infinity":66,"s:104:6:104:Infinity":67,"b:105:6:105:Infinity:undefined:undefined:undefined:undefined":14,"s:105:6:105:Infinity":68,"s:105:19:105:Infinity":69,"s:106:6:106:Infinity":70,"s:107:6:107:Infinity":71,"s:113:18:113:Infinity":72,"f:113:18:113:36":10,"s:113:36:113:60":73,"s:114:2:114:Infinity":74},"fnNames":{}}}
}
