{"E:\\Git\\karaoke\\front\\src\\pages\\Karaoke\\hooks\\usePitchDetection.js": {"path":"E:\\Git\\karaoke\\front\\src\\pages\\Karaoke\\hooks\\usePitchDetection.js","statementMap":{"0":{"start":{"line":11,"column":34},"end":{"line":11,"column":null}},"1":{"start":{"line":12,"column":48},"end":{"line":12,"column":null}},"2":{"start":{"line":13,"column":50},"end":{"line":13,"column":null}},"3":{"start":{"line":14,"column":52},"end":{"line":14,"column":null}},"4":{"start":{"line":15,"column":2},"end":{"line":218,"column":null}},"5":{"start":{"line":16,"column":4},"end":{"line":26,"column":null}},"6":{"start":{"line":21,"column":6},"end":{"line":21,"column":null}},"7":{"start":{"line":22,"column":6},"end":{"line":22,"column":null}},"8":{"start":{"line":23,"column":6},"end":{"line":23,"column":null}},"9":{"start":{"line":24,"column":6},"end":{"line":24,"column":null}},"10":{"start":{"line":25,"column":6},"end":{"line":25,"column":null}},"11":{"start":{"line":27,"column":20},"end":{"line":27,"column":null}},"12":{"start":{"line":28,"column":27},"end":{"line":28,"column":null}},"13":{"start":{"line":29,"column":21},"end":{"line":29,"column":null}},"14":{"start":{"line":30,"column":22},"end":{"line":30,"column":null}},"15":{"start":{"line":34,"column":28},"end":{"line":34,"column":null}},"16":{"start":{"line":35,"column":26},"end":{"line":35,"column":null}},"17":{"start":{"line":36,"column":23},"end":{"line":36,"column":null}},"18":{"start":{"line":37,"column":23},"end":{"line":37,"column":null}},"19":{"start":{"line":38,"column":21},"end":{"line":38,"column":null}},"20":{"start":{"line":39,"column":24},"end":{"line":39,"column":null}},"21":{"start":{"line":40,"column":24},"end":{"line":40,"column":null}},"22":{"start":{"line":41,"column":22},"end":{"line":41,"column":null}},"23":{"start":{"line":42,"column":23},"end":{"line":42,"column":null}},"24":{"start":{"line":43,"column":10},"end":{"line":48,"column":null}},"25":{"start":{"line":44,"column":6},"end":{"line":44,"column":null}},"26":{"start":{"line":45,"column":6},"end":{"line":45,"column":null}},"27":{"start":{"line":46,"column":6},"end":{"line":46,"column":null}},"28":{"start":{"line":47,"column":6},"end":{"line":47,"column":null}},"29":{"start":{"line":49,"column":4},"end":{"line":49,"column":null}},"30":{"start":{"line":50,"column":18},"end":{"line":205,"column":null}},"31":{"start":{"line":51,"column":6},"end":{"line":204,"column":null}},"32":{"start":{"line":52,"column":24},"end":{"line":52,"column":null}},"33":{"start":{"line":53,"column":8},"end":{"line":53,"column":null}},"34":{"start":{"line":54,"column":8},"end":{"line":54,"column":null}},"35":{"start":{"line":55,"column":35},"end":{"line":59,"column":null}},"36":{"start":{"line":58,"column":29},"end":{"line":58,"column":56}},"37":{"start":{"line":60,"column":8},"end":{"line":93,"column":null}},"38":{"start":{"line":61,"column":28},"end":{"line":65,"column":null}},"39":{"start":{"line":67,"column":12},"end":{"line":77,"column":null}},"40":{"start":{"line":78,"column":26},"end":{"line":78,"column":null}},"41":{"start":{"line":79,"column":10},"end":{"line":90,"column":null}},"42":{"start":{"line":80,"column":12},"end":{"line":89,"column":null}},"43":{"start":{"line":81,"column":14},"end":{"line":83,"column":null}},"44":{"start":{"line":84,"column":14},"end":{"line":84,"column":null}},"45":{"start":{"line":85,"column":14},"end":{"line":85,"column":null}},"46":{"start":{"line":86,"column":14},"end":{"line":86,"column":null}},"47":{"start":{"line":88,"column":14},"end":{"line":88,"column":null}},"48":{"start":{"line":91,"column":10},"end":{"line":92,"column":null}},"49":{"start":{"line":92,"column":12},"end":{"line":92,"column":null}},"50":{"start":{"line":94,"column":8},"end":{"line":103,"column":null}},"51":{"start":{"line":96,"column":12},"end":{"line":96,"column":null}},"52":{"start":{"line":97,"column":10},"end":{"line":98,"column":null}},"53":{"start":{"line":98,"column":12},"end":{"line":98,"column":null}},"54":{"start":{"line":99,"column":10},"end":{"line":101,"column":null}},"55":{"start":{"line":102,"column":10},"end":{"line":102,"column":null}},"56":{"start":{"line":104,"column":8},"end":{"line":108,"column":null}},"57":{"start":{"line":105,"column":10},"end":{"line":105,"column":null}},"58":{"start":{"line":105,"column":48},"end":{"line":105,"column":60}},"59":{"start":{"line":106,"column":10},"end":{"line":106,"column":null}},"60":{"start":{"line":106,"column":27},"end":{"line":106,"column":null}},"61":{"start":{"line":107,"column":10},"end":{"line":107,"column":null}},"62":{"start":{"line":109,"column":8},"end":{"line":117,"column":null}},"63":{"start":{"line":110,"column":10},"end":{"line":116,"column":null}},"64":{"start":{"line":111,"column":12},"end":{"line":111,"column":null}},"65":{"start":{"line":113,"column":12},"end":{"line":115,"column":null}},"66":{"start":{"line":118,"column":8},"end":{"line":118,"column":null}},"67":{"start":{"line":118,"column":23},"end":{"line":118,"column":null}},"68":{"start":{"line":119,"column":25},"end":{"line":119,"column":null}},"69":{"start":{"line":120,"column":8},"end":{"line":120,"column":null}},"70":{"start":{"line":121,"column":8},"end":{"line":121,"column":null}},"71":{"start":{"line":122,"column":8},"end":{"line":122,"column":null}},"72":{"start":{"line":123,"column":8},"end":{"line":123,"column":null}},"73":{"start":{"line":124,"column":23},"end":{"line":124,"column":null}},"74":{"start":{"line":125,"column":14},"end":{"line":200,"column":null}},"75":{"start":{"line":126,"column":10},"end":{"line":126,"column":null}},"76":{"start":{"line":126,"column":25},"end":{"line":126,"column":null}},"77":{"start":{"line":127,"column":10},"end":{"line":157,"column":null}},"78":{"start":{"line":128,"column":12},"end":{"line":128,"column":null}},"79":{"start":{"line":129,"column":33},"end":{"line":133,"column":null}},"80":{"start":{"line":134,"column":12},"end":{"line":156,"column":null}},"81":{"start":{"line":135,"column":14},"end":{"line":135,"column":null}},"82":{"start":{"line":136,"column":14},"end":{"line":136,"column":null}},"83":{"start":{"line":136,"column":41},"end":{"line":136,"column":null}},"84":{"start":{"line":137,"column":33},"end":{"line":139,"column":null}},"85":{"start":{"line":138,"column":33},"end":{"line":138,"column":null}},"86":{"start":{"line":140,"column":33},"end":{"line":140,"column":null}},"87":{"start":{"line":141,"column":14},"end":{"line":143,"column":null}},"88":{"start":{"line":145,"column":16},"end":{"line":145,"column":null}},"89":{"start":{"line":146,"column":14},"end":{"line":146,"column":null}},"90":{"start":{"line":147,"column":14},"end":{"line":147,"column":null}},"91":{"start":{"line":148,"column":14},"end":{"line":153,"column":null}},"92":{"start":{"line":149,"column":16},"end":{"line":149,"column":null}},"93":{"start":{"line":150,"column":16},"end":{"line":150,"column":null}},"94":{"start":{"line":151,"column":16},"end":{"line":151,"column":null}},"95":{"start":{"line":152,"column":16},"end":{"line":152,"column":null}},"96":{"start":{"line":154,"column":14},"end":{"line":154,"column":null}},"97":{"start":{"line":155,"column":14},"end":{"line":155,"column":null}},"98":{"start":{"line":158,"column":10},"end":{"line":165,"column":null}},"99":{"start":{"line":159,"column":12},"end":{"line":159,"column":null}},"100":{"start":{"line":160,"column":12},"end":{"line":164,"column":null}},"101":{"start":{"line":161,"column":14},"end":{"line":161,"column":null}},"102":{"start":{"line":162,"column":14},"end":{"line":162,"column":null}},"103":{"start":{"line":163,"column":14},"end":{"line":163,"column":null}},"104":{"start":{"line":166,"column":10},"end":{"line":169,"column":null}},"105":{"start":{"line":167,"column":12},"end":{"line":167,"column":null}},"106":{"start":{"line":168,"column":12},"end":{"line":168,"column":null}},"107":{"start":{"line":170,"column":10},"end":{"line":197,"column":null}},"108":{"start":{"line":171,"column":35},"end":{"line":174,"column":null}},"109":{"start":{"line":175,"column":28},"end":{"line":175,"column":null}},"110":{"start":{"line":176,"column":31},"end":{"line":176,"column":null}},"111":{"start":{"line":177,"column":12},"end":{"line":180,"column":null}},"112":{"start":{"line":181,"column":12},"end":{"line":184,"column":null}},"113":{"start":{"line":182,"column":14},"end":{"line":182,"column":null}},"114":{"start":{"line":183,"column":14},"end":{"line":183,"column":null}},"115":{"start":{"line":185,"column":17},"end":{"line":197,"column":null}},"116":{"start":{"line":186,"column":33},"end":{"line":186,"column":null}},"117":{"start":{"line":187,"column":12},"end":{"line":190,"column":null}},"118":{"start":{"line":188,"column":14},"end":{"line":188,"column":null}},"119":{"start":{"line":189,"column":14},"end":{"line":189,"column":null}},"120":{"start":{"line":191,"column":12},"end":{"line":196,"column":null}},"121":{"start":{"line":192,"column":14},"end":{"line":192,"column":null}},"122":{"start":{"line":193,"column":14},"end":{"line":193,"column":null}},"123":{"start":{"line":194,"column":14},"end":{"line":194,"column":null}},"124":{"start":{"line":195,"column":14},"end":{"line":195,"column":null}},"125":{"start":{"line":198,"column":10},"end":{"line":198,"column":null}},"126":{"start":{"line":199,"column":10},"end":{"line":199,"column":null}},"127":{"start":{"line":201,"column":8},"end":{"line":201,"column":null}},"128":{"start":{"line":203,"column":8},"end":{"line":203,"column":null}},"129":{"start":{"line":203,"column":24},"end":{"line":203,"column":null}},"130":{"start":{"line":206,"column":4},"end":{"line":206,"column":null}},"131":{"start":{"line":207,"column":4},"end":{"line":217,"column":null}},"132":{"start":{"line":208,"column":6},"end":{"line":208,"column":null}},"133":{"start":{"line":209,"column":6},"end":{"line":209,"column":null}},"134":{"start":{"line":210,"column":6},"end":{"line":214,"column":null}},"135":{"start":{"line":211,"column":8},"end":{"line":211,"column":null}},"136":{"start":{"line":215,"column":6},"end":{"line":215,"column":null}},"137":{"start":{"line":215,"column":22},"end":{"line":215,"column":null}},"138":{"start":{"line":215,"column":61},"end":{"line":215,"column":73}},"139":{"start":{"line":216,"column":6},"end":{"line":216,"column":null}},"140":{"start":{"line":216,"column":23},"end":{"line":216,"column":null}},"141":{"start":{"line":219,"column":2},"end":{"line":224,"column":null}}},"fnMap":{"0":{"name":"usePitchDetection","decl":{"start":{"line":5,"column":24},"end":{"line":5,"column":42}},"loc":{"start":{"line":10,"column":3},"end":{"line":225,"column":null}},"line":10},"1":{"name":"(anonymous_1)","decl":{"start":{"line":15,"column":2},"end":{"line":15,"column":18}},"loc":{"start":{"line":15,"column":18},"end":{"line":218,"column":5}},"line":15},"2":{"name":"(anonymous_2)","decl":{"start":{"line":43,"column":10},"end":{"line":43,"column":29}},"loc":{"start":{"line":43,"column":29},"end":{"line":48,"column":null}},"line":43},"3":{"name":"(anonymous_3)","decl":{"start":{"line":50,"column":18},"end":{"line":50,"column":30}},"loc":{"start":{"line":50,"column":30},"end":{"line":205,"column":null}},"line":50},"4":{"name":"(anonymous_4)","decl":{"start":{"line":58,"column":13},"end":{"line":58,"column":19}},"loc":{"start":{"line":58,"column":29},"end":{"line":58,"column":56}},"line":58},"5":{"name":"(anonymous_5)","decl":{"start":{"line":105,"column":29},"end":{"line":105,"column":38}},"loc":{"start":{"line":105,"column":48},"end":{"line":105,"column":60}},"line":105},"6":{"name":"(anonymous_6)","decl":{"start":{"line":106,"column":49},"end":{"line":106,"column":61}},"loc":{"start":{"line":106,"column":61},"end":{"line":106,"column":63}},"line":106},"7":{"name":"(anonymous_7)","decl":{"start":{"line":125,"column":14},"end":{"line":125,"column":29}},"loc":{"start":{"line":125,"column":43},"end":{"line":200,"column":null}},"line":125},"8":{"name":"(anonymous_8)","decl":{"start":{"line":137,"column":49},"end":{"line":137,"column":null}},"loc":{"start":{"line":138,"column":33},"end":{"line":138,"column":null}},"line":138},"9":{"name":"(anonymous_9)","decl":{"start":{"line":207,"column":4},"end":{"line":207,"column":17}},"loc":{"start":{"line":207,"column":17},"end":{"line":217,"column":null}},"line":207},"10":{"name":"(anonymous_10)","decl":{"start":{"line":215,"column":42},"end":{"line":215,"column":51}},"loc":{"start":{"line":215,"column":61},"end":{"line":215,"column":73}},"line":215},"11":{"name":"(anonymous_11)","decl":{"start":{"line":216,"column":42},"end":{"line":216,"column":54}},"loc":{"start":{"line":216,"column":54},"end":{"line":216,"column":56}},"line":216}},"branchMap":{"0":{"loc":{"start":{"line":16,"column":4},"end":{"line":26,"column":null}},"type":"if","locations":[{"start":{"line":16,"column":4},"end":{"line":26,"column":null}},{"start":{},"end":{}}],"line":16},"1":{"loc":{"start":{"line":17,"column":6},"end":{"line":19,"column":null}},"type":"binary-expr","locations":[{"start":{"line":17,"column":6},"end":{"line":17,"column":null}},{"start":{"line":18,"column":6},"end":{"line":18,"column":null}},{"start":{"line":19,"column":6},"end":{"line":19,"column":null}}],"line":17},"2":{"loc":{"start":{"line":60,"column":8},"end":{"line":93,"column":null}},"type":"if","locations":[{"start":{"line":60,"column":8},"end":{"line":93,"column":null}},{"start":{},"end":{}}],"line":60},"3":{"loc":{"start":{"line":67,"column":12},"end":{"line":77,"column":null}},"type":"cond-expr","locations":[{"start":{"line":68,"column":16},"end":{"line":76,"column":null}},{"start":{"line":77,"column":16},"end":{"line":77,"column":null}}],"line":67},"4":{"loc":{"start":{"line":67,"column":12},"end":{"line":67,"column":null}},"type":"binary-expr","locations":[{"start":{"line":67,"column":12},"end":{"line":67,"column":36}},{"start":{"line":67,"column":36},"end":{"line":67,"column":null}}],"line":67},"5":{"loc":{"start":{"line":91,"column":10},"end":{"line":92,"column":null}},"type":"if","locations":[{"start":{"line":91,"column":10},"end":{"line":92,"column":null}},{"start":{},"end":{}}],"line":91},"6":{"loc":{"start":{"line":92,"column":18},"end":{"line":92,"column":null}},"type":"binary-expr","locations":[{"start":{"line":92,"column":18},"end":{"line":92,"column":31}},{"start":{"line":92,"column":31},"end":{"line":92,"column":null}}],"line":92},"7":{"loc":{"start":{"line":94,"column":8},"end":{"line":103,"column":null}},"type":"if","locations":[{"start":{"line":94,"column":8},"end":{"line":103,"column":null}},{"start":{},"end":{}}],"line":94},"8":{"loc":{"start":{"line":94,"column":12},"end":{"line":94,"column":52}},"type":"binary-expr","locations":[{"start":{"line":94,"column":12},"end":{"line":94,"column":24}},{"start":{"line":94,"column":24},"end":{"line":94,"column":52}}],"line":94},"9":{"loc":{"start":{"line":96,"column":12},"end":{"line":96,"column":null}},"type":"binary-expr","locations":[{"start":{"line":96,"column":12},"end":{"line":96,"column":35}},{"start":{"line":96,"column":35},"end":{"line":96,"column":null}}],"line":96},"10":{"loc":{"start":{"line":97,"column":10},"end":{"line":98,"column":null}},"type":"if","locations":[{"start":{"line":97,"column":10},"end":{"line":98,"column":null}},{"start":{},"end":{}}],"line":97},"11":{"loc":{"start":{"line":104,"column":8},"end":{"line":108,"column":null}},"type":"if","locations":[{"start":{"line":104,"column":8},"end":{"line":108,"column":null}},{"start":{},"end":{}}],"line":104},"12":{"loc":{"start":{"line":106,"column":10},"end":{"line":106,"column":null}},"type":"if","locations":[{"start":{"line":106,"column":10},"end":{"line":106,"column":null}},{"start":{},"end":{}}],"line":106},"13":{"loc":{"start":{"line":109,"column":8},"end":{"line":117,"column":null}},"type":"if","locations":[{"start":{"line":109,"column":8},"end":{"line":117,"column":null}},{"start":{},"end":{}}],"line":109},"14":{"loc":{"start":{"line":118,"column":8},"end":{"line":118,"column":null}},"type":"if","locations":[{"start":{"line":118,"column":8},"end":{"line":118,"column":null}},{"start":{},"end":{}}],"line":118},"15":{"loc":{"start":{"line":126,"column":10},"end":{"line":126,"column":null}},"type":"if","locations":[{"start":{"line":126,"column":10},"end":{"line":126,"column":null}},{"start":{},"end":{}}],"line":126},"16":{"loc":{"start":{"line":127,"column":10},"end":{"line":157,"column":null}},"type":"if","locations":[{"start":{"line":127,"column":10},"end":{"line":157,"column":null}},{"start":{},"end":{}}],"line":127},"17":{"loc":{"start":{"line":134,"column":12},"end":{"line":156,"column":null}},"type":"if","locations":[{"start":{"line":134,"column":12},"end":{"line":156,"column":null}},{"start":{},"end":{}}],"line":134},"18":{"loc":{"start":{"line":136,"column":14},"end":{"line":136,"column":null}},"type":"if","locations":[{"start":{"line":136,"column":14},"end":{"line":136,"column":null}},{"start":{},"end":{}}],"line":136},"19":{"loc":{"start":{"line":141,"column":27},"end":{"line":143,"column":null}},"type":"cond-expr","locations":[{"start":{"line":142,"column":18},"end":{"line":142,"column":null}},{"start":{"line":143,"column":18},"end":{"line":143,"column":null}}],"line":141},"20":{"loc":{"start":{"line":145,"column":16},"end":{"line":145,"column":null}},"type":"binary-expr","locations":[{"start":{"line":145,"column":16},"end":{"line":145,"column":37}},{"start":{"line":145,"column":37},"end":{"line":145,"column":null}}],"line":145},"21":{"loc":{"start":{"line":148,"column":14},"end":{"line":153,"column":null}},"type":"if","locations":[{"start":{"line":148,"column":14},"end":{"line":153,"column":null}},{"start":{},"end":{}}],"line":148},"22":{"loc":{"start":{"line":158,"column":10},"end":{"line":165,"column":null}},"type":"if","locations":[{"start":{"line":158,"column":10},"end":{"line":165,"column":null}},{"start":{},"end":{}}],"line":158},"23":{"loc":{"start":{"line":160,"column":12},"end":{"line":164,"column":null}},"type":"if","locations":[{"start":{"line":160,"column":12},"end":{"line":164,"column":null}},{"start":{},"end":{}}],"line":160},"24":{"loc":{"start":{"line":160,"column":16},"end":{"line":160,"column":66}},"type":"binary-expr","locations":[{"start":{"line":160,"column":16},"end":{"line":160,"column":34}},{"start":{"line":160,"column":34},"end":{"line":160,"column":66}}],"line":160},"25":{"loc":{"start":{"line":166,"column":10},"end":{"line":169,"column":null}},"type":"if","locations":[{"start":{"line":166,"column":10},"end":{"line":169,"column":null}},{"start":{},"end":{}}],"line":166},"26":{"loc":{"start":{"line":166,"column":14},"end":{"line":166,"column":55}},"type":"binary-expr","locations":[{"start":{"line":166,"column":14},"end":{"line":166,"column":29}},{"start":{"line":166,"column":29},"end":{"line":166,"column":55}}],"line":166},"27":{"loc":{"start":{"line":170,"column":10},"end":{"line":197,"column":null}},"type":"if","locations":[{"start":{"line":170,"column":10},"end":{"line":197,"column":null}},{"start":{"line":185,"column":17},"end":{"line":197,"column":null}}],"line":170},"28":{"loc":{"start":{"line":181,"column":12},"end":{"line":184,"column":null}},"type":"if","locations":[{"start":{"line":181,"column":12},"end":{"line":184,"column":null}},{"start":{},"end":{}}],"line":181},"29":{"loc":{"start":{"line":185,"column":17},"end":{"line":197,"column":null}},"type":"if","locations":[{"start":{"line":185,"column":17},"end":{"line":197,"column":null}},{"start":{},"end":{}}],"line":185},"30":{"loc":{"start":{"line":187,"column":12},"end":{"line":190,"column":null}},"type":"if","locations":[{"start":{"line":187,"column":12},"end":{"line":190,"column":null}},{"start":{},"end":{}}],"line":187},"31":{"loc":{"start":{"line":191,"column":12},"end":{"line":196,"column":null}},"type":"if","locations":[{"start":{"line":191,"column":12},"end":{"line":196,"column":null}},{"start":{},"end":{}}],"line":191},"32":{"loc":{"start":{"line":203,"column":8},"end":{"line":203,"column":null}},"type":"if","locations":[{"start":{"line":203,"column":8},"end":{"line":203,"column":null}},{"start":{},"end":{}}],"line":203},"33":{"loc":{"start":{"line":215,"column":6},"end":{"line":215,"column":null}},"type":"if","locations":[{"start":{"line":215,"column":6},"end":{"line":215,"column":null}},{"start":{},"end":{}}],"line":215},"34":{"loc":{"start":{"line":216,"column":6},"end":{"line":216,"column":null}},"type":"if","locations":[{"start":{"line":216,"column":6},"end":{"line":216,"column":null}},{"start":{},"end":{}}],"line":216}},"s":{"0":26,"1":26,"2":26,"3":26,"4":26,"5":14,"6":2,"7":2,"8":2,"9":2,"10":2,"11":12,"12":12,"13":12,"14":12,"15":12,"16":12,"17":12,"18":12,"19":12,"20":12,"21":12,"22":12,"23":12,"24":12,"25":16,"26":16,"27":16,"28":16,"29":12,"30":12,"31":12,"32":12,"33":12,"34":12,"35":12,"36":4,"37":12,"38":8,"39":8,"40":8,"41":8,"42":9,"43":9,"44":6,"45":6,"46":6,"47":3,"48":8,"49":3,"50":9,"51":5,"52":5,"53":1,"54":4,"55":4,"56":8,"57":1,"58":1,"59":1,"60":1,"61":1,"62":7,"63":3,"64":3,"65":1,"66":6,"67":1,"68":5,"69":5,"70":5,"71":5,"72":5,"73":5,"74":5,"75":16,"76":1,"77":15,"78":12,"79":12,"80":12,"81":7,"82":7,"83":1,"84":7,"85":6,"86":7,"87":7,"88":7,"89":7,"90":7,"91":7,"92":3,"93":3,"94":3,"95":3,"96":7,"97":7,"98":15,"99":4,"100":4,"101":2,"102":2,"103":2,"104":15,"105":2,"106":2,"107":15,"108":9,"109":9,"110":9,"111":9,"112":9,"113":8,"114":8,"115":6,"116":4,"117":4,"118":3,"119":3,"120":4,"121":1,"122":1,"123":1,"124":1,"125":15,"126":15,"127":5,"128":5,"129":4,"130":12,"131":12,"132":12,"133":12,"134":12,"135":12,"136":12,"137":5,"138":4,"139":12,"140":3,"141":26},"f":{"0":26,"1":14,"2":16,"3":12,"4":4,"5":1,"6":1,"7":16,"8":6,"9":12,"10":4,"11":1},"b":{"0":[2,12],"1":[14,13,13],"2":[8,4],"3":[1,7],"4":[8,8],"5":[3,5],"6":[3,1],"7":[5,4],"8":[9,4],"9":[5,1],"10":[1,4],"11":[1,7],"12":[1,0],"13":[3,4],"14":[1,5],"15":[1,15],"16":[12,3],"17":[7,5],"18":[1,6],"19":[4,3],"20":[7,7],"21":[3,4],"22":[4,11],"23":[2,2],"24":[4,2],"25":[2,13],"26":[15,12],"27":[9,6],"28":[8,1],"29":[4,2],"30":[3,1],"31":[1,3],"32":[4,1],"33":[5,7],"34":[3,9]},"meta":{"lastBranch":35,"lastFunction":12,"lastStatement":142,"seen":{"f:5:24:5:42":0,"s:11:34:11:Infinity":0,"s:12:48:12:Infinity":1,"s:13:50:13:Infinity":2,"s:14:52:14:Infinity":3,"s:15:2:218:Infinity":4,"f:15:2:15:18":1,"b:16:4:26:Infinity:undefined:undefined:undefined:undefined":0,"s:16:4:26:Infinity":5,"b:17:6:17:Infinity:18:6:18:Infinity:19:6:19:Infinity":1,"s:21:6:21:Infinity":6,"s:22:6:22:Infinity":7,"s:23:6:23:Infinity":8,"s:24:6:24:Infinity":9,"s:25:6:25:Infinity":10,"s:27:20:27:Infinity":11,"s:28:27:28:Infinity":12,"s:29:21:29:Infinity":13,"s:30:22:30:Infinity":14,"s:34:28:34:Infinity":15,"s:35:26:35:Infinity":16,"s:36:23:36:Infinity":17,"s:37:23:37:Infinity":18,"s:38:21:38:Infinity":19,"s:39:24:39:Infinity":20,"s:40:24:40:Infinity":21,"s:41:22:41:Infinity":22,"s:42:23:42:Infinity":23,"s:43:10:48:Infinity":24,"f:43:10:43:29":2,"s:44:6:44:Infinity":25,"s:45:6:45:Infinity":26,"s:46:6:46:Infinity":27,"s:47:6:47:Infinity":28,"s:49:4:49:Infinity":29,"s:50:18:205:Infinity":30,"f:50:18:50:30":3,"s:51:6:204:Infinity":31,"s:52:24:52:Infinity":32,"s:53:8:53:Infinity":33,"s:54:8:54:Infinity":34,"s:55:35:59:Infinity":35,"f:58:13:58:19":4,"s:58:29:58:56":36,"b:60:8:93:Infinity:undefined:undefined:undefined:undefined":2,"s:60:8:93:Infinity":37,"s:61:28:65:Infinity":38,"s:67:12:77:Infinity":39,"b:68:16:76:Infinity:77:16:77:Infinity":3,"b:67:12:67:36:67:36:67:Infinity":4,"s:78:26:78:Infinity":40,"s:79:10:90:Infinity":41,"s:80:12:89:Infinity":42,"s:81:14:83:Infinity":43,"s:84:14:84:Infinity":44,"s:85:14:85:Infinity":45,"s:86:14:86:Infinity":46,"s:88:14:88:Infinity":47,"b:91:10:92:Infinity:undefined:undefined:undefined:undefined":5,"s:91:10:92:Infinity":48,"s:92:12:92:Infinity":49,"b:92:18:92:31:92:31:92:Infinity":6,"b:94:8:103:Infinity:undefined:undefined:undefined:undefined":7,"s:94:8:103:Infinity":50,"b:94:12:94:24:94:24:94:52":8,"s:96:12:96:Infinity":51,"b:96:12:96:35:96:35:96:Infinity":9,"b:97:10:98:Infinity:undefined:undefined:undefined:undefined":10,"s:97:10:98:Infinity":52,"s:98:12:98:Infinity":53,"s:99:10:101:Infinity":54,"s:102:10:102:Infinity":55,"b:104:8:108:Infinity:undefined:undefined:undefined:undefined":11,"s:104:8:108:Infinity":56,"s:105:10:105:Infinity":57,"f:105:29:105:38":5,"s:105:48:105:60":58,"b:106:10:106:Infinity:undefined:undefined:undefined:undefined":12,"s:106:10:106:Infinity":59,"s:106:27:106:Infinity":60,"f:106:49:106:61":6,"s:107:10:107:Infinity":61,"b:109:8:117:Infinity:undefined:undefined:undefined:undefined":13,"s:109:8:117:Infinity":62,"s:110:10:116:Infinity":63,"s:111:12:111:Infinity":64,"s:113:12:115:Infinity":65,"b:118:8:118:Infinity:undefined:undefined:undefined:undefined":14,"s:118:8:118:Infinity":66,"s:118:23:118:Infinity":67,"s:119:25:119:Infinity":68,"s:120:8:120:Infinity":69,"s:121:8:121:Infinity":70,"s:122:8:122:Infinity":71,"s:123:8:123:Infinity":72,"s:124:23:124:Infinity":73,"s:125:14:200:Infinity":74,"f:125:14:125:29":7,"b:126:10:126:Infinity:undefined:undefined:undefined:undefined":15,"s:126:10:126:Infinity":75,"s:126:25:126:Infinity":76,"b:127:10:157:Infinity:undefined:undefined:undefined:undefined":16,"s:127:10:157:Infinity":77,"s:128:12:128:Infinity":78,"s:129:33:133:Infinity":79,"b:134:12:156:Infinity:undefined:undefined:undefined:undefined":17,"s:134:12:156:Infinity":80,"s:135:14:135:Infinity":81,"b:136:14:136:Infinity:undefined:undefined:undefined:undefined":18,"s:136:14:136:Infinity":82,"s:136:41:136:Infinity":83,"s:137:33:139:Infinity":84,"f:137:49:137:Infinity":8,"s:138:33:138:Infinity":85,"s:140:33:140:Infinity":86,"s:141:14:143:Infinity":87,"b:142:18:142:Infinity:143:18:143:Infinity":19,"s:145:16:145:Infinity":88,"b:145:16:145:37:145:37:145:Infinity":20,"s:146:14:146:Infinity":89,"s:147:14:147:Infinity":90,"b:148:14:153:Infinity:undefined:undefined:undefined:undefined":21,"s:148:14:153:Infinity":91,"s:149:16:149:Infinity":92,"s:150:16:150:Infinity":93,"s:151:16:151:Infinity":94,"s:152:16:152:Infinity":95,"s:154:14:154:Infinity":96,"s:155:14:155:Infinity":97,"b:158:10:165:Infinity:undefined:undefined:undefined:undefined":22,"s:158:10:165:Infinity":98,"s:159:12:159:Infinity":99,"b:160:12:164:Infinity:undefined:undefined:undefined:undefined":23,"s:160:12:164:Infinity":100,"b:160:16:160:34:160:34:160:66":24,"s:161:14:161:Infinity":101,"s:162:14:162:Infinity":102,"s:163:14:163:Infinity":103,"b:166:10:169:Infinity:undefined:undefined:undefined:undefined":25,"s:166:10:169:Infinity":104,"b:166:14:166:29:166:29:166:55":26,"s:167:12:167:Infinity":105,"s:168:12:168:Infinity":106,"b:170:10:197:Infinity:185:17:197:Infinity":27,"s:170:10:197:Infinity":107,"s:171:35:174:Infinity":108,"s:175:28:175:Infinity":109,"s:176:31:176:Infinity":110,"s:177:12:180:Infinity":111,"b:181:12:184:Infinity:undefined:undefined:undefined:undefined":28,"s:181:12:184:Infinity":112,"s:182:14:182:Infinity":113,"s:183:14:183:Infinity":114,"b:185:17:197:Infinity:undefined:undefined:undefined:undefined":29,"s:185:17:197:Infinity":115,"s:186:33:186:Infinity":116,"b:187:12:190:Infinity:undefined:undefined:undefined:undefined":30,"s:187:12:190:Infinity":117,"s:188:14:188:Infinity":118,"s:189:14:189:Infinity":119,"b:191:12:196:Infinity:undefined:undefined:undefined:undefined":31,"s:191:12:196:Infinity":120,"s:192:14:192:Infinity":121,"s:193:14:193:Infinity":122,"s:194:14:194:Infinity":123,"s:195:14:195:Infinity":124,"s:198:10:198:Infinity":125,"s:199:10:199:Infinity":126,"s:201:8:201:Infinity":127,"b:203:8:203:Infinity:undefined:undefined:undefined:undefined":32,"s:203:8:203:Infinity":128,"s:203:24:203:Infinity":129,"s:206:4:206:Infinity":130,"s:207:4:217:Infinity":131,"f:207:4:207:17":9,"s:208:6:208:Infinity":132,"s:209:6:209:Infinity":133,"s:210:6:214:Infinity":134,"s:211:8:211:Infinity":135,"b:215:6:215:Infinity:undefined:undefined:undefined:undefined":33,"s:215:6:215:Infinity":136,"s:215:22:215:Infinity":137,"f:215:42:215:51":10,"s:215:61:215:73":138,"b:216:6:216:Infinity:undefined:undefined:undefined:undefined":34,"s:216:6:216:Infinity":139,"s:216:23:216:Infinity":140,"f:216:42:216:54":11,"s:219:2:224:Infinity":141},"fnNames":{}}}
}
