{"E:\\Git\\karaoke\\front\\src\\pages\\Library\\utils.js": {"path":"E:\\Git\\karaoke\\front\\src\\pages\\Library\\utils.js","statementMap":{"0":{"start":{"line":4,"column":2},"end":{"line":4,"column":null}},"1":{"start":{"line":4,"column":14},"end":{"line":4,"column":null}},"2":{"start":{"line":5,"column":15},"end":{"line":5,"column":null}},"3":{"start":{"line":6,"column":2},"end":{"line":6,"column":null}},"4":{"start":{"line":9,"column":16},"end":{"line":9,"column":null}},"5":{"start":{"line":10,"column":2},"end":{"line":11,"column":null}},"6":{"start":{"line":11,"column":4},"end":{"line":11,"column":null}},"7":{"start":{"line":12,"column":18},"end":{"line":12,"column":null}},"8":{"start":{"line":13,"column":2},"end":{"line":13,"column":null}},"9":{"start":{"line":13,"column":16},"end":{"line":13,"column":null}},"10":{"start":{"line":14,"column":18},"end":{"line":14,"column":null}},"11":{"start":{"line":15,"column":27},"end":{"line":15,"column":null}},"12":{"start":{"line":16,"column":2},"end":{"line":23,"column":null}},"13":{"start":{"line":26,"column":14},"end":{"line":26,"column":null}},"14":{"start":{"line":27,"column":16},"end":{"line":27,"column":null}},"15":{"start":{"line":28,"column":2},"end":{"line":28,"column":null}},"16":{"start":{"line":28,"column":31},"end":{"line":28,"column":null}},"17":{"start":{"line":29,"column":2},"end":{"line":29,"column":null}},"18":{"start":{"line":32,"column":2},"end":{"line":33,"column":null}},"19":{"start":{"line":37,"column":2},"end":{"line":39,"column":null}},"20":{"start":{"line":39,"column":25},"end":{"line":39,"column":71}},"21":{"start":{"line":43,"column":2},"end":{"line":43,"column":null}},"22":{"start":{"line":43,"column":49},"end":{"line":43,"column":null}},"23":{"start":{"line":44,"column":17},"end":{"line":44,"column":null}},"24":{"start":{"line":45,"column":2},"end":{"line":55,"column":null}},"25":{"start":{"line":46,"column":4},"end":{"line":54,"column":null}},"26":{"start":{"line":58,"column":17},"end":{"line":58,"column":null}},"27":{"start":{"line":59,"column":2},"end":{"line":63,"column":null}},"28":{"start":{"line":61,"column":18},"end":{"line":61,"column":null}},"29":{"start":{"line":66,"column":2},"end":{"line":68,"column":null}},"30":{"start":{"line":67,"column":4},"end":{"line":67,"column":null}},"31":{"start":{"line":67,"column":38},"end":{"line":67,"column":70}},"32":{"start":{"line":69,"column":2},"end":{"line":69,"column":null}},"33":{"start":{"line":73,"column":4},"end":{"line":73,"column":null}},"34":{"start":{"line":74,"column":17},"end":{"line":74,"column":null}},"35":{"start":{"line":75,"column":2},"end":{"line":75,"column":null}},"36":{"start":{"line":75,"column":24},"end":{"line":75,"column":null}},"37":{"start":{"line":76,"column":2},"end":{"line":82,"column":null}},"38":{"start":{"line":77,"column":4},"end":{"line":81,"column":null}},"39":{"start":{"line":78,"column":25},"end":{"line":78,"column":66}},"40":{"start":{"line":85,"column":2},"end":{"line":87,"column":null}},"41":{"start":{"line":86,"column":29},"end":{"line":86,"column":52}},"42":{"start":{"line":90,"column":17},"end":{"line":90,"column":null}},"43":{"start":{"line":91,"column":2},"end":{"line":95,"column":null}}},"fnMap":{"0":{"name":"formatLibraryDate","decl":{"start":{"line":3,"column":16},"end":{"line":3,"column":34}},"loc":{"start":{"line":3,"column":59},"end":{"line":7,"column":null}},"line":3},"1":{"name":"formatEta","decl":{"start":{"line":8,"column":16},"end":{"line":8,"column":26}},"loc":{"start":{"line":8,"column":35},"end":{"line":24,"column":null}},"line":8},"2":{"name":"getProcessingProgress","decl":{"start":{"line":25,"column":16},"end":{"line":25,"column":38}},"loc":{"start":{"line":25,"column":52},"end":{"line":30,"column":null}},"line":25},"3":{"name":"isProcessingActive","decl":{"start":{"line":31,"column":16},"end":{"line":31,"column":35}},"loc":{"start":{"line":31,"column":43},"end":{"line":35,"column":null}},"line":31},"4":{"name":"hasActiveSongProcessing","decl":{"start":{"line":36,"column":16},"end":{"line":36,"column":40}},"loc":{"start":{"line":36,"column":47},"end":{"line":41,"column":null}},"line":36},"5":{"name":"(anonymous_5)","decl":{"start":{"line":39,"column":10},"end":{"line":39,"column":16}},"loc":{"start":{"line":39,"column":25},"end":{"line":39,"column":71}},"line":39},"6":{"name":"mergeSongProcessingStatus","decl":{"start":{"line":42,"column":16},"end":{"line":42,"column":42}},"loc":{"start":{"line":42,"column":57},"end":{"line":56,"column":null}},"line":42},"7":{"name":"(anonymous_7)","decl":{"start":{"line":45,"column":15},"end":{"line":45,"column":20}},"loc":{"start":{"line":46,"column":4},"end":{"line":54,"column":null}},"line":46},"8":{"name":"getLocalVisibleSongs","decl":{"start":{"line":57,"column":16},"end":{"line":57,"column":37}},"loc":{"start":{"line":57,"column":59},"end":{"line":64,"column":null}},"line":57},"9":{"name":"(anonymous_9)","decl":{"start":{"line":60,"column":12},"end":{"line":60,"column":null}},"loc":{"start":{"line":61,"column":18},"end":{"line":61,"column":null}},"line":61},"10":{"name":"resolveVisibleSongs","decl":{"start":{"line":65,"column":16},"end":{"line":65,"column":36}},"loc":{"start":{"line":65,"column":69},"end":{"line":70,"column":null}},"line":65},"11":{"name":"(anonymous_11)","decl":{"start":{"line":67,"column":21},"end":{"line":67,"column":29}},"loc":{"start":{"line":67,"column":38},"end":{"line":67,"column":70}},"line":67},"12":{"name":"filterSongs","decl":{"start":{"line":71,"column":16},"end":{"line":71,"column":28}},"loc":{"start":{"line":71,"column":42},"end":{"line":83,"column":null}},"line":71},"13":{"name":"(anonymous_13)","decl":{"start":{"line":76,"column":16},"end":{"line":76,"column":24}},"loc":{"start":{"line":77,"column":4},"end":{"line":81,"column":null}},"line":77},"14":{"name":"(anonymous_14)","decl":{"start":{"line":78,"column":7},"end":{"line":78,"column":15}},"loc":{"start":{"line":78,"column":25},"end":{"line":78,"column":66}},"line":78},"15":{"name":"countReadySongs","decl":{"start":{"line":84,"column":16},"end":{"line":84,"column":32}},"loc":{"start":{"line":84,"column":39},"end":{"line":88,"column":null}},"line":84},"16":{"name":"(anonymous_16)","decl":{"start":{"line":86,"column":12},"end":{"line":86,"column":20}},"loc":{"start":{"line":86,"column":29},"end":{"line":86,"column":52}},"line":86},"17":{"name":"getSongCardState","decl":{"start":{"line":89,"column":16},"end":{"line":89,"column":33}},"loc":{"start":{"line":89,"column":39},"end":{"line":96,"column":null}},"line":89}},"branchMap":{"0":{"loc":{"start":{"line":3,"column":41},"end":{"line":3,"column":59}},"type":"default-arg","locations":[{"start":{"line":3,"column":50},"end":{"line":3,"column":59}}],"line":3},"1":{"loc":{"start":{"line":4,"column":2},"end":{"line":4,"column":null}},"type":"if","locations":[{"start":{"line":4,"column":2},"end":{"line":4,"column":null}},{"start":{},"end":{}}],"line":4},"2":{"loc":{"start":{"line":6,"column":9},"end":{"line":6,"column":null}},"type":"cond-expr","locations":[{"start":{"line":6,"column":40},"end":{"line":6,"column":46}},{"start":{"line":6,"column":46},"end":{"line":6,"column":null}}],"line":6},"3":{"loc":{"start":{"line":10,"column":2},"end":{"line":11,"column":null}},"type":"if","locations":[{"start":{"line":10,"column":2},"end":{"line":11,"column":null}},{"start":{},"end":{}}],"line":10},"4":{"loc":{"start":{"line":10,"column":6},"end":{"line":10,"column":null}},"type":"binary-expr","locations":[{"start":{"line":10,"column":6},"end":{"line":10,"column":33}},{"start":{"line":10,"column":33},"end":{"line":10,"column":null}}],"line":10},"5":{"loc":{"start":{"line":13,"column":2},"end":{"line":13,"column":null}},"type":"if","locations":[{"start":{"line":13,"column":2},"end":{"line":13,"column":null}},{"start":{},"end":{}}],"line":13},"6":{"loc":{"start":{"line":16,"column":9},"end":{"line":23,"column":null}},"type":"cond-expr","locations":[{"start":{"line":17,"column":6},"end":{"line":20,"column":null}},{"start":{"line":21,"column":6},"end":{"line":23,"column":null}}],"line":16},"7":{"loc":{"start":{"line":26,"column":14},"end":{"line":26,"column":null}},"type":"binary-expr","locations":[{"start":{"line":26,"column":14},"end":{"line":26,"column":42}},{"start":{"line":26,"column":42},"end":{"line":26,"column":68}},{"start":{"line":26,"column":68},"end":{"line":26,"column":null}}],"line":26},"8":{"loc":{"start":{"line":28,"column":2},"end":{"line":28,"column":null}},"type":"if","locations":[{"start":{"line":28,"column":2},"end":{"line":28,"column":null}},{"start":{},"end":{}}],"line":28},"9":{"loc":{"start":{"line":33,"column":4},"end":{"line":33,"column":null}},"type":"binary-expr","locations":[{"start":{"line":33,"column":4},"end":{"line":33,"column":31}},{"start":{"line":33,"column":31},"end":{"line":33,"column":54}},{"start":{"line":33,"column":54},"end":{"line":33,"column":null}}],"line":33},"10":{"loc":{"start":{"line":38,"column":4},"end":{"line":39,"column":null}},"type":"binary-expr","locations":[{"start":{"line":38,"column":4},"end":{"line":38,"column":null}},{"start":{"line":39,"column":4},"end":{"line":39,"column":null}}],"line":38},"11":{"loc":{"start":{"line":39,"column":51},"end":{"line":39,"column":69}},"type":"binary-expr","locations":[{"start":{"line":39,"column":51},"end":{"line":39,"column":67}},{"start":{"line":39,"column":67},"end":{"line":39,"column":69}}],"line":39},"12":{"loc":{"start":{"line":43,"column":2},"end":{"line":43,"column":null}},"type":"if","locations":[{"start":{"line":43,"column":2},"end":{"line":43,"column":null}},{"start":{},"end":{}}],"line":43},"13":{"loc":{"start":{"line":43,"column":6},"end":{"line":43,"column":49}},"type":"binary-expr","locations":[{"start":{"line":43,"column":6},"end":{"line":43,"column":31}},{"start":{"line":43,"column":31},"end":{"line":43,"column":49}}],"line":43},"14":{"loc":{"start":{"line":43,"column":56},"end":{"line":43,"column":null}},"type":"binary-expr","locations":[{"start":{"line":43,"column":56},"end":{"line":43,"column":65}},{"start":{"line":43,"column":65},"end":{"line":43,"column":null}}],"line":43},"15":{"loc":{"start":{"line":46,"column":4},"end":{"line":54,"column":null}},"type":"cond-expr","locations":[{"start":{"line":47,"column":8},"end":{"line":53,"column":null}},{"start":{"line":54,"column":8},"end":{"line":54,"column":null}}],"line":46},"16":{"loc":{"start":{"line":49,"column":18},"end":{"line":49,"column":null}},"type":"binary-expr","locations":[{"start":{"line":49,"column":18},"end":{"line":49,"column":35}},{"start":{"line":49,"column":35},"end":{"line":49,"column":null}}],"line":49},"17":{"loc":{"start":{"line":50,"column":25},"end":{"line":50,"column":null}},"type":"binary-expr","locations":[{"start":{"line":50,"column":25},"end":{"line":50,"column":49}},{"start":{"line":50,"column":49},"end":{"line":50,"column":null}}],"line":50},"18":{"loc":{"start":{"line":51,"column":28},"end":{"line":51,"column":null}},"type":"binary-expr","locations":[{"start":{"line":51,"column":28},"end":{"line":51,"column":55}},{"start":{"line":51,"column":55},"end":{"line":51,"column":null}}],"line":51},"19":{"loc":{"start":{"line":52,"column":25},"end":{"line":52,"column":null}},"type":"binary-expr","locations":[{"start":{"line":52,"column":25},"end":{"line":52,"column":49}},{"start":{"line":52,"column":49},"end":{"line":52,"column":null}}],"line":52},"20":{"loc":{"start":{"line":58,"column":17},"end":{"line":58,"column":null}},"type":"cond-expr","locations":[{"start":{"line":58,"column":48},"end":{"line":58,"column":64}},{"start":{"line":58,"column":64},"end":{"line":58,"column":null}}],"line":58},"21":{"loc":{"start":{"line":59,"column":9},"end":{"line":63,"column":null}},"type":"cond-expr","locations":[{"start":{"line":60,"column":6},"end":{"line":62,"column":null}},{"start":{"line":63,"column":6},"end":{"line":63,"column":null}}],"line":59},"22":{"loc":{"start":{"line":61,"column":18},"end":{"line":61,"column":null}},"type":"binary-expr","locations":[{"start":{"line":61,"column":18},"end":{"line":61,"column":26}},{"start":{"line":61,"column":26},"end":{"line":61,"column":54}},{"start":{"line":61,"column":54},"end":{"line":61,"column":null}}],"line":61},"23":{"loc":{"start":{"line":66,"column":2},"end":{"line":68,"column":null}},"type":"if","locations":[{"start":{"line":66,"column":2},"end":{"line":68,"column":null}},{"start":{},"end":{}}],"line":66},"24":{"loc":{"start":{"line":66,"column":6},"end":{"line":66,"column":54}},"type":"binary-expr","locations":[{"start":{"line":66,"column":6},"end":{"line":66,"column":14}},{"start":{"line":66,"column":14},"end":{"line":66,"column":28}},{"start":{"line":66,"column":28},"end":{"line":66,"column":54}}],"line":66},"25":{"loc":{"start":{"line":67,"column":38},"end":{"line":67,"column":70}},"type":"binary-expr","locations":[{"start":{"line":67,"column":38},"end":{"line":67,"column":46}},{"start":{"line":67,"column":46},"end":{"line":67,"column":70}}],"line":67},"26":{"loc":{"start":{"line":69,"column":9},"end":{"line":69,"column":null}},"type":"cond-expr","locations":[{"start":{"line":69,"column":37},"end":{"line":69,"column":50}},{"start":{"line":69,"column":50},"end":{"line":69,"column":null}}],"line":69},"27":{"loc":{"start":{"line":73,"column":4},"end":{"line":73,"column":null}},"type":"cond-expr","locations":[{"start":{"line":73,"column":32},"end":{"line":73,"column":61}},{"start":{"line":73,"column":61},"end":{"line":73,"column":null}}],"line":73},"28":{"loc":{"start":{"line":74,"column":17},"end":{"line":74,"column":null}},"type":"cond-expr","locations":[{"start":{"line":74,"column":40},"end":{"line":74,"column":48}},{"start":{"line":74,"column":48},"end":{"line":74,"column":null}}],"line":74},"29":{"loc":{"start":{"line":75,"column":2},"end":{"line":75,"column":null}},"type":"if","locations":[{"start":{"line":75,"column":2},"end":{"line":75,"column":null}},{"start":{},"end":{}}],"line":75},"30":{"loc":{"start":{"line":78,"column":25},"end":{"line":78,"column":66}},"type":"binary-expr","locations":[{"start":{"line":78,"column":25},"end":{"line":78,"column":54}},{"start":{"line":78,"column":54},"end":{"line":78,"column":66}}],"line":78},"31":{"loc":{"start":{"line":85,"column":9},"end":{"line":87,"column":null}},"type":"cond-expr","locations":[{"start":{"line":86,"column":6},"end":{"line":86,"column":null}},{"start":{"line":87,"column":6},"end":{"line":87,"column":null}}],"line":85},"32":{"loc":{"start":{"line":90,"column":17},"end":{"line":90,"column":null}},"type":"cond-expr","locations":[{"start":{"line":90,"column":52},"end":{"line":90,"column":66}},{"start":{"line":90,"column":66},"end":{"line":90,"column":null}}],"line":90}},"s":{"0":3,"1":1,"2":2,"3":2,"4":4,"5":4,"6":1,"7":3,"8":3,"9":1,"10":2,"11":2,"12":2,"13":4,"14":4,"15":4,"16":1,"17":3,"18":6,"19":2,"20":2,"21":3,"22":1,"23":2,"24":2,"25":3,"26":3,"27":3,"28":4,"29":3,"30":1,"31":2,"32":2,"33":3,"34":3,"35":3,"36":2,"37":1,"38":2,"39":6,"40":2,"41":2,"42":2,"43":2},"f":{"0":3,"1":4,"2":4,"3":6,"4":2,"5":2,"6":3,"7":3,"8":3,"9":4,"10":3,"11":2,"12":3,"13":2,"14":6,"15":2,"16":2,"17":2},"b":{"0":[3],"1":[1,2],"2":[1,1],"3":[1,3],"4":[4,3],"5":[1,2],"6":[1,1],"7":[4,3,1],"8":[1,3],"9":[6,6,5],"10":[2,2],"11":[2,1],"12":[1,2],"13":[3,2],"14":[1,1],"15":[2,1],"16":[2,1],"17":[2,2],"18":[2,1],"19":[2,2],"20":[1,2],"21":[2,1],"22":[4,4,4],"23":[1,2],"24":[3,2,1],"25":[2,1],"26":[1,1],"27":[2,1],"28":[2,1],"29":[2,1],"30":[6,3],"31":[1,1],"32":[1,1]},"meta":{"lastBranch":33,"lastFunction":18,"lastStatement":44,"seen":{"f:3:16:3:34":0,"b:3:50:3:59":0,"b:4:2:4:Infinity:undefined:undefined:undefined:undefined":1,"s:4:2:4:Infinity":0,"s:4:14:4:Infinity":1,"s:5:15:5:Infinity":2,"s:6:2:6:Infinity":3,"b:6:40:6:46:6:46:6:Infinity":2,"f:8:16:8:26":1,"s:9:16:9:Infinity":4,"b:10:2:11:Infinity:undefined:undefined:undefined:undefined":3,"s:10:2:11:Infinity":5,"b:10:6:10:33:10:33:10:Infinity":4,"s:11:4:11:Infinity":6,"s:12:18:12:Infinity":7,"b:13:2:13:Infinity:undefined:undefined:undefined:undefined":5,"s:13:2:13:Infinity":8,"s:13:16:13:Infinity":9,"s:14:18:14:Infinity":10,"s:15:27:15:Infinity":11,"s:16:2:23:Infinity":12,"b:17:6:20:Infinity:21:6:23:Infinity":6,"f:25:16:25:38":2,"s:26:14:26:Infinity":13,"b:26:14:26:42:26:42:26:68:26:68:26:Infinity":7,"s:27:16:27:Infinity":14,"b:28:2:28:Infinity:undefined:undefined:undefined:undefined":8,"s:28:2:28:Infinity":15,"s:28:31:28:Infinity":16,"s:29:2:29:Infinity":17,"f:31:16:31:35":3,"s:32:2:33:Infinity":18,"b:33:4:33:31:33:31:33:54:33:54:33:Infinity":9,"f:36:16:36:40":4,"s:37:2:39:Infinity":19,"b:38:4:38:Infinity:39:4:39:Infinity":10,"f:39:10:39:16":5,"s:39:25:39:71":20,"b:39:51:39:67:39:67:39:69":11,"f:42:16:42:42":6,"b:43:2:43:Infinity:undefined:undefined:undefined:undefined":12,"s:43:2:43:Infinity":21,"b:43:6:43:31:43:31:43:49":13,"s:43:49:43:Infinity":22,"b:43:56:43:65:43:65:43:Infinity":14,"s:44:17:44:Infinity":23,"s:45:2:55:Infinity":24,"f:45:15:45:20":7,"s:46:4:54:Infinity":25,"b:47:8:53:Infinity:54:8:54:Infinity":15,"b:49:18:49:35:49:35:49:Infinity":16,"b:50:25:50:49:50:49:50:Infinity":17,"b:51:28:51:55:51:55:51:Infinity":18,"b:52:25:52:49:52:49:52:Infinity":19,"f:57:16:57:37":8,"s:58:17:58:Infinity":26,"b:58:48:58:64:58:64:58:Infinity":20,"s:59:2:63:Infinity":27,"b:60:6:62:Infinity:63:6:63:Infinity":21,"f:60:12:60:Infinity":9,"s:61:18:61:Infinity":28,"b:61:18:61:26:61:26:61:54:61:54:61:Infinity":22,"f:65:16:65:36":10,"b:66:2:68:Infinity:undefined:undefined:undefined:undefined":23,"s:66:2:68:Infinity":29,"b:66:6:66:14:66:14:66:28:66:28:66:54":24,"s:67:4:67:Infinity":30,"f:67:21:67:29":11,"s:67:38:67:70":31,"b:67:38:67:46:67:46:67:70":25,"s:69:2:69:Infinity":32,"b:69:37:69:50:69:50:69:Infinity":26,"f:71:16:71:28":12,"s:73:4:73:Infinity":33,"b:73:32:73:61:73:61:73:Infinity":27,"s:74:17:74:Infinity":34,"b:74:40:74:48:74:48:74:Infinity":28,"b:75:2:75:Infinity:undefined:undefined:undefined:undefined":29,"s:75:2:75:Infinity":35,"s:75:24:75:Infinity":36,"s:76:2:82:Infinity":37,"f:76:16:76:24":13,"s:77:4:81:Infinity":38,"f:78:7:78:15":14,"s:78:25:78:66":39,"b:78:25:78:54:78:54:78:66":30,"f:84:16:84:32":15,"s:85:2:87:Infinity":40,"b:86:6:86:Infinity:87:6:87:Infinity":31,"f:86:12:86:20":16,"s:86:29:86:52":41,"f:89:16:89:33":17,"s:90:17:90:Infinity":42,"b:90:52:90:66:90:66:90:Infinity":32,"s:91:2:95:Infinity":43},"fnNames":{}}}
,"E:\\Git\\karaoke\\front\\src\\utils\\storage.js": {"path":"E:\\Git\\karaoke\\front\\src\\utils\\storage.js","statementMap":{"0":{"start":{"line":2,"column":2},"end":{"line":6,"column":null}},"1":{"start":{"line":3,"column":4},"end":{"line":3,"column":null}},"2":{"start":{"line":5,"column":4},"end":{"line":5,"column":null}},"3":{"start":{"line":14,"column":2},"end":{"line":25,"column":null}},"4":{"start":{"line":15,"column":26},"end":{"line":15,"column":null}},"5":{"start":{"line":16,"column":4},"end":{"line":16,"column":null}},"6":{"start":{"line":16,"column":24},"end":{"line":16,"column":null}},"7":{"start":{"line":17,"column":16},"end":{"line":17,"column":null}},"8":{"start":{"line":18,"column":4},"end":{"line":18,"column":null}},"9":{"start":{"line":18,"column":14},"end":{"line":18,"column":null}},"10":{"start":{"line":19,"column":19},"end":{"line":19,"column":null}},"11":{"start":{"line":20,"column":4},"end":{"line":22,"column":null}},"12":{"start":{"line":24,"column":4},"end":{"line":24,"column":null}},"13":{"start":{"line":29,"column":2},"end":{"line":39,"column":null}},"14":{"start":{"line":30,"column":26},"end":{"line":30,"column":null}},"15":{"start":{"line":31,"column":4},"end":{"line":31,"column":null}},"16":{"start":{"line":31,"column":24},"end":{"line":31,"column":null}},"17":{"start":{"line":32,"column":23},"end":{"line":32,"column":null}},"18":{"start":{"line":33,"column":4},"end":{"line":33,"column":null}},"19":{"start":{"line":33,"column":34},"end":{"line":33,"column":null}},"20":{"start":{"line":34,"column":4},"end":{"line":34,"column":null}},"21":{"start":{"line":34,"column":48},"end":{"line":34,"column":null}},"22":{"start":{"line":35,"column":4},"end":{"line":35,"column":null}},"23":{"start":{"line":36,"column":4},"end":{"line":36,"column":null}},"24":{"start":{"line":38,"column":4},"end":{"line":38,"column":null}}},"fnMap":{"0":{"name":"getBrowserStorage","decl":{"start":{"line":1,"column":16},"end":{"line":1,"column":36}},"loc":{"start":{"line":1,"column":36},"end":{"line":7,"column":null}},"line":1},"1":{"name":"readJsonStorage","decl":{"start":{"line":9,"column":16},"end":{"line":9,"column":null}},"loc":{"start":{"line":13,"column":2},"end":{"line":26,"column":null}},"line":13},"2":{"name":"writeJsonStorage","decl":{"start":{"line":28,"column":16},"end":{"line":28,"column":33}},"loc":{"start":{"line":28,"column":76},"end":{"line":40,"column":null}},"line":28}},"branchMap":{"0":{"loc":{"start":{"line":11,"column":2},"end":{"line":11,"column":null}},"type":"default-arg","locations":[{"start":{"line":11,"column":13},"end":{"line":11,"column":null}}],"line":11},"1":{"loc":{"start":{"line":12,"column":2},"end":{"line":12,"column":null}},"type":"default-arg","locations":[{"start":{"line":12,"column":12},"end":{"line":12,"column":null}}],"line":12},"2":{"loc":{"start":{"line":15,"column":33},"end":{"line":15,"column":42}},"type":"binary-expr","locations":[{"start":{"line":15,"column":33},"end":{"line":15,"column":40}},{"start":{"line":15,"column":40},"end":{"line":15,"column":42}}],"line":15},"3":{"loc":{"start":{"line":16,"column":4},"end":{"line":16,"column":null}},"type":"if","locations":[{"start":{"line":16,"column":4},"end":{"line":16,"column":null}},{"start":{},"end":{}}],"line":16},"4":{"loc":{"start":{"line":18,"column":4},"end":{"line":18,"column":null}},"type":"if","locations":[{"start":{"line":18,"column":4},"end":{"line":18,"column":null}},{"start":{},"end":{}}],"line":18},"5":{"loc":{"start":{"line":20,"column":11},"end":{"line":22,"column":null}},"type":"cond-expr","locations":[{"start":{"line":21,"column":8},"end":{"line":21,"column":null}},{"start":{"line":22,"column":8},"end":{"line":22,"column":null}}],"line":20},"6":{"loc":{"start":{"line":20,"column":11},"end":{"line":20,"column":null}},"type":"binary-expr","locations":[{"start":{"line":20,"column":11},"end":{"line":20,"column":21}},{"start":{"line":20,"column":21},"end":{"line":20,"column":51}},{"start":{"line":20,"column":51},"end":{"line":20,"column":null}}],"line":20},"7":{"loc":{"start":{"line":28,"column":45},"end":{"line":28,"column":76}},"type":"default-arg","locations":[{"start":{"line":28,"column":55},"end":{"line":28,"column":76}}],"line":28},"8":{"loc":{"start":{"line":30,"column":33},"end":{"line":30,"column":42}},"type":"binary-expr","locations":[{"start":{"line":30,"column":33},"end":{"line":30,"column":40}},{"start":{"line":30,"column":40},"end":{"line":30,"column":42}}],"line":30},"9":{"loc":{"start":{"line":31,"column":4},"end":{"line":31,"column":null}},"type":"if","locations":[{"start":{"line":31,"column":4},"end":{"line":31,"column":null}},{"start":{},"end":{}}],"line":31},"10":{"loc":{"start":{"line":33,"column":4},"end":{"line":33,"column":null}},"type":"if","locations":[{"start":{"line":33,"column":4},"end":{"line":33,"column":null}},{"start":{},"end":{}}],"line":33},"11":{"loc":{"start":{"line":34,"column":4},"end":{"line":34,"column":null}},"type":"if","locations":[{"start":{"line":34,"column":4},"end":{"line":34,"column":null}},{"start":{},"end":{}}],"line":34}},"s":{"0":3,"1":3,"2":1,"3":6,"4":6,"5":6,"6":1,"7":5,"8":6,"9":0,"10":5,"11":5,"12":1,"13":6,"14":6,"15":6,"16":1,"17":5,"18":5,"19":1,"20":3,"21":2,"22":1,"23":1,"24":1},"f":{"0":3,"1":6,"2":6},"b":{"0":[6],"1":[6],"2":[6,0],"3":[1,5],"4":[0,6],"5":[1,3],"6":[5,3,2],"7":[6],"8":[6,0],"9":[1,5],"10":[1,4],"11":[2,1]},"meta":{"lastBranch":12,"lastFunction":3,"lastStatement":25,"seen":{"f:1:16:1:36":0,"s:2:2:6:Infinity":0,"s:3:4:3:Infinity":1,"s:5:4:5:Infinity":2,"f:9:16:9:Infinity":1,"b:11:13:11:Infinity":0,"b:12:12:12:Infinity":1,"s:14:2:25:Infinity":3,"s:15:26:15:Infinity":4,"b:15:33:15:40:15:40:15:42":2,"b:16:4:16:Infinity:undefined:undefined:undefined:undefined":3,"s:16:4:16:Infinity":5,"s:16:24:16:Infinity":6,"s:17:16:17:Infinity":7,"b:18:4:18:Infinity:undefined:undefined:undefined:undefined":4,"s:18:4:18:Infinity":8,"s:18:14:18:Infinity":9,"s:19:19:19:Infinity":10,"s:20:4:22:Infinity":11,"b:21:8:21:Infinity:22:8:22:Infinity":5,"b:20:11:20:21:20:21:20:51:20:51:20:Infinity":6,"s:24:4:24:Infinity":12,"f:28:16:28:33":2,"b:28:55:28:76":7,"s:29:2:39:Infinity":13,"s:30:26:30:Infinity":14,"b:30:33:30:40:30:40:30:42":8,"b:31:4:31:Infinity:undefined:undefined:undefined:undefined":9,"s:31:4:31:Infinity":15,"s:31:24:31:Infinity":16,"s:32:23:32:Infinity":17,"b:33:4:33:Infinity:undefined:undefined:undefined:undefined":10,"s:33:4:33:Infinity":18,"s:33:34:33:Infinity":19,"b:34:4:34:Infinity:undefined:undefined:undefined:undefined":11,"s:34:4:34:Infinity":20,"s:34:48:34:Infinity":21,"s:35:4:35:Infinity":22,"s:36:4:36:Infinity":23,"s:38:4:38:Infinity":24},"fnNames":{}}}
}
